<html>
<head>
<title>TestNG:  Default test</title>
<link href="../testng.css" rel="stylesheet" type="text/css" />
<link href="../my-testng.css" rel="stylesheet" type="text/css" />

<style type="text/css">
.log { display: none;} 
.stack-trace { display: none;} 
</style>
<script type="text/javascript">
<!--
function flip(e) {
  current = e.style.display;
  if (current == 'block') {
    e.style.display = 'none';
    return 0;
  }
  else {
    e.style.display = 'block';
    return 1;
  }
}

function toggleBox(szDivId, elem, msg1, msg2)
{
  var res = -1;  if (document.getElementById) {
    res = flip(document.getElementById(szDivId));
  }
  else if (document.all) {
    // this is the way old msie versions work
    res = flip(document.all[szDivId]);
  }
  if(elem) {
    if(res == 0) elem.innerHTML = msg1; else elem.innerHTML = msg2;
  }

}

function toggleAllBoxes() {
  if (document.getElementsByTagName) {
    d = document.getElementsByTagName('div');
    for (i = 0; i < d.length; i++) {
      if (d[i].className == 'log') {
        flip(d[i]);
      }
    }
  }
}

// -->
</script>

</head>
<body>
<h2 align='center'>Default test</h2><table border='1' align="center">
<tr>
<td>Tests passed/Failed/Skipped:</td><td>1/4/0</td>
</tr><tr>
<td>Started on:</td><td>Mon Jan 22 20:52:22 IST 2024</td>
</tr>
<tr><td>Total time:</td><td>115 seconds (115919 ms)</td>
</tr><tr>
<td>Included groups:</td><td></td>
</tr><tr>
<td>Excluded groups:</td><td></td>
</tr>
</table><p/>
<small><i>(Hover the method name to see the test class name)</i></small><p/>
<table width='100%' border='1' class='invocation-failed'>
<tr><td colspan='4' align='center'><b>FAILED TESTS</b></td></tr>
<tr><td><b>Test method</b></td>
<td><b>Attribute(s)</b></td>
<td width="30%"><b>Exception</b></td>
<td width="10%"><b>Time (seconds)</b></td>
<td><b>Instance</b></td>
</tr>
<tr>
<td title='Runner.registration_testng_runner.runScenario()'><b>runScenario</b><br>Test class: Runner.registration_testng_runner<br>Test method: Runs Cucumber Scenarios<br>Parameters: "Register user with different data", "Test the Register functionality"</td>
<td><div><pre>java.lang.AssertionError: Failure got to catch block
	at org.testng.Assert.fail(Assert.java:110)
	at Steps.RegistrationStepDef.the_user_clicks_on_register(RegistrationStepDef.java:122)
	at ✽.the user clicks on register(file:///C:/Users/Sai/eclipse-workspace/RLL/Demo_Web_Shop/src/test/java/Features/Registration.feature:11)
</pre></div><a href='#' onClick='toggleBox("stack-trace444402847", this, "Click to show all stack frames", "Click to hide stack frames")'>Click to show all stack frames</a>
<div class='stack-trace' id='stack-trace444402847'><pre>java.lang.AssertionError: Failure got to catch block
	at org.testng.Assert.fail(Assert.java:110)
	at Steps.RegistrationStepDef.the_user_clicks_on_register(RegistrationStepDef.java:122)
	at ✽.the user clicks on register(file:///C:/Users/Sai/eclipse-workspace/RLL/Demo_Web_Shop/src/test/java/Features/Registration.feature:11)
</pre></div></td>
<td>25</td>
<td>Runner.registration_testng_runner@2002fc1d</td></tr>
<tr>
<td title='Runner.registration_testng_runner.runScenario()'><b>runScenario</b><br>Test class: Runner.registration_testng_runner<br>Test method: Runs Cucumber Scenarios<br>Parameters: "Register user with different data", "Test the Register functionality"</td>
<td><div><pre>java.lang.AssertionError: Failure got to catch block
	at org.testng.Assert.fail(Assert.java:110)
	at Steps.RegistrationStepDef.the_user_clicks_on_register(RegistrationStepDef.java:122)
	at ✽.the user clicks on register(file:///C:/Users/Sai/eclipse-workspace/RLL/Demo_Web_Shop/src/test/java/Features/Registration.feature:11)
</pre></div><a href='#' onClick='toggleBox("stack-trace15307978", this, "Click to show all stack frames", "Click to hide stack frames")'>Click to show all stack frames</a>
<div class='stack-trace' id='stack-trace15307978'><pre>java.lang.AssertionError: Failure got to catch block
	at org.testng.Assert.fail(Assert.java:110)
	at Steps.RegistrationStepDef.the_user_clicks_on_register(RegistrationStepDef.java:122)
	at ✽.the user clicks on register(file:///C:/Users/Sai/eclipse-workspace/RLL/Demo_Web_Shop/src/test/java/Features/Registration.feature:11)
</pre></div></td>
<td>24</td>
<td>Runner.registration_testng_runner@2002fc1d</td></tr>
<tr>
<td title='Runner.registration_testng_runner.runScenario()'><b>runScenario</b><br>Test class: Runner.registration_testng_runner<br>Test method: Runs Cucumber Scenarios<br>Parameters: "Register user with different data", "Test the Register functionality"</td>
<td><div><pre>java.lang.AssertionError: Failure got to catch block
	at org.testng.Assert.fail(Assert.java:110)
	at Steps.RegistrationStepDef.the_user_clicks_on_register(RegistrationStepDef.java:122)
	at ✽.the user clicks on register(file:///C:/Users/Sai/eclipse-workspace/RLL/Demo_Web_Shop/src/test/java/Features/Registration.feature:11)
</pre></div><a href='#' onClick='toggleBox("stack-trace1722351469", this, "Click to show all stack frames", "Click to hide stack frames")'>Click to show all stack frames</a>
<div class='stack-trace' id='stack-trace1722351469'><pre>java.lang.AssertionError: Failure got to catch block
	at org.testng.Assert.fail(Assert.java:110)
	at Steps.RegistrationStepDef.the_user_clicks_on_register(RegistrationStepDef.java:122)
	at ✽.the user clicks on register(file:///C:/Users/Sai/eclipse-workspace/RLL/Demo_Web_Shop/src/test/java/Features/Registration.feature:11)
</pre></div></td>
<td>19</td>
<td>Runner.registration_testng_runner@2002fc1d</td></tr>
<tr>
<td title='Runner.registration_testng_runner.runScenario()'><b>runScenario</b><br>Test class: Runner.registration_testng_runner<br>Test method: Runs Cucumber Scenarios<br>Parameters: "Register user with different data", "Test the Register functionality"</td>
<td><div><pre>java.lang.AssertionError: Failure got to catch block
	at org.testng.Assert.fail(Assert.java:110)
	at Steps.RegistrationStepDef.the_user_clicks_on_register(RegistrationStepDef.java:122)
	at ✽.the user clicks on register(file:///C:/Users/Sai/eclipse-workspace/RLL/Demo_Web_Shop/src/test/java/Features/Registration.feature:11)
</pre></div><a href='#' onClick='toggleBox("stack-trace125455276", this, "Click to show all stack frames", "Click to hide stack frames")'>Click to show all stack frames</a>
<div class='stack-trace' id='stack-trace125455276'><pre>java.lang.AssertionError: Failure got to catch block
	at org.testng.Assert.fail(Assert.java:110)
	at Steps.RegistrationStepDef.the_user_clicks_on_register(RegistrationStepDef.java:122)
	at ✽.the user clicks on register(file:///C:/Users/Sai/eclipse-workspace/RLL/Demo_Web_Shop/src/test/java/Features/Registration.feature:11)
</pre></div></td>
<td>19</td>
<td>Runner.registration_testng_runner@2002fc1d</td></tr>
</table><p>
<table width='100%' border='1' class='invocation-passed'>
<tr><td colspan='4' align='center'><b>PASSED TESTS</b></td></tr>
<tr><td><b>Test method</b></td>
<td><b>Attribute(s)</b></td>
<td width="30%"><b>Exception</b></td>
<td width="10%"><b>Time (seconds)</b></td>
<td><b>Instance</b></td>
</tr>
<tr>
<td title='Runner.registration_testng_runner.runScenario()'><b>runScenario</b><br>Test class: Runner.registration_testng_runner<br>Test method: Runs Cucumber Scenarios<br>Parameters: "Register user with different data", "Test the Register functionality"</td>
<td></td>
<td>21</td>
<td>Runner.registration_testng_runner@2002fc1d</td></tr>
</table><p>
</body>
</html>