<!DOCTYPE html>

<html>
  <head>
  <meta charset='utf-8'>
  <title>TestNG reports</title>

    <link type="text/css" href="testng-reports1.css" rel="stylesheet" id="ultra" />
    <link type="text/css" href="testng-reports.css" rel="stylesheet" id="retro" disabled="false"/>
    <script type="text/javascript" src="jquery-3.6.0.min.js"></script>
    <script type="text/javascript" src="testng-reports.js"></script>
    <script type="text/javascript" src="https://www.google.com/jsapi"></script>
    <script type='text/javascript'>
      google.load('visualization', '1', {packages:['table']});
      google.setOnLoadCallback(drawTable);
      var suiteTableInitFunctions = new Array();
      var suiteTableData = new Array();
    </script>
    <!--
      <script type="text/javascript" src="jquery-ui/js/jquery-ui-1.8.16.custom.min.js"></script>
     -->
  </head>

  <body>    <div class="top-banner-root">
      <span class="top-banner-title-font">Test results</span>
      <button id="button" class="button">Switch Retro Theme</button> <!-- button -->
      <br/>
      <span class="top-banner-font-1">1 suite, 15 failed tests</span>
    </div> <!-- top-banner-root -->
    <div class="navigator-root">
      <div class="navigator-suite-header">
        <span>All suites</span>
        <a href="#" title="Collapse/expand all the suites" class="collapse-all-link">
          <img src="collapseall.gif" class="collapse-all-icon">
          </img> <!-- collapse-all-icon -->
        </a> <!-- collapse-all-link -->
      </div> <!-- navigator-suite-header -->
      <div class="suite">
        <div class="rounded-window">
          <div class="suite-header light-rounded-window-top">
            <a href="#" panel-name="suite-DemoWebShop_Suite" class="navigator-link">
              <span class="suite-name border-failed">DemoWebShop Suite</span>
            </a> <!-- navigator-link -->
          </div> <!-- suite-header light-rounded-window-top -->
          <div class="navigator-suite-content">
            <div class="suite-section-title">
              <span>Info</span>
            </div> <!-- suite-section-title -->
            <div class="suite-section-content">
              <ul>
                <li>
                  <a href="#" panel-name="test-xml-DemoWebShop_Suite" class="navigator-link ">
                    <span>C:\Users\Sai\eclipse-workspace\RLL\Demo_Web_Shop\src\test\resources\TestNgRunner.xml</span>
                  </a> <!-- navigator-link  -->
                </li>
                <li>
                  <a href="#" panel-name="testlist-DemoWebShop_Suite" class="navigator-link ">
                    <span class="test-stats">1 test</span>
                  </a> <!-- navigator-link  -->
                </li>
                <li>
                  <a href="#" panel-name="group-DemoWebShop_Suite" class="navigator-link ">
                    <span>1 group</span>
                  </a> <!-- navigator-link  -->
                </li>
                <li>
                  <a href="#" panel-name="times-DemoWebShop_Suite" class="navigator-link ">
                    <span>Times</span>
                  </a> <!-- navigator-link  -->
                </li>
                <li>
                  <a href="#" panel-name="reporter-DemoWebShop_Suite" class="navigator-link ">
                    <span>Reporter output</span>
                  </a> <!-- navigator-link  -->
                </li>
                <li>
                  <a href="#" panel-name="ignored-methods-DemoWebShop_Suite" class="navigator-link ">
                    <span>Ignored methods</span>
                  </a> <!-- navigator-link  -->
                </li>
                <li>
                  <a href="#" panel-name="chronological-DemoWebShop_Suite" class="navigator-link ">
                    <span>Chronological view</span>
                  </a> <!-- navigator-link  -->
                </li>
              </ul>
            </div> <!-- suite-section-content -->
            <div class="result-section">
              <div class="suite-section-title">
                <span>Results</span>
              </div> <!-- suite-section-title -->
              <div class="suite-section-content">
                <ul>
                  <li>
                    <span class="method-stats">58 methods, 15 failed,  31 skipped,  12 passed</span>
                  </li>
                  <li>
                    <span class="method-list-title failed">Failed methods</span>
                    <span class="show-or-hide-methods failed">
                      <a href="#" panel-name="suite-DemoWebShop_Suite" class="hide-methods failed suite-DemoWebShop_Suite"> (hide)</a> <!-- hide-methods failed suite-DemoWebShop_Suite -->
                      <a href="#" panel-name="suite-DemoWebShop_Suite" class="show-methods failed suite-DemoWebShop_Suite"> (show)</a> <!-- show-methods failed suite-DemoWebShop_Suite -->
                    </span>
                    <div class="method-list-content failed suite-DemoWebShop_Suite">
                      <span>
                        <img src="failed.png" width="3%"/>
                        <a href="#" panel-name="suite-DemoWebShop_Suite" title="Runner.addorremovefromcart_TestNgRunner" class="method navigator-link" hash-for-method="runScenario(&quot;User confirms all books with &quot;AddToCart&quot; button&quot;, &quot;To Test DemowebShop Add/Remove from cart functio...)">runScenario("User confirms all books with "AddToCart" button", "To Test DemowebShop Add/Remove from cart functio...)</a> <!-- method navigator-link -->
                      </span>
                      <br/>
                      <span>
                        <img src="failed.png" width="3%"/>
                        <a href="#" panel-name="suite-DemoWebShop_Suite" title="Runner.registration_testng_runner" class="method navigator-link" hash-for-method="runScenario(&quot;Register user with different data&quot;, &quot;To Test the DemoWebShop Register functionality&quot;)">runScenario("Register user with different data", "To Test the DemoWebShop Register functionality")</a> <!-- method navigator-link -->
                      </span>
                      <br/>
                      <span>
                        <img src="failed.png" width="3%"/>
                        <a href="#" panel-name="suite-DemoWebShop_Suite" title="Runner.login_testng_runner" class="method navigator-link" hash-for-method="runScenario(&quot;User login with different credentials&quot;, &quot;To Test DemoWebShop Login functionality&quot;)">runScenario("User login with different credentials", "To Test DemoWebShop Login functionality")</a> <!-- method navigator-link -->
                      </span>
                      <br/>
                      <span>
                        <img src="failed.png" width="3%"/>
                        <a href="#" panel-name="suite-DemoWebShop_Suite" title="Runner.login_testng_runner" class="method navigator-link" hash-for-method="runScenario(&quot;User login with different credentials&quot;, &quot;To Test DemoWebShop Login functionality&quot;)">runScenario("User login with different credentials", "To Test DemoWebShop Login functionality")</a> <!-- method navigator-link -->
                      </span>
                      <br/>
                      <span>
                        <img src="failed.png" width="3%"/>
                        <a href="#" panel-name="suite-DemoWebShop_Suite" title="Runner.nls_testng_runner" class="method navigator-link" hash-for-method="runScenario(&quot;Testing of News Letter Subscription Page&quot;, &quot;To Test DemoWebshop NewsLetter Subscription Functionali...)">runScenario("Testing of News Letter Subscription Page", "To Test DemoWebshop NewsLetter Subscription Functionali...)</a> <!-- method navigator-link -->
                      </span>
                      <br/>
                      <span>
                        <img src="failed.png" width="3%"/>
                        <a href="#" panel-name="suite-DemoWebShop_Suite" title="Runner.nls_testng_runner" class="method navigator-link" hash-for-method="runScenario(&quot;Testing of News Letter Subscription Page&quot;, &quot;To Test DemoWebshop NewsLetter Subscription Functionali...)">runScenario("Testing of News Letter Subscription Page", "To Test DemoWebshop NewsLetter Subscription Functionali...)</a> <!-- method navigator-link -->
                      </span>
                      <br/>
                      <span>
                        <img src="failed.png" width="3%"/>
                        <a href="#" panel-name="suite-DemoWebShop_Suite" title="Runner.checkout_testng_runner" class="method navigator-link" hash-for-method="runScenario(&quot;User completes the successful checkout using CARD&quot;, &quot;To Test DemoWebshop Checkout Functionality&quot;)">runScenario("User completes the successful checkout using CARD", "To Test DemoWebshop Checkout Functionality")</a> <!-- method navigator-link -->
                      </span>
                      <br/>
                      <span>
                        <img src="failed.png" width="3%"/>
                        <a href="#" panel-name="suite-DemoWebShop_Suite" title="Runner.com_poll_testng_runner" class="method navigator-link" hash-for-method="runScenario(&quot;User to poll with login&quot;, &quot;To Test DemoWebshop Community Poll Functionality&quot;)">runScenario("User to poll with login", "To Test DemoWebshop Community Poll Functionality")</a> <!-- method navigator-link -->
                      </span>
                      <br/>
                      <span>
                        <img src="failed.png" width="3%"/>
                        <a href="#" panel-name="suite-DemoWebShop_Suite" title="Runner.registration_testng_runner" class="method navigator-link" hash-for-method="runScenario(&quot;Register user with different data&quot;, &quot;To Test the DemoWebShop Register functionality&quot;)">runScenario("Register user with different data", "To Test the DemoWebShop Register functionality")</a> <!-- method navigator-link -->
                      </span>
                      <br/>
                      <span>
                        <img src="failed.png" width="3%"/>
                        <a href="#" panel-name="suite-DemoWebShop_Suite" title="Runner.nls_testng_runner" class="method navigator-link" hash-for-method="runScenario(&quot;Testing of News Letter Subscription Page&quot;, &quot;To Test DemoWebshop NewsLetter Subscription Functionali...)">runScenario("Testing of News Letter Subscription Page", "To Test DemoWebshop NewsLetter Subscription Functionali...)</a> <!-- method navigator-link -->
                      </span>
                      <br/>
                      <span>
                        <img src="failed.png" width="3%"/>
                        <a href="#" panel-name="suite-DemoWebShop_Suite" title="Runner.login_testng_runner" class="method navigator-link" hash-for-method="runScenario(&quot;User login with different credentials&quot;, &quot;To Test DemoWebShop Login functionality&quot;)">runScenario("User login with different credentials", "To Test DemoWebShop Login functionality")</a> <!-- method navigator-link -->
                      </span>
                      <br/>
                      <span>
                        <img src="failed.png" width="3%"/>
                        <a href="#" panel-name="suite-DemoWebShop_Suite" title="Runner.com_poll_testng_runner" class="method navigator-link" hash-for-method="runScenario(&quot;User to poll without Login&quot;, &quot;To Test DemoWebshop Community Poll Functionality&quot;)">runScenario("User to poll without Login", "To Test DemoWebshop Community Poll Functionality")</a> <!-- method navigator-link -->
                      </span>
                      <br/>
                      <span>
                        <img src="failed.png" width="3%"/>
                        <a href="#" panel-name="suite-DemoWebShop_Suite" title="Runner.registration_testng_runner" class="method navigator-link" hash-for-method="runScenario(&quot;Register user with different data&quot;, &quot;To Test the DemoWebShop Register functionality&quot;)">runScenario("Register user with different data", "To Test the DemoWebShop Register functionality")</a> <!-- method navigator-link -->
                      </span>
                      <br/>
                      <span>
                        <img src="failed.png" width="3%"/>
                        <a href="#" panel-name="suite-DemoWebShop_Suite" title="Runner.login_testng_runner" class="method navigator-link" hash-for-method="runScenario(&quot;User login with different credentials&quot;, &quot;To Test DemoWebShop Login functionality&quot;)">runScenario("User login with different credentials", "To Test DemoWebShop Login functionality")</a> <!-- method navigator-link -->
                      </span>
                      <br/>
                      <span>
                        <img src="failed.png" width="3%"/>
                        <a href="#" panel-name="suite-DemoWebShop_Suite" title="Runner.registration_testng_runner" class="method navigator-link" hash-for-method="runScenario(&quot;Register user with different data&quot;, &quot;To Test the DemoWebShop Register functionality&quot;)">runScenario("Register user with different data", "To Test the DemoWebShop Register functionality")</a> <!-- method navigator-link -->
                      </span>
                      <br/>
                    </div> <!-- method-list-content failed suite-DemoWebShop_Suite -->
                  </li>
                  <li>
                    <span class="method-list-title skipped">Retried methods</span>
                    <span class="show-or-hide-methods skipped">
                      <a href="#" panel-name="suite-DemoWebShop_Suite" class="hide-methods skipped suite-DemoWebShop_Suite"> (hide)</a> <!-- hide-methods skipped suite-DemoWebShop_Suite -->
                      <a href="#" panel-name="suite-DemoWebShop_Suite" class="show-methods skipped suite-DemoWebShop_Suite"> (show)</a> <!-- show-methods skipped suite-DemoWebShop_Suite -->
                    </span>
                    <div class="method-list-content skipped suite-DemoWebShop_Suite">
                      <span>
                        <img src="skipped.png" width="3%"/>
                        <a href="#" panel-name="suite-DemoWebShop_Suite" title="Runner.registration_testng_runner" class="method navigator-link" hash-for-method="runScenario(&quot;Register user with different data&quot;, &quot;To Test the DemoWebShop Register functionality&quot;)">runScenario("Register user with different data", "To Test the DemoWebShop Register functionality")</a> <!-- method navigator-link -->
                      </span>
                      <br/>
                      <span>
                        <img src="skipped.png" width="3%"/>
                        <a href="#" panel-name="suite-DemoWebShop_Suite" title="Runner.checkout_testng_runner" class="method navigator-link" hash-for-method="runScenario(&quot;User completes the successful checkout using CARD&quot;, &quot;To Test DemoWebshop Checkout Functionality&quot;)">runScenario("User completes the successful checkout using CARD", "To Test DemoWebshop Checkout Functionality")</a> <!-- method navigator-link -->
                      </span>
                      <br/>
                      <span>
                        <img src="skipped.png" width="3%"/>
                        <a href="#" panel-name="suite-DemoWebShop_Suite" title="Runner.registration_testng_runner" class="method navigator-link" hash-for-method="runScenario(&quot;Register user with different data&quot;, &quot;To Test the DemoWebShop Register functionality&quot;)">runScenario("Register user with different data", "To Test the DemoWebShop Register functionality")</a> <!-- method navigator-link -->
                      </span>
                      <br/>
                      <span>
                        <img src="skipped.png" width="3%"/>
                        <a href="#" panel-name="suite-DemoWebShop_Suite" title="Runner.registration_testng_runner" class="method navigator-link" hash-for-method="runScenario(&quot;Register user with different data&quot;, &quot;To Test the DemoWebShop Register functionality&quot;)">runScenario("Register user with different data", "To Test the DemoWebShop Register functionality")</a> <!-- method navigator-link -->
                      </span>
                      <br/>
                      <span>
                        <img src="skipped.png" width="3%"/>
                        <a href="#" panel-name="suite-DemoWebShop_Suite" title="Runner.nls_testng_runner" class="method navigator-link" hash-for-method="runScenario(&quot;Testing of News Letter Subscription Page&quot;, &quot;To Test DemoWebshop NewsLetter Subscription Functionali...)">runScenario("Testing of News Letter Subscription Page", "To Test DemoWebshop NewsLetter Subscription Functionali...)</a> <!-- method navigator-link -->
                      </span>
                      <br/>
                      <span>
                        <img src="skipped.png" width="3%"/>
                        <a href="#" panel-name="suite-DemoWebShop_Suite" title="Runner.addorremovefromcart_TestNgRunner" class="method navigator-link" hash-for-method="runScenario(&quot;User confirms all books with &quot;AddToCart&quot; button&quot;, &quot;To Test DemowebShop Add/Remove from cart functio...)">runScenario("User confirms all books with "AddToCart" button", "To Test DemowebShop Add/Remove from cart functio...)</a> <!-- method navigator-link -->
                      </span>
                      <br/>
                      <span>
                        <img src="skipped.png" width="3%"/>
                        <a href="#" panel-name="suite-DemoWebShop_Suite" title="Runner.com_poll_testng_runner" class="method navigator-link" hash-for-method="runScenario(&quot;User to poll with login&quot;, &quot;To Test DemoWebshop Community Poll Functionality&quot;)">runScenario("User to poll with login", "To Test DemoWebshop Community Poll Functionality")</a> <!-- method navigator-link -->
                      </span>
                      <br/>
                      <span>
                        <img src="skipped.png" width="3%"/>
                        <a href="#" panel-name="suite-DemoWebShop_Suite" title="Runner.registration_testng_runner" class="method navigator-link" hash-for-method="runScenario(&quot;Register user with different data&quot;, &quot;To Test the DemoWebShop Register functionality&quot;)">runScenario("Register user with different data", "To Test the DemoWebShop Register functionality")</a> <!-- method navigator-link -->
                      </span>
                      <br/>
                      <span>
                        <img src="skipped.png" width="3%"/>
                        <a href="#" panel-name="suite-DemoWebShop_Suite" title="Runner.login_testng_runner" class="method navigator-link" hash-for-method="runScenario(&quot;User login with different credentials&quot;, &quot;To Test DemoWebShop Login functionality&quot;)">runScenario("User login with different credentials", "To Test DemoWebShop Login functionality")</a> <!-- method navigator-link -->
                      </span>
                      <br/>
                      <span>
                        <img src="skipped.png" width="3%"/>
                        <a href="#" panel-name="suite-DemoWebShop_Suite" title="Runner.com_poll_testng_runner" class="method navigator-link" hash-for-method="runScenario(&quot;User to poll without Login&quot;, &quot;To Test DemoWebshop Community Poll Functionality&quot;)">runScenario("User to poll without Login", "To Test DemoWebshop Community Poll Functionality")</a> <!-- method navigator-link -->
                      </span>
                      <br/>
                      <span>
                        <img src="skipped.png" width="3%"/>
                        <a href="#" panel-name="suite-DemoWebShop_Suite" title="Runner.registration_testng_runner" class="method navigator-link" hash-for-method="runScenario(&quot;Register user with different data&quot;, &quot;To Test the DemoWebShop Register functionality&quot;)">runScenario("Register user with different data", "To Test the DemoWebShop Register functionality")</a> <!-- method navigator-link -->
                      </span>
                      <br/>
                      <span>
                        <img src="skipped.png" width="3%"/>
                        <a href="#" panel-name="suite-DemoWebShop_Suite" title="Runner.login_testng_runner" class="method navigator-link" hash-for-method="runScenario(&quot;User login with different credentials&quot;, &quot;To Test DemoWebShop Login functionality&quot;)">runScenario("User login with different credentials", "To Test DemoWebShop Login functionality")</a> <!-- method navigator-link -->
                      </span>
                      <br/>
                      <span>
                        <img src="skipped.png" width="3%"/>
                        <a href="#" panel-name="suite-DemoWebShop_Suite" title="Runner.login_testng_runner" class="method navigator-link" hash-for-method="runScenario(&quot;User login with different credentials&quot;, &quot;To Test DemoWebShop Login functionality&quot;)">runScenario("User login with different credentials", "To Test DemoWebShop Login functionality")</a> <!-- method navigator-link -->
                      </span>
                      <br/>
                      <span>
                        <img src="skipped.png" width="3%"/>
                        <a href="#" panel-name="suite-DemoWebShop_Suite" title="Runner.com_poll_testng_runner" class="method navigator-link" hash-for-method="runScenario(&quot;User to poll without Login&quot;, &quot;To Test DemoWebshop Community Poll Functionality&quot;)">runScenario("User to poll without Login", "To Test DemoWebshop Community Poll Functionality")</a> <!-- method navigator-link -->
                      </span>
                      <br/>
                      <span>
                        <img src="skipped.png" width="3%"/>
                        <a href="#" panel-name="suite-DemoWebShop_Suite" title="Runner.registration_testng_runner" class="method navigator-link" hash-for-method="runScenario(&quot;Register user with different data&quot;, &quot;To Test the DemoWebShop Register functionality&quot;)">runScenario("Register user with different data", "To Test the DemoWebShop Register functionality")</a> <!-- method navigator-link -->
                      </span>
                      <br/>
                      <span>
                        <img src="skipped.png" width="3%"/>
                        <a href="#" panel-name="suite-DemoWebShop_Suite" title="Runner.nls_testng_runner" class="method navigator-link" hash-for-method="runScenario(&quot;Testing of News Letter Subscription Page&quot;, &quot;To Test DemoWebshop NewsLetter Subscription Functionali...)">runScenario("Testing of News Letter Subscription Page", "To Test DemoWebshop NewsLetter Subscription Functionali...)</a> <!-- method navigator-link -->
                      </span>
                      <br/>
                      <span>
                        <img src="skipped.png" width="3%"/>
                        <a href="#" panel-name="suite-DemoWebShop_Suite" title="Runner.registration_testng_runner" class="method navigator-link" hash-for-method="runScenario(&quot;Register user with different data&quot;, &quot;To Test the DemoWebShop Register functionality&quot;)">runScenario("Register user with different data", "To Test the DemoWebShop Register functionality")</a> <!-- method navigator-link -->
                      </span>
                      <br/>
                      <span>
                        <img src="skipped.png" width="3%"/>
                        <a href="#" panel-name="suite-DemoWebShop_Suite" title="Runner.login_testng_runner" class="method navigator-link" hash-for-method="runScenario(&quot;User login with different credentials&quot;, &quot;To Test DemoWebShop Login functionality&quot;)">runScenario("User login with different credentials", "To Test DemoWebShop Login functionality")</a> <!-- method navigator-link -->
                      </span>
                      <br/>
                      <span>
                        <img src="skipped.png" width="3%"/>
                        <a href="#" panel-name="suite-DemoWebShop_Suite" title="Runner.checkout_testng_runner" class="method navigator-link" hash-for-method="runScenario(&quot;User completes the successful checkout using CARD&quot;, &quot;To Test DemoWebshop Checkout Functionality&quot;)">runScenario("User completes the successful checkout using CARD", "To Test DemoWebshop Checkout Functionality")</a> <!-- method navigator-link -->
                      </span>
                      <br/>
                      <span>
                        <img src="skipped.png" width="3%"/>
                        <a href="#" panel-name="suite-DemoWebShop_Suite" title="Runner.nls_testng_runner" class="method navigator-link" hash-for-method="runScenario(&quot;Testing of News Letter Subscription Page&quot;, &quot;To Test DemoWebshop NewsLetter Subscription Functionali...)">runScenario("Testing of News Letter Subscription Page", "To Test DemoWebshop NewsLetter Subscription Functionali...)</a> <!-- method navigator-link -->
                      </span>
                      <br/>
                      <span>
                        <img src="skipped.png" width="3%"/>
                        <a href="#" panel-name="suite-DemoWebShop_Suite" title="Runner.login_testng_runner" class="method navigator-link" hash-for-method="runScenario(&quot;User login with different credentials&quot;, &quot;To Test DemoWebShop Login functionality&quot;)">runScenario("User login with different credentials", "To Test DemoWebShop Login functionality")</a> <!-- method navigator-link -->
                      </span>
                      <br/>
                      <span>
                        <img src="skipped.png" width="3%"/>
                        <a href="#" panel-name="suite-DemoWebShop_Suite" title="Runner.nls_testng_runner" class="method navigator-link" hash-for-method="runScenario(&quot;Testing of News Letter Subscription Page&quot;, &quot;To Test DemoWebshop NewsLetter Subscription Functionali...)">runScenario("Testing of News Letter Subscription Page", "To Test DemoWebshop NewsLetter Subscription Functionali...)</a> <!-- method navigator-link -->
                      </span>
                      <br/>
                      <span>
                        <img src="skipped.png" width="3%"/>
                        <a href="#" panel-name="suite-DemoWebShop_Suite" title="Runner.com_poll_testng_runner" class="method navigator-link" hash-for-method="runScenario(&quot;User to poll with login&quot;, &quot;To Test DemoWebshop Community Poll Functionality&quot;)">runScenario("User to poll with login", "To Test DemoWebshop Community Poll Functionality")</a> <!-- method navigator-link -->
                      </span>
                      <br/>
                      <span>
                        <img src="skipped.png" width="3%"/>
                        <a href="#" panel-name="suite-DemoWebShop_Suite" title="Runner.nls_testng_runner" class="method navigator-link" hash-for-method="runScenario(&quot;Testing of News Letter Subscription Page&quot;, &quot;To Test DemoWebshop NewsLetter Subscription Functionali...)">runScenario("Testing of News Letter Subscription Page", "To Test DemoWebshop NewsLetter Subscription Functionali...)</a> <!-- method navigator-link -->
                      </span>
                      <br/>
                      <span>
                        <img src="skipped.png" width="3%"/>
                        <a href="#" panel-name="suite-DemoWebShop_Suite" title="Runner.registration_testng_runner" class="method navigator-link" hash-for-method="runScenario(&quot;Register user with different data&quot;, &quot;To Test the DemoWebShop Register functionality&quot;)">runScenario("Register user with different data", "To Test the DemoWebShop Register functionality")</a> <!-- method navigator-link -->
                      </span>
                      <br/>
                      <span>
                        <img src="skipped.png" width="3%"/>
                        <a href="#" panel-name="suite-DemoWebShop_Suite" title="Runner.nls_testng_runner" class="method navigator-link" hash-for-method="runScenario(&quot;Testing of News Letter Subscription Page&quot;, &quot;To Test DemoWebshop NewsLetter Subscription Functionali...)">runScenario("Testing of News Letter Subscription Page", "To Test DemoWebshop NewsLetter Subscription Functionali...)</a> <!-- method navigator-link -->
                      </span>
                      <br/>
                      <span>
                        <img src="skipped.png" width="3%"/>
                        <a href="#" panel-name="suite-DemoWebShop_Suite" title="Runner.nls_testng_runner" class="method navigator-link" hash-for-method="runScenario(&quot;Testing of News Letter Subscription Page&quot;, &quot;To Test DemoWebshop NewsLetter Subscription Functionali...)">runScenario("Testing of News Letter Subscription Page", "To Test DemoWebshop NewsLetter Subscription Functionali...)</a> <!-- method navigator-link -->
                      </span>
                      <br/>
                      <span>
                        <img src="skipped.png" width="3%"/>
                        <a href="#" panel-name="suite-DemoWebShop_Suite" title="Runner.login_testng_runner" class="method navigator-link" hash-for-method="runScenario(&quot;User login with different credentials&quot;, &quot;To Test DemoWebShop Login functionality&quot;)">runScenario("User login with different credentials", "To Test DemoWebShop Login functionality")</a> <!-- method navigator-link -->
                      </span>
                      <br/>
                      <span>
                        <img src="skipped.png" width="3%"/>
                        <a href="#" panel-name="suite-DemoWebShop_Suite" title="Runner.login_testng_runner" class="method navigator-link" hash-for-method="runScenario(&quot;User login with different credentials&quot;, &quot;To Test DemoWebShop Login functionality&quot;)">runScenario("User login with different credentials", "To Test DemoWebShop Login functionality")</a> <!-- method navigator-link -->
                      </span>
                      <br/>
                      <span>
                        <img src="skipped.png" width="3%"/>
                        <a href="#" panel-name="suite-DemoWebShop_Suite" title="Runner.login_testng_runner" class="method navigator-link" hash-for-method="runScenario(&quot;User login with different credentials&quot;, &quot;To Test DemoWebShop Login functionality&quot;)">runScenario("User login with different credentials", "To Test DemoWebShop Login functionality")</a> <!-- method navigator-link -->
                      </span>
                      <br/>
                      <span>
                        <img src="skipped.png" width="3%"/>
                        <a href="#" panel-name="suite-DemoWebShop_Suite" title="Runner.addorremovefromcart_TestNgRunner" class="method navigator-link" hash-for-method="runScenario(&quot;User confirms all books with &quot;AddToCart&quot; button&quot;, &quot;To Test DemowebShop Add/Remove from cart functio...)">runScenario("User confirms all books with "AddToCart" button", "To Test DemowebShop Add/Remove from cart functio...)</a> <!-- method navigator-link -->
                      </span>
                      <br/>
                    </div> <!-- method-list-content skipped suite-DemoWebShop_Suite -->
                  </li>
                  <li>
                    <span class="method-list-title passed">Passed methods</span>
                    <span class="show-or-hide-methods passed">
                      <a href="#" panel-name="suite-DemoWebShop_Suite" class="hide-methods passed suite-DemoWebShop_Suite"> (hide)</a> <!-- hide-methods passed suite-DemoWebShop_Suite -->
                      <a href="#" panel-name="suite-DemoWebShop_Suite" class="show-methods passed suite-DemoWebShop_Suite"> (show)</a> <!-- show-methods passed suite-DemoWebShop_Suite -->
                    </span>
                    <div class="method-list-content passed suite-DemoWebShop_Suite">
                      <span>
                        <img src="passed.png" width="3%"/>
                        <a href="#" panel-name="suite-DemoWebShop_Suite" title="Runner.search_testng_runner" class="method navigator-link" hash-for-method="runScenario(&quot;Perform Search&quot;, &quot;To Test DemoWebshop Search Functionality&quot;)">runScenario("Perform Search", "To Test DemoWebshop Search Functionality")</a> <!-- method navigator-link -->
                      </span>
                      <br/>
                      <span>
                        <img src="passed.png" width="3%"/>
                        <a href="#" panel-name="suite-DemoWebShop_Suite" title="Runner.addorremovefromcart_TestNgRunner" class="method navigator-link" hash-for-method="runScenario(&quot;User adds the third book to the cart&quot;, &quot;To Test DemowebShop Add/Remove from cart functionality&quot;)">runScenario("User adds the third book to the cart", "To Test DemowebShop Add/Remove from cart functionality")</a> <!-- method navigator-link -->
                      </span>
                      <br/>
                      <span>
                        <img src="passed.png" width="3%"/>
                        <a href="#" panel-name="suite-DemoWebShop_Suite" title="Runner.addtowishlist_testng_runner" class="method navigator-link" hash-for-method="runScenario(&quot;User can add and remove products from the wishlist&quot;, &quot;To Test DemoWebShop Wishlist Functionality&quot;)">runScenario("User can add and remove products from the wishlist", "To Test DemoWebShop Wishlist Functionality")</a> <!-- method navigator-link -->
                      </span>
                      <br/>
                      <span>
                        <img src="passed.png" width="3%"/>
                        <a href="#" panel-name="suite-DemoWebShop_Suite" title="Runner.registration_testng_runner" class="method navigator-link" hash-for-method="runScenario(&quot;Register user with different data&quot;, &quot;To Test the DemoWebShop Register functionality&quot;)">runScenario("Register user with different data", "To Test the DemoWebShop Register functionality")</a> <!-- method navigator-link -->
                      </span>
                      <br/>
                      <span>
                        <img src="passed.png" width="3%"/>
                        <a href="#" panel-name="suite-DemoWebShop_Suite" title="Runner.login_testng_runner" class="method navigator-link" hash-for-method="runScenario(&quot;User login with different credentials&quot;, &quot;To Test DemoWebShop Login functionality&quot;)">runScenario("User login with different credentials", "To Test DemoWebShop Login functionality")</a> <!-- method navigator-link -->
                      </span>
                      <br/>
                      <span>
                        <img src="passed.png" width="3%"/>
                        <a href="#" panel-name="suite-DemoWebShop_Suite" title="Runner.addorremovefromcart_TestNgRunner" class="method navigator-link" hash-for-method="runScenario(&quot;User adds and deletes products from the cart&quot;, &quot;To Test DemowebShop Add/Remove from cart functional...)">runScenario("User adds and deletes products from the cart", "To Test DemowebShop Add/Remove from cart functional...)</a> <!-- method navigator-link -->
                      </span>
                      <br/>
                      <span>
                        <img src="passed.png" width="3%"/>
                        <a href="#" panel-name="suite-DemoWebShop_Suite" title="Runner.nls_testng_runner" class="method navigator-link" hash-for-method="runScenario(&quot;Testing of News Letter Subscription Page&quot;, &quot;To Test DemoWebshop NewsLetter Subscription Functionali...)">runScenario("Testing of News Letter Subscription Page", "To Test DemoWebshop NewsLetter Subscription Functionali...)</a> <!-- method navigator-link -->
                      </span>
                      <br/>
                      <span>
                        <img src="passed.png" width="3%"/>
                        <a href="#" panel-name="suite-DemoWebShop_Suite" title="Runner.nls_testng_runner" class="method navigator-link" hash-for-method="runScenario(&quot;Testing of News Letter Subscription Page&quot;, &quot;To Test DemoWebshop NewsLetter Subscription Functionali...)">runScenario("Testing of News Letter Subscription Page", "To Test DemoWebshop NewsLetter Subscription Functionali...)</a> <!-- method navigator-link -->
                      </span>
                      <br/>
                      <span>
                        <img src="passed.png" width="3%"/>
                        <a href="#" panel-name="suite-DemoWebShop_Suite" title="Runner.search_testng_runner" class="method navigator-link" hash-for-method="runScenario(&quot;Handle Pop-up&quot;, &quot;To Test DemoWebshop Search Functionality&quot;)">runScenario("Handle Pop-up", "To Test DemoWebshop Search Functionality")</a> <!-- method navigator-link -->
                      </span>
                      <br/>
                      <span>
                        <img src="passed.png" width="3%"/>
                        <a href="#" panel-name="suite-DemoWebShop_Suite" title="Runner.nls_testng_runner" class="method navigator-link" hash-for-method="runScenario(&quot;Testing of News Letter Subscription Page&quot;, &quot;To Test DemoWebshop NewsLetter Subscription Functionali...)">runScenario("Testing of News Letter Subscription Page", "To Test DemoWebshop NewsLetter Subscription Functionali...)</a> <!-- method navigator-link -->
                      </span>
                      <br/>
                      <span>
                        <img src="passed.png" width="3%"/>
                        <a href="#" panel-name="suite-DemoWebShop_Suite" title="Runner.checkout_testng_runner" class="method navigator-link" hash-for-method="runScenario(&quot;User completes the successful checkout using COD&quot;, &quot;To Test DemoWebshop Checkout Functionality&quot;)">runScenario("User completes the successful checkout using COD", "To Test DemoWebshop Checkout Functionality")</a> <!-- method navigator-link -->
                      </span>
                      <br/>
                      <span>
                        <img src="passed.png" width="3%"/>
                        <a href="#" panel-name="suite-DemoWebShop_Suite" title="Runner.com_poll_testng_runner" class="method navigator-link" hash-for-method="runScenario(&quot;User to poll without selecting anything&quot;, &quot;To Test DemoWebshop Community Poll Functionality&quot;)">runScenario("User to poll without selecting anything", "To Test DemoWebshop Community Poll Functionality")</a> <!-- method navigator-link -->
                      </span>
                      <br/>
                    </div> <!-- method-list-content passed suite-DemoWebShop_Suite -->
                  </li>
                </ul>
              </div> <!-- suite-section-content -->
            </div> <!-- result-section -->
          </div> <!-- navigator-suite-content -->
        </div> <!-- rounded-window -->
      </div> <!-- suite -->
    </div> <!-- navigator-root -->
    <div class="wrapper">
      <div class="main-panel-root">
        <div panel-name="suite-DemoWebShop_Suite" class="panel DemoWebShop_Suite">
          <div class="suite-DemoWebShop_Suite-class-failed">
            <div class="main-panel-header rounded-window-top">
              <img src="failed.png"/>
              <span class="class-name">Runner.nls_testng_runner</span>
            </div> <!-- main-panel-header rounded-window-top -->
            <div class="main-panel-content rounded-window-bottom">
              <div class="method">
                <div class="method-content">
                  <a name="runScenario(&quot;Testing of News Letter Subscription Page&quot;, &quot;To Test DemoWebshop NewsLetter Subscription Functionali...)">
                  </a> <!-- runScenario("Testing of News Letter Subscription Page", "To Test DemoWebshop NewsLetter Subscription Functionali...) -->
                  <span class="method-name">runScenario</span>
                  <span class="parameters">("Testing of News Letter Subscription Page","To Test DemoWebshop NewsLetter Subscription Functionality")</span>
                  <div class="stack-trace">org.openqa.selenium.NoSuchElementException: no such element: Unable to locate element: {&quot;method&quot;:&quot;xpath&quot;,&quot;selector&quot;:&quot;//a[@class=&apos;ico-logout&apos;]&quot;}
  (Session info: chrome=120.0.6099.225)
For documentation on this error, please visit: https://www.selenium.dev/documentation/webdriver/troubleshooting/errors#no-such-element-exception
Build info: version: &apos;4.11.0&apos;, revision: &apos;040bc5406b&apos;
System info: os.name: &apos;Windows 10&apos;, os.arch: &apos;amd64&apos;, os.version: &apos;10.0&apos;, java.version: &apos;17.0.9&apos;
Driver info: org.openqa.selenium.chrome.ChromeDriver
Command: [da1a623a740eb747fff8987c413e7305, findElement {using=xpath, value=//a[@class=&apos;ico-logout&apos;]}]
Capabilities {acceptInsecureCerts: false, browserName: chrome, browserVersion: 120.0.6099.225, chrome: {chromedriverVersion: 120.0.6099.109 (3419140ab66..., userDataDir: C:\Users\Sai\AppData\Local\...}, fedcm:accounts: true, goog:chromeOptions: {debuggerAddress: localhost:32220}, networkConnectionEnabled: false, pageLoadStrategy: normal, platformName: windows, proxy: Proxy(), se:cdp: ws://localhost:32220/devtoo..., se:cdpVersion: 120.0.6099.225, setWindowRect: true, strictFileInteractability: false, timeouts: {implicit: 0, pageLoad: 300000, script: 30000}, unhandledPromptBehavior: dismiss and notify, webauthn:extension:credBlob: true, webauthn:extension:largeBlob: true, webauthn:extension:minPinLength: true, webauthn:extension:prf: true, webauthn:virtualAuthenticators: true}
Session ID: da1a623a740eb747fff8987c413e7305
	at org.openqa.selenium.remote.codec.w3c.W3CHttpResponseCodec.createException(W3CHttpResponseCodec.java:200)
	at org.openqa.selenium.remote.codec.w3c.W3CHttpResponseCodec.decode(W3CHttpResponseCodec.java:133)
	at org.openqa.selenium.remote.codec.w3c.W3CHttpResponseCodec.decode(W3CHttpResponseCodec.java:52)
	at org.openqa.selenium.remote.HttpCommandExecutor.execute(HttpCommandExecutor.java:191)
	at org.openqa.selenium.remote.service.DriverCommandExecutor.invokeExecute(DriverCommandExecutor.java:196)
	at org.openqa.selenium.remote.service.DriverCommandExecutor.execute(DriverCommandExecutor.java:171)
	at org.openqa.selenium.remote.RemoteWebDriver.execute(RemoteWebDriver.java:518)
	at org.openqa.selenium.remote.ElementLocation$ElementFinder$2.findElement(ElementLocation.java:165)
	at org.openqa.selenium.remote.ElementLocation.findElement(ElementLocation.java:59)
	at org.openqa.selenium.remote.RemoteWebDriver.findElement(RemoteWebDriver.java:355)
	at org.openqa.selenium.remote.RemoteWebDriver.findElement(RemoteWebDriver.java:349)
	at org.openqa.selenium.support.pagefactory.DefaultElementLocator.findElement(DefaultElementLocator.java:68)
	at org.openqa.selenium.support.pagefactory.internal.LocatingElementHandler.invoke(LocatingElementHandler.java:38)
	at jdk.proxy2/jdk.proxy2.$Proxy47.click(Unknown Source)
	at Pages.subscriptionofnewsletter_page.Click_Logout(subscriptionofnewsletter_page.java:116)
	at Steps.subscriptionofnewsletter_stepdef.i_logout(subscriptionofnewsletter_stepdef.java:187)
	at ✽.I logout(file:///C:/Users/Sai/eclipse-workspace/RLL/Demo_Web_Shop/src/test/java/Features/subscriptionofnewsletter.feature:14)
... Removed 5 stack frames
</div> <!-- stack-trace -->
                  <em>
(Runs Cucumber Scenarios)                  </em>
                </div> <!-- method-content -->
              </div> <!-- method -->
              <div class="method">
                <div class="method-content">
                  <a name="runScenario(&quot;Testing of News Letter Subscription Page&quot;, &quot;To Test DemoWebshop NewsLetter Subscription Functionali...)">
                  </a> <!-- runScenario("Testing of News Letter Subscription Page", "To Test DemoWebshop NewsLetter Subscription Functionali...) -->
                  <span class="method-name">runScenario</span>
                  <span class="parameters">("Testing of News Letter Subscription Page","To Test DemoWebshop NewsLetter Subscription Functionality")</span>
                  <div class="stack-trace">org.openqa.selenium.NoSuchElementException: no such element: Unable to locate element: {&quot;method&quot;:&quot;xpath&quot;,&quot;selector&quot;:&quot;//a[@class=&apos;ico-logout&apos;]&quot;}
  (Session info: chrome=120.0.6099.225)
For documentation on this error, please visit: https://www.selenium.dev/documentation/webdriver/troubleshooting/errors#no-such-element-exception
Build info: version: &apos;4.11.0&apos;, revision: &apos;040bc5406b&apos;
System info: os.name: &apos;Windows 10&apos;, os.arch: &apos;amd64&apos;, os.version: &apos;10.0&apos;, java.version: &apos;17.0.9&apos;
Driver info: org.openqa.selenium.chrome.ChromeDriver
Command: [da1a623a740eb747fff8987c413e7305, findElement {using=xpath, value=//a[@class=&apos;ico-logout&apos;]}]
Capabilities {acceptInsecureCerts: false, browserName: chrome, browserVersion: 120.0.6099.225, chrome: {chromedriverVersion: 120.0.6099.109 (3419140ab66..., userDataDir: C:\Users\Sai\AppData\Local\...}, fedcm:accounts: true, goog:chromeOptions: {debuggerAddress: localhost:32220}, networkConnectionEnabled: false, pageLoadStrategy: normal, platformName: windows, proxy: Proxy(), se:cdp: ws://localhost:32220/devtoo..., se:cdpVersion: 120.0.6099.225, setWindowRect: true, strictFileInteractability: false, timeouts: {implicit: 0, pageLoad: 300000, script: 30000}, unhandledPromptBehavior: dismiss and notify, webauthn:extension:credBlob: true, webauthn:extension:largeBlob: true, webauthn:extension:minPinLength: true, webauthn:extension:prf: true, webauthn:virtualAuthenticators: true}
Session ID: da1a623a740eb747fff8987c413e7305
	at org.openqa.selenium.remote.codec.w3c.W3CHttpResponseCodec.createException(W3CHttpResponseCodec.java:200)
	at org.openqa.selenium.remote.codec.w3c.W3CHttpResponseCodec.decode(W3CHttpResponseCodec.java:133)
	at org.openqa.selenium.remote.codec.w3c.W3CHttpResponseCodec.decode(W3CHttpResponseCodec.java:52)
	at org.openqa.selenium.remote.HttpCommandExecutor.execute(HttpCommandExecutor.java:191)
	at org.openqa.selenium.remote.service.DriverCommandExecutor.invokeExecute(DriverCommandExecutor.java:196)
	at org.openqa.selenium.remote.service.DriverCommandExecutor.execute(DriverCommandExecutor.java:171)
	at org.openqa.selenium.remote.RemoteWebDriver.execute(RemoteWebDriver.java:518)
	at org.openqa.selenium.remote.ElementLocation$ElementFinder$2.findElement(ElementLocation.java:165)
	at org.openqa.selenium.remote.ElementLocation.findElement(ElementLocation.java:59)
	at org.openqa.selenium.remote.RemoteWebDriver.findElement(RemoteWebDriver.java:355)
	at org.openqa.selenium.remote.RemoteWebDriver.findElement(RemoteWebDriver.java:349)
	at org.openqa.selenium.support.pagefactory.DefaultElementLocator.findElement(DefaultElementLocator.java:68)
	at org.openqa.selenium.support.pagefactory.internal.LocatingElementHandler.invoke(LocatingElementHandler.java:38)
	at jdk.proxy2/jdk.proxy2.$Proxy47.click(Unknown Source)
	at Pages.subscriptionofnewsletter_page.Click_Logout(subscriptionofnewsletter_page.java:116)
	at Steps.subscriptionofnewsletter_stepdef.i_logout(subscriptionofnewsletter_stepdef.java:187)
	at ✽.I logout(file:///C:/Users/Sai/eclipse-workspace/RLL/Demo_Web_Shop/src/test/java/Features/subscriptionofnewsletter.feature:14)
... Removed 5 stack frames
</div> <!-- stack-trace -->
                  <em>
(Runs Cucumber Scenarios)                  </em>
                </div> <!-- method-content -->
              </div> <!-- method -->
              <div class="method">
                <div class="method-content">
                  <a name="runScenario(&quot;Testing of News Letter Subscription Page&quot;, &quot;To Test DemoWebshop NewsLetter Subscription Functionali...)">
                  </a> <!-- runScenario("Testing of News Letter Subscription Page", "To Test DemoWebshop NewsLetter Subscription Functionali...) -->
                  <span class="method-name">runScenario</span>
                  <span class="parameters">("Testing of News Letter Subscription Page","To Test DemoWebshop NewsLetter Subscription Functionality")</span>
                  <div class="stack-trace">org.openqa.selenium.WebDriverException: no such execution context
  (Session info: chrome=120.0.6099.225)
Build info: version: &apos;4.11.0&apos;, revision: &apos;040bc5406b&apos;
System info: os.name: &apos;Windows 10&apos;, os.arch: &apos;amd64&apos;, os.version: &apos;10.0&apos;, java.version: &apos;17.0.9&apos;
Driver info: org.openqa.selenium.chrome.ChromeDriver
Command: [595eb0c46efa9b8839aff4d7131747e4, maximizeCurrentWindow {}]
Capabilities {acceptInsecureCerts: false, browserName: chrome, browserVersion: 120.0.6099.225, chrome: {chromedriverVersion: 120.0.6099.109 (3419140ab66..., userDataDir: C:\Users\Sai\AppData\Local\...}, fedcm:accounts: true, goog:chromeOptions: {debuggerAddress: localhost:32442}, networkConnectionEnabled: false, pageLoadStrategy: normal, platformName: windows, proxy: Proxy(), se:cdp: ws://localhost:32442/devtoo..., se:cdpVersion: 120.0.6099.225, setWindowRect: true, strictFileInteractability: false, timeouts: {implicit: 0, pageLoad: 300000, script: 30000}, unhandledPromptBehavior: dismiss and notify, webauthn:extension:credBlob: true, webauthn:extension:largeBlob: true, webauthn:extension:minPinLength: true, webauthn:extension:prf: true, webauthn:virtualAuthenticators: true}
Session ID: 595eb0c46efa9b8839aff4d7131747e4
	at org.openqa.selenium.remote.codec.w3c.W3CHttpResponseCodec.createException(W3CHttpResponseCodec.java:200)
	at org.openqa.selenium.remote.codec.w3c.W3CHttpResponseCodec.decode(W3CHttpResponseCodec.java:133)
	at org.openqa.selenium.remote.codec.w3c.W3CHttpResponseCodec.decode(W3CHttpResponseCodec.java:52)
	at org.openqa.selenium.remote.HttpCommandExecutor.execute(HttpCommandExecutor.java:191)
	at org.openqa.selenium.remote.service.DriverCommandExecutor.invokeExecute(DriverCommandExecutor.java:196)
	at org.openqa.selenium.remote.service.DriverCommandExecutor.execute(DriverCommandExecutor.java:171)
	at org.openqa.selenium.remote.RemoteWebDriver.execute(RemoteWebDriver.java:518)
	at org.openqa.selenium.remote.RemoteWebDriver.execute(RemoteWebDriver.java:591)
	at org.openqa.selenium.remote.RemoteWebDriver.execute(RemoteWebDriver.java:595)
	at org.openqa.selenium.remote.RemoteWebDriver$RemoteWebDriverOptions$RemoteWindow.maximize(RemoteWebDriver.java:978)
	at Steps.RegistrationStepDef.setup(RegistrationStepDef.java:42)
... Removed 5 stack frames
</div> <!-- stack-trace -->
                  <em>
(Runs Cucumber Scenarios)                  </em>
                </div> <!-- method-content -->
              </div> <!-- method -->
            </div> <!-- main-panel-content rounded-window-bottom -->
          </div> <!-- suite-DemoWebShop_Suite-class-failed -->
          <div class="suite-DemoWebShop_Suite-class-failed">
            <div class="main-panel-header rounded-window-top">
              <img src="failed.png"/>
              <span class="class-name">Runner.addorremovefromcart_TestNgRunner</span>
            </div> <!-- main-panel-header rounded-window-top -->
            <div class="main-panel-content rounded-window-bottom">
              <div class="method">
                <div class="method-content">
                  <a name="runScenario(&quot;User confirms all books with &quot;AddToCart&quot; button&quot;, &quot;To Test DemowebShop Add/Remove from cart functio...)">
                  </a> <!-- runScenario("User confirms all books with "AddToCart" button", "To Test DemowebShop Add/Remove from cart functio...) -->
                  <span class="method-name">runScenario</span>
                  <span class="parameters">("User confirms all books with "AddToCart" button","To Test DemowebShop Add/Remove from cart functionality")</span>
                  <div class="stack-trace">org.openqa.selenium.NoSuchElementException: no such element: Unable to locate element: {&quot;method&quot;:&quot;xpath&quot;,&quot;selector&quot;:&quot;//a[normalize-space()=&apos;Copy of Computing and Internet EX&apos;]&quot;}
  (Session info: chrome=120.0.6099.225)
For documentation on this error, please visit: https://www.selenium.dev/documentation/webdriver/troubleshooting/errors#no-such-element-exception
Build info: version: &apos;4.11.0&apos;, revision: &apos;040bc5406b&apos;
System info: os.name: &apos;Windows 10&apos;, os.arch: &apos;amd64&apos;, os.version: &apos;10.0&apos;, java.version: &apos;17.0.9&apos;
Driver info: org.openqa.selenium.chrome.ChromeDriver
Command: [5f0d024edbf6e33346d332f2e7047890, findElement {using=xpath, value=//a[normalize-space()=&apos;Copy of Computing and Internet EX&apos;]}]
Capabilities {acceptInsecureCerts: false, browserName: chrome, browserVersion: 120.0.6099.225, chrome: {chromedriverVersion: 120.0.6099.109 (3419140ab66..., userDataDir: C:\Users\Sai\AppData\Local\...}, fedcm:accounts: true, goog:chromeOptions: {debuggerAddress: localhost:30884}, networkConnectionEnabled: false, pageLoadStrategy: normal, platformName: windows, proxy: Proxy(), se:cdp: ws://localhost:30884/devtoo..., se:cdpVersion: 120.0.6099.225, setWindowRect: true, strictFileInteractability: false, timeouts: {implicit: 0, pageLoad: 300000, script: 30000}, unhandledPromptBehavior: dismiss and notify, webauthn:extension:credBlob: true, webauthn:extension:largeBlob: true, webauthn:extension:minPinLength: true, webauthn:extension:prf: true, webauthn:virtualAuthenticators: true}
Session ID: 5f0d024edbf6e33346d332f2e7047890
	at org.openqa.selenium.remote.codec.w3c.W3CHttpResponseCodec.createException(W3CHttpResponseCodec.java:200)
	at org.openqa.selenium.remote.codec.w3c.W3CHttpResponseCodec.decode(W3CHttpResponseCodec.java:133)
	at org.openqa.selenium.remote.codec.w3c.W3CHttpResponseCodec.decode(W3CHttpResponseCodec.java:52)
	at org.openqa.selenium.remote.HttpCommandExecutor.execute(HttpCommandExecutor.java:191)
	at org.openqa.selenium.remote.service.DriverCommandExecutor.invokeExecute(DriverCommandExecutor.java:196)
	at org.openqa.selenium.remote.service.DriverCommandExecutor.execute(DriverCommandExecutor.java:171)
	at org.openqa.selenium.remote.RemoteWebDriver.execute(RemoteWebDriver.java:518)
	at org.openqa.selenium.remote.ElementLocation$ElementFinder$2.findElement(ElementLocation.java:165)
	at org.openqa.selenium.remote.ElementLocation.findElement(ElementLocation.java:59)
	at org.openqa.selenium.remote.RemoteWebDriver.findElement(RemoteWebDriver.java:355)
	at org.openqa.selenium.remote.RemoteWebDriver.findElement(RemoteWebDriver.java:349)
	at org.openqa.selenium.support.pagefactory.DefaultElementLocator.findElement(DefaultElementLocator.java:68)
	at org.openqa.selenium.support.pagefactory.internal.LocatingElementHandler.invoke(LocatingElementHandler.java:38)
	at jdk.proxy2/jdk.proxy2.$Proxy47.click(Unknown Source)
	at Pages.ECommercePage_addtocart.clickIconlists(ECommercePage_addtocart.java:104)
	at Steps.AddtocartStepdef.validateCartButtonForAllBooks(AddtocartStepdef.java:73)
	at ✽.User validates whether all books have addtocart button(file:///C:/Users/Sai/eclipse-workspace/RLL/Demo_Web_Shop/src/test/java/Features/addtocart.feature:10)
... Removed 5 stack frames
</div> <!-- stack-trace -->
                  <em>
(Runs Cucumber Scenarios)                  </em>
                </div> <!-- method-content -->
              </div> <!-- method -->
            </div> <!-- main-panel-content rounded-window-bottom -->
          </div> <!-- suite-DemoWebShop_Suite-class-failed -->
          <div class="suite-DemoWebShop_Suite-class-failed">
            <div class="main-panel-header rounded-window-top">
              <img src="failed.png"/>
              <span class="class-name">Runner.checkout_testng_runner</span>
            </div> <!-- main-panel-header rounded-window-top -->
            <div class="main-panel-content rounded-window-bottom">
              <div class="method">
                <div class="method-content">
                  <a name="runScenario(&quot;User completes the successful checkout using CARD&quot;, &quot;To Test DemoWebshop Checkout Functionality&quot;)">
                  </a> <!-- runScenario("User completes the successful checkout using CARD", "To Test DemoWebshop Checkout Functionality") -->
                  <span class="method-name">runScenario</span>
                  <span class="parameters">("User completes the successful checkout using CARD","To Test DemoWebshop Checkout Functionality")</span>
                  <div class="stack-trace">org.openqa.selenium.NoSuchSessionException: invalid session id
Build info: version: &apos;4.11.0&apos;, revision: &apos;040bc5406b&apos;
System info: os.name: &apos;Windows 10&apos;, os.arch: &apos;amd64&apos;, os.version: &apos;10.0&apos;, java.version: &apos;17.0.9&apos;
Driver info: org.openqa.selenium.chrome.ChromeDriver
Command: [109d22cd32b2dd12b293bb4e8f145960, findElement {using=xpath, value=//input[@onclick=&apos;ConfirmOrder.save()&apos;]}]
Capabilities {acceptInsecureCerts: false, browserName: chrome, browserVersion: 120.0.6099.225, chrome: {chromedriverVersion: 120.0.6099.109 (3419140ab66..., userDataDir: C:\Users\Sai\AppData\Local\...}, fedcm:accounts: true, goog:chromeOptions: {debuggerAddress: localhost:31508}, networkConnectionEnabled: false, pageLoadStrategy: normal, platformName: windows, proxy: Proxy(), se:cdp: ws://localhost:31508/devtoo..., se:cdpVersion: 120.0.6099.225, setWindowRect: true, strictFileInteractability: false, timeouts: {implicit: 0, pageLoad: 300000, script: 30000}, unhandledPromptBehavior: dismiss and notify, webauthn:extension:credBlob: true, webauthn:extension:largeBlob: true, webauthn:extension:minPinLength: true, webauthn:extension:prf: true, webauthn:virtualAuthenticators: true}
Session ID: 109d22cd32b2dd12b293bb4e8f145960
	at org.openqa.selenium.remote.codec.w3c.W3CHttpResponseCodec.createException(W3CHttpResponseCodec.java:200)
	at org.openqa.selenium.remote.codec.w3c.W3CHttpResponseCodec.decode(W3CHttpResponseCodec.java:133)
	at org.openqa.selenium.remote.codec.w3c.W3CHttpResponseCodec.decode(W3CHttpResponseCodec.java:52)
	at org.openqa.selenium.remote.HttpCommandExecutor.execute(HttpCommandExecutor.java:191)
	at org.openqa.selenium.remote.service.DriverCommandExecutor.invokeExecute(DriverCommandExecutor.java:196)
	at org.openqa.selenium.remote.service.DriverCommandExecutor.execute(DriverCommandExecutor.java:171)
	at org.openqa.selenium.remote.RemoteWebDriver.execute(RemoteWebDriver.java:518)
	at org.openqa.selenium.remote.ElementLocation$ElementFinder$2.findElement(ElementLocation.java:165)
	at org.openqa.selenium.remote.ElementLocation.findElement(ElementLocation.java:59)
	at org.openqa.selenium.remote.RemoteWebDriver.findElement(RemoteWebDriver.java:355)
	at org.openqa.selenium.remote.RemoteWebDriver.findElement(RemoteWebDriver.java:349)
	at org.openqa.selenium.support.pagefactory.DefaultElementLocator.findElement(DefaultElementLocator.java:68)
	at org.openqa.selenium.support.pagefactory.internal.LocatingElementHandler.invoke(LocatingElementHandler.java:38)
	at jdk.proxy2/jdk.proxy2.$Proxy47.click(Unknown Source)
	at Pages.pagecheckout.conform(pagecheckout.java:223)
	at Steps.checkoutstepdef.the_user_should_see_a_confirmation_message(checkoutstepdef.java:214)
	at ✽.the user should see a confirmation message(file:///C:/Users/Sai/eclipse-workspace/RLL/Demo_Web_Shop/src/test/java/Features/checkoutdemo.feature:40)
... Removed 5 stack frames
</div> <!-- stack-trace -->
                  <em>
(Runs Cucumber Scenarios)                  </em>
                </div> <!-- method-content -->
              </div> <!-- method -->
            </div> <!-- main-panel-content rounded-window-bottom -->
          </div> <!-- suite-DemoWebShop_Suite-class-failed -->
          <div class="suite-DemoWebShop_Suite-class-failed">
            <div class="main-panel-header rounded-window-top">
              <img src="failed.png"/>
              <span class="class-name">Runner.registration_testng_runner</span>
            </div> <!-- main-panel-header rounded-window-top -->
            <div class="main-panel-content rounded-window-bottom">
              <div class="method">
                <div class="method-content">
                  <a name="runScenario(&quot;Register user with different data&quot;, &quot;To Test the DemoWebShop Register functionality&quot;)">
                  </a> <!-- runScenario("Register user with different data", "To Test the DemoWebShop Register functionality") -->
                  <span class="method-name">runScenario</span>
                  <span class="parameters">("Register user with different data","To Test the DemoWebShop Register functionality")</span>
                  <div class="stack-trace">java.lang.AssertionError: Failure got to catch block
	at Steps.RegistrationStepDef.the_user_clicks_on_register(RegistrationStepDef.java:122)
	at ✽.the user clicks on register(file:///C:/Users/Sai/eclipse-workspace/RLL/Demo_Web_Shop/src/test/java/Features/Registration.feature:11)
... Removed 1 stack frames
</div> <!-- stack-trace -->
                  <em>
(Runs Cucumber Scenarios)                  </em>
                </div> <!-- method-content -->
              </div> <!-- method -->
              <div class="method">
                <div class="method-content">
                  <a name="runScenario(&quot;Register user with different data&quot;, &quot;To Test the DemoWebShop Register functionality&quot;)">
                  </a> <!-- runScenario("Register user with different data", "To Test the DemoWebShop Register functionality") -->
                  <span class="method-name">runScenario</span>
                  <span class="parameters">("Register user with different data","To Test the DemoWebShop Register functionality")</span>
                  <div class="stack-trace">java.lang.AssertionError: Failure got to catch block
	at Steps.RegistrationStepDef.the_user_clicks_on_register(RegistrationStepDef.java:122)
	at ✽.the user clicks on register(file:///C:/Users/Sai/eclipse-workspace/RLL/Demo_Web_Shop/src/test/java/Features/Registration.feature:11)
... Removed 1 stack frames
</div> <!-- stack-trace -->
                  <em>
(Runs Cucumber Scenarios)                  </em>
                </div> <!-- method-content -->
              </div> <!-- method -->
              <div class="method">
                <div class="method-content">
                  <a name="runScenario(&quot;Register user with different data&quot;, &quot;To Test the DemoWebShop Register functionality&quot;)">
                  </a> <!-- runScenario("Register user with different data", "To Test the DemoWebShop Register functionality") -->
                  <span class="method-name">runScenario</span>
                  <span class="parameters">("Register user with different data","To Test the DemoWebShop Register functionality")</span>
                  <div class="stack-trace">java.lang.AssertionError: Failure got to catch block
	at Steps.RegistrationStepDef.the_user_clicks_on_register(RegistrationStepDef.java:122)
	at ✽.the user clicks on register(file:///C:/Users/Sai/eclipse-workspace/RLL/Demo_Web_Shop/src/test/java/Features/Registration.feature:11)
... Removed 1 stack frames
</div> <!-- stack-trace -->
                  <em>
(Runs Cucumber Scenarios)                  </em>
                </div> <!-- method-content -->
              </div> <!-- method -->
              <div class="method">
                <div class="method-content">
                  <a name="runScenario(&quot;Register user with different data&quot;, &quot;To Test the DemoWebShop Register functionality&quot;)">
                  </a> <!-- runScenario("Register user with different data", "To Test the DemoWebShop Register functionality") -->
                  <span class="method-name">runScenario</span>
                  <span class="parameters">("Register user with different data","To Test the DemoWebShop Register functionality")</span>
                  <div class="stack-trace">java.lang.AssertionError: Failure got to catch block
	at Steps.RegistrationStepDef.the_user_clicks_on_register(RegistrationStepDef.java:122)
	at ✽.the user clicks on register(file:///C:/Users/Sai/eclipse-workspace/RLL/Demo_Web_Shop/src/test/java/Features/Registration.feature:11)
... Removed 1 stack frames
</div> <!-- stack-trace -->
                  <em>
(Runs Cucumber Scenarios)                  </em>
                </div> <!-- method-content -->
              </div> <!-- method -->
            </div> <!-- main-panel-content rounded-window-bottom -->
          </div> <!-- suite-DemoWebShop_Suite-class-failed -->
          <div class="suite-DemoWebShop_Suite-class-failed">
            <div class="main-panel-header rounded-window-top">
              <img src="failed.png"/>
              <span class="class-name">Runner.login_testng_runner</span>
            </div> <!-- main-panel-header rounded-window-top -->
            <div class="main-panel-content rounded-window-bottom">
              <div class="method">
                <div class="method-content">
                  <a name="runScenario(&quot;User login with different credentials&quot;, &quot;To Test DemoWebShop Login functionality&quot;)">
                  </a> <!-- runScenario("User login with different credentials", "To Test DemoWebShop Login functionality") -->
                  <span class="method-name">runScenario</span>
                  <span class="parameters">("User login with different credentials","To Test DemoWebShop Login functionality")</span>
                  <div class="stack-trace">org.openqa.selenium.InvalidElementStateException: invalid element state
  (Session info: chrome=120.0.6099.225)
Build info: version: &apos;4.11.0&apos;, revision: &apos;040bc5406b&apos;
System info: os.name: &apos;Windows 10&apos;, os.arch: &apos;amd64&apos;, os.version: &apos;10.0&apos;, java.version: &apos;17.0.9&apos;
Driver info: org.openqa.selenium.chrome.ChromeDriver
Command: [ad988f3cb2629063b45d5d1c70624a2e, clearElement {id=C391282F48B156C4FECF09C2A31F0D8E_element_72}]
Capabilities {acceptInsecureCerts: false, browserName: chrome, browserVersion: 120.0.6099.225, chrome: {chromedriverVersion: 120.0.6099.109 (3419140ab66..., userDataDir: C:\Users\Sai\AppData\Local\...}, fedcm:accounts: true, goog:chromeOptions: {debuggerAddress: localhost:29911}, networkConnectionEnabled: false, pageLoadStrategy: normal, platformName: windows, proxy: Proxy(), se:cdp: ws://localhost:29911/devtoo..., se:cdpVersion: 120.0.6099.225, setWindowRect: true, strictFileInteractability: false, timeouts: {implicit: 0, pageLoad: 300000, script: 30000}, unhandledPromptBehavior: dismiss and notify, webauthn:extension:credBlob: true, webauthn:extension:largeBlob: true, webauthn:extension:minPinLength: true, webauthn:extension:prf: true, webauthn:virtualAuthenticators: true}
Element: [[ChromeDriver: chrome on windows (ad988f3cb2629063b45d5d1c70624a2e)] -&gt; xpath: //a[@href=&apos;/login&apos;]]
Session ID: ad988f3cb2629063b45d5d1c70624a2e
	at org.openqa.selenium.remote.codec.w3c.W3CHttpResponseCodec.createException(W3CHttpResponseCodec.java:200)
	at org.openqa.selenium.remote.codec.w3c.W3CHttpResponseCodec.decode(W3CHttpResponseCodec.java:133)
	at org.openqa.selenium.remote.codec.w3c.W3CHttpResponseCodec.decode(W3CHttpResponseCodec.java:52)
	at org.openqa.selenium.remote.HttpCommandExecutor.execute(HttpCommandExecutor.java:191)
	at org.openqa.selenium.remote.service.DriverCommandExecutor.invokeExecute(DriverCommandExecutor.java:196)
	at org.openqa.selenium.remote.service.DriverCommandExecutor.execute(DriverCommandExecutor.java:171)
	at org.openqa.selenium.remote.RemoteWebDriver.execute(RemoteWebDriver.java:518)
	at org.openqa.selenium.remote.RemoteWebElement.execute(RemoteWebElement.java:224)
	at org.openqa.selenium.remote.RemoteWebElement.clear(RemoteWebElement.java:130)
	at Steps.Logindemostepdef.messageShouldBeDisplayed(Logindemostepdef.java:107)
	at ✽.Message Should Be Displayed &apos;incorrect email or Password&apos;(file:///C:/Users/Sai/eclipse-workspace/RLL/Demo_Web_Shop/src/test/java/Features/Login.feature:7)
... Removed 5 stack frames
</div> <!-- stack-trace -->
                  <em>
(Runs Cucumber Scenarios)                  </em>
                </div> <!-- method-content -->
              </div> <!-- method -->
              <div class="method">
                <div class="method-content">
                  <a name="runScenario(&quot;User login with different credentials&quot;, &quot;To Test DemoWebShop Login functionality&quot;)">
                  </a> <!-- runScenario("User login with different credentials", "To Test DemoWebShop Login functionality") -->
                  <span class="method-name">runScenario</span>
                  <span class="parameters">("User login with different credentials","To Test DemoWebShop Login functionality")</span>
                  <div class="stack-trace">org.openqa.selenium.InvalidElementStateException: invalid element state
  (Session info: chrome=120.0.6099.225)
Build info: version: &apos;4.11.0&apos;, revision: &apos;040bc5406b&apos;
System info: os.name: &apos;Windows 10&apos;, os.arch: &apos;amd64&apos;, os.version: &apos;10.0&apos;, java.version: &apos;17.0.9&apos;
Driver info: org.openqa.selenium.chrome.ChromeDriver
Command: [510c9173e8d257422b69a483b564492c, clearElement {id=6F49CD21F861D46FF15C61B4E8925B03_element_64}]
Capabilities {acceptInsecureCerts: false, browserName: chrome, browserVersion: 120.0.6099.225, chrome: {chromedriverVersion: 120.0.6099.109 (3419140ab66..., userDataDir: C:\Users\Sai\AppData\Local\...}, fedcm:accounts: true, goog:chromeOptions: {debuggerAddress: localhost:30157}, networkConnectionEnabled: false, pageLoadStrategy: normal, platformName: windows, proxy: Proxy(), se:cdp: ws://localhost:30157/devtoo..., se:cdpVersion: 120.0.6099.225, setWindowRect: true, strictFileInteractability: false, timeouts: {implicit: 0, pageLoad: 300000, script: 30000}, unhandledPromptBehavior: dismiss and notify, webauthn:extension:credBlob: true, webauthn:extension:largeBlob: true, webauthn:extension:minPinLength: true, webauthn:extension:prf: true, webauthn:virtualAuthenticators: true}
Element: [[ChromeDriver: chrome on windows (510c9173e8d257422b69a483b564492c)] -&gt; xpath: //a[@href=&apos;/login&apos;]]
Session ID: 510c9173e8d257422b69a483b564492c
	at org.openqa.selenium.remote.codec.w3c.W3CHttpResponseCodec.createException(W3CHttpResponseCodec.java:200)
	at org.openqa.selenium.remote.codec.w3c.W3CHttpResponseCodec.decode(W3CHttpResponseCodec.java:133)
	at org.openqa.selenium.remote.codec.w3c.W3CHttpResponseCodec.decode(W3CHttpResponseCodec.java:52)
	at org.openqa.selenium.remote.HttpCommandExecutor.execute(HttpCommandExecutor.java:191)
	at org.openqa.selenium.remote.service.DriverCommandExecutor.invokeExecute(DriverCommandExecutor.java:196)
	at org.openqa.selenium.remote.service.DriverCommandExecutor.execute(DriverCommandExecutor.java:171)
	at org.openqa.selenium.remote.RemoteWebDriver.execute(RemoteWebDriver.java:518)
	at org.openqa.selenium.remote.RemoteWebElement.execute(RemoteWebElement.java:224)
	at org.openqa.selenium.remote.RemoteWebElement.clear(RemoteWebElement.java:130)
	at Steps.Logindemostepdef.messageShouldBeDisplayed(Logindemostepdef.java:107)
	at ✽.Message Should Be Displayed &apos;incorrect email or Password&apos;(file:///C:/Users/Sai/eclipse-workspace/RLL/Demo_Web_Shop/src/test/java/Features/Login.feature:7)
... Removed 5 stack frames
</div> <!-- stack-trace -->
                  <em>
(Runs Cucumber Scenarios)                  </em>
                </div> <!-- method-content -->
              </div> <!-- method -->
              <div class="method">
                <div class="method-content">
                  <a name="runScenario(&quot;User login with different credentials&quot;, &quot;To Test DemoWebShop Login functionality&quot;)">
                  </a> <!-- runScenario("User login with different credentials", "To Test DemoWebShop Login functionality") -->
                  <span class="method-name">runScenario</span>
                  <span class="parameters">("User login with different credentials","To Test DemoWebShop Login functionality")</span>
                  <div class="stack-trace">org.openqa.selenium.InvalidElementStateException: invalid element state
  (Session info: chrome=120.0.6099.225)
Build info: version: &apos;4.11.0&apos;, revision: &apos;040bc5406b&apos;
System info: os.name: &apos;Windows 10&apos;, os.arch: &apos;amd64&apos;, os.version: &apos;10.0&apos;, java.version: &apos;17.0.9&apos;
Driver info: org.openqa.selenium.chrome.ChromeDriver
Command: [d785c0840a0a1450cbc3e4e84adce295, clearElement {id=B4C9D4A59D75FE8514794DB062D52DD7_element_63}]
Capabilities {acceptInsecureCerts: false, browserName: chrome, browserVersion: 120.0.6099.225, chrome: {chromedriverVersion: 120.0.6099.109 (3419140ab66..., userDataDir: C:\Users\Sai\AppData\Local\...}, fedcm:accounts: true, goog:chromeOptions: {debuggerAddress: localhost:30640}, networkConnectionEnabled: false, pageLoadStrategy: normal, platformName: windows, proxy: Proxy(), se:cdp: ws://localhost:30640/devtoo..., se:cdpVersion: 120.0.6099.225, setWindowRect: true, strictFileInteractability: false, timeouts: {implicit: 0, pageLoad: 300000, script: 30000}, unhandledPromptBehavior: dismiss and notify, webauthn:extension:credBlob: true, webauthn:extension:largeBlob: true, webauthn:extension:minPinLength: true, webauthn:extension:prf: true, webauthn:virtualAuthenticators: true}
Element: [[ChromeDriver: chrome on windows (d785c0840a0a1450cbc3e4e84adce295)] -&gt; xpath: //a[@href=&apos;/login&apos;]]
Session ID: d785c0840a0a1450cbc3e4e84adce295
	at org.openqa.selenium.remote.codec.w3c.W3CHttpResponseCodec.createException(W3CHttpResponseCodec.java:200)
	at org.openqa.selenium.remote.codec.w3c.W3CHttpResponseCodec.decode(W3CHttpResponseCodec.java:133)
	at org.openqa.selenium.remote.codec.w3c.W3CHttpResponseCodec.decode(W3CHttpResponseCodec.java:52)
	at org.openqa.selenium.remote.HttpCommandExecutor.execute(HttpCommandExecutor.java:191)
	at org.openqa.selenium.remote.service.DriverCommandExecutor.invokeExecute(DriverCommandExecutor.java:196)
	at org.openqa.selenium.remote.service.DriverCommandExecutor.execute(DriverCommandExecutor.java:171)
	at org.openqa.selenium.remote.RemoteWebDriver.execute(RemoteWebDriver.java:518)
	at org.openqa.selenium.remote.RemoteWebElement.execute(RemoteWebElement.java:224)
	at org.openqa.selenium.remote.RemoteWebElement.clear(RemoteWebElement.java:130)
	at Steps.Logindemostepdef.messageShouldBeDisplayed(Logindemostepdef.java:107)
	at ✽.Message Should Be Displayed &apos;incorrect email or Password&apos;(file:///C:/Users/Sai/eclipse-workspace/RLL/Demo_Web_Shop/src/test/java/Features/Login.feature:7)
... Removed 5 stack frames
</div> <!-- stack-trace -->
                  <em>
(Runs Cucumber Scenarios)                  </em>
                </div> <!-- method-content -->
              </div> <!-- method -->
              <div class="method">
                <div class="method-content">
                  <a name="runScenario(&quot;User login with different credentials&quot;, &quot;To Test DemoWebShop Login functionality&quot;)">
                  </a> <!-- runScenario("User login with different credentials", "To Test DemoWebShop Login functionality") -->
                  <span class="method-name">runScenario</span>
                  <span class="parameters">("User login with different credentials","To Test DemoWebShop Login functionality")</span>
                  <div class="stack-trace">org.openqa.selenium.InvalidElementStateException: invalid element state
  (Session info: chrome=120.0.6099.225)
Build info: version: &apos;4.11.0&apos;, revision: &apos;040bc5406b&apos;
System info: os.name: &apos;Windows 10&apos;, os.arch: &apos;amd64&apos;, os.version: &apos;10.0&apos;, java.version: &apos;17.0.9&apos;
Driver info: org.openqa.selenium.chrome.ChromeDriver
Command: [ed4dde903ea8ed2cfb42f7082ba20cca, clearElement {id=DB07F4E8EAEF93E087F6D3AA5DF122B5_element_66}]
Capabilities {acceptInsecureCerts: false, browserName: chrome, browserVersion: 120.0.6099.225, chrome: {chromedriverVersion: 120.0.6099.109 (3419140ab66..., userDataDir: C:\Users\Sai\AppData\Local\...}, fedcm:accounts: true, goog:chromeOptions: {debuggerAddress: localhost:30400}, networkConnectionEnabled: false, pageLoadStrategy: normal, platformName: windows, proxy: Proxy(), se:cdp: ws://localhost:30400/devtoo..., se:cdpVersion: 120.0.6099.225, setWindowRect: true, strictFileInteractability: false, timeouts: {implicit: 0, pageLoad: 300000, script: 30000}, unhandledPromptBehavior: dismiss and notify, webauthn:extension:credBlob: true, webauthn:extension:largeBlob: true, webauthn:extension:minPinLength: true, webauthn:extension:prf: true, webauthn:virtualAuthenticators: true}
Element: [[ChromeDriver: chrome on windows (ed4dde903ea8ed2cfb42f7082ba20cca)] -&gt; xpath: //a[@href=&apos;/login&apos;]]
Session ID: ed4dde903ea8ed2cfb42f7082ba20cca
	at org.openqa.selenium.remote.codec.w3c.W3CHttpResponseCodec.createException(W3CHttpResponseCodec.java:200)
	at org.openqa.selenium.remote.codec.w3c.W3CHttpResponseCodec.decode(W3CHttpResponseCodec.java:133)
	at org.openqa.selenium.remote.codec.w3c.W3CHttpResponseCodec.decode(W3CHttpResponseCodec.java:52)
	at org.openqa.selenium.remote.HttpCommandExecutor.execute(HttpCommandExecutor.java:191)
	at org.openqa.selenium.remote.service.DriverCommandExecutor.invokeExecute(DriverCommandExecutor.java:196)
	at org.openqa.selenium.remote.service.DriverCommandExecutor.execute(DriverCommandExecutor.java:171)
	at org.openqa.selenium.remote.RemoteWebDriver.execute(RemoteWebDriver.java:518)
	at org.openqa.selenium.remote.RemoteWebElement.execute(RemoteWebElement.java:224)
	at org.openqa.selenium.remote.RemoteWebElement.clear(RemoteWebElement.java:130)
	at Steps.Logindemostepdef.messageShouldBeDisplayed(Logindemostepdef.java:107)
	at ✽.Message Should Be Displayed &apos;incorrect email or Password&apos;(file:///C:/Users/Sai/eclipse-workspace/RLL/Demo_Web_Shop/src/test/java/Features/Login.feature:7)
... Removed 5 stack frames
</div> <!-- stack-trace -->
                  <em>
(Runs Cucumber Scenarios)                  </em>
                </div> <!-- method-content -->
              </div> <!-- method -->
            </div> <!-- main-panel-content rounded-window-bottom -->
          </div> <!-- suite-DemoWebShop_Suite-class-failed -->
          <div class="suite-DemoWebShop_Suite-class-failed">
            <div class="main-panel-header rounded-window-top">
              <img src="failed.png"/>
              <span class="class-name">Runner.com_poll_testng_runner</span>
            </div> <!-- main-panel-header rounded-window-top -->
            <div class="main-panel-content rounded-window-bottom">
              <div class="method">
                <div class="method-content">
                  <a name="runScenario(&quot;User to poll with login&quot;, &quot;To Test DemoWebshop Community Poll Functionality&quot;)">
                  </a> <!-- runScenario("User to poll with login", "To Test DemoWebshop Community Poll Functionality") -->
                  <span class="method-name">runScenario</span>
                  <span class="parameters">("User to poll with login","To Test DemoWebshop Community Poll Functionality")</span>
                  <div class="stack-trace">junit.framework.AssertionFailedError: 7321 vote(s)...
	at junit.framework.Assert.fail(Assert.java:57)
	at junit.framework.Assert.assertTrue(Assert.java:22)
	at junit.framework.Assert.assertFalse(Assert.java:39)
	at Steps.CommunitypollStepdef.user_select_one_option_from_poll_and_vote(CommunitypollStepdef.java:79)
	at ✽.User select one option from poll and vote(file:///C:/Users/Sai/eclipse-workspace/RLL/Demo_Web_Shop/src/test/java/Features/com_poll.feature:8)

</div> <!-- stack-trace -->
                  <em>
(Runs Cucumber Scenarios)                  </em>
                </div> <!-- method-content -->
              </div> <!-- method -->
              <div class="method">
                <div class="method-content">
                  <a name="runScenario(&quot;User to poll without Login&quot;, &quot;To Test DemoWebshop Community Poll Functionality&quot;)">
                  </a> <!-- runScenario("User to poll without Login", "To Test DemoWebshop Community Poll Functionality") -->
                  <span class="method-name">runScenario</span>
                  <span class="parameters">("User to poll without Login","To Test DemoWebshop Community Poll Functionality")</span>
                  <div class="stack-trace">junit.framework.AssertionFailedError: Only registered users can vote.
	at junit.framework.Assert.fail(Assert.java:57)
	at junit.framework.Assert.assertTrue(Assert.java:22)
	at junit.framework.Assert.assertFalse(Assert.java:39)
	at Steps.CommunitypollStepdef.click_on_vote_button(CommunitypollStepdef.java:99)
	at ✽.Click on vote button(file:///C:/Users/Sai/eclipse-workspace/RLL/Demo_Web_Shop/src/test/java/Features/com_poll.feature:13)

</div> <!-- stack-trace -->
                  <em>
(Runs Cucumber Scenarios)                  </em>
                </div> <!-- method-content -->
              </div> <!-- method -->
            </div> <!-- main-panel-content rounded-window-bottom -->
          </div> <!-- suite-DemoWebShop_Suite-class-failed -->
          <div class="suite-DemoWebShop_Suite-class-skipped">
            <div class="main-panel-header rounded-window-top">
              <img src="skipped.png"/>
              <span class="class-name">Runner.nls_testng_runner</span>
            </div> <!-- main-panel-header rounded-window-top -->
            <div class="main-panel-content rounded-window-bottom">
              <div class="method">
                <div class="method-content">
                  <a name="runScenario(&quot;Testing of News Letter Subscription Page&quot;, &quot;To Test DemoWebshop NewsLetter Subscription Functionali...)">
                  </a> <!-- runScenario("Testing of News Letter Subscription Page", "To Test DemoWebshop NewsLetter Subscription Functionali...) -->
                  <span class="method-name">runScenario</span>
                  <span class="parameters">("Testing of News Letter Subscription Page","To Test DemoWebshop NewsLetter Subscription Functionality")</span>
                  <div class="stack-trace">org.openqa.selenium.NoSuchElementException: no such element: Unable to locate element: {&quot;method&quot;:&quot;xpath&quot;,&quot;selector&quot;:&quot;//a[@class=&apos;ico-logout&apos;]&quot;}
  (Session info: chrome=120.0.6099.225)
For documentation on this error, please visit: https://www.selenium.dev/documentation/webdriver/troubleshooting/errors#no-such-element-exception
Build info: version: &apos;4.11.0&apos;, revision: &apos;040bc5406b&apos;
System info: os.name: &apos;Windows 10&apos;, os.arch: &apos;amd64&apos;, os.version: &apos;10.0&apos;, java.version: &apos;17.0.9&apos;
Driver info: org.openqa.selenium.chrome.ChromeDriver
Command: [da1a623a740eb747fff8987c413e7305, findElement {using=xpath, value=//a[@class=&apos;ico-logout&apos;]}]
Capabilities {acceptInsecureCerts: false, browserName: chrome, browserVersion: 120.0.6099.225, chrome: {chromedriverVersion: 120.0.6099.109 (3419140ab66..., userDataDir: C:\Users\Sai\AppData\Local\...}, fedcm:accounts: true, goog:chromeOptions: {debuggerAddress: localhost:32220}, networkConnectionEnabled: false, pageLoadStrategy: normal, platformName: windows, proxy: Proxy(), se:cdp: ws://localhost:32220/devtoo..., se:cdpVersion: 120.0.6099.225, setWindowRect: true, strictFileInteractability: false, timeouts: {implicit: 0, pageLoad: 300000, script: 30000}, unhandledPromptBehavior: dismiss and notify, webauthn:extension:credBlob: true, webauthn:extension:largeBlob: true, webauthn:extension:minPinLength: true, webauthn:extension:prf: true, webauthn:virtualAuthenticators: true}
Session ID: da1a623a740eb747fff8987c413e7305
	at org.openqa.selenium.remote.codec.w3c.W3CHttpResponseCodec.createException(W3CHttpResponseCodec.java:200)
	at org.openqa.selenium.remote.codec.w3c.W3CHttpResponseCodec.decode(W3CHttpResponseCodec.java:133)
	at org.openqa.selenium.remote.codec.w3c.W3CHttpResponseCodec.decode(W3CHttpResponseCodec.java:52)
	at org.openqa.selenium.remote.HttpCommandExecutor.execute(HttpCommandExecutor.java:191)
	at org.openqa.selenium.remote.service.DriverCommandExecutor.invokeExecute(DriverCommandExecutor.java:196)
	at org.openqa.selenium.remote.service.DriverCommandExecutor.execute(DriverCommandExecutor.java:171)
	at org.openqa.selenium.remote.RemoteWebDriver.execute(RemoteWebDriver.java:518)
	at org.openqa.selenium.remote.ElementLocation$ElementFinder$2.findElement(ElementLocation.java:165)
	at org.openqa.selenium.remote.ElementLocation.findElement(ElementLocation.java:59)
	at org.openqa.selenium.remote.RemoteWebDriver.findElement(RemoteWebDriver.java:355)
	at org.openqa.selenium.remote.RemoteWebDriver.findElement(RemoteWebDriver.java:349)
	at org.openqa.selenium.support.pagefactory.DefaultElementLocator.findElement(DefaultElementLocator.java:68)
	at org.openqa.selenium.support.pagefactory.internal.LocatingElementHandler.invoke(LocatingElementHandler.java:38)
	at jdk.proxy2/jdk.proxy2.$Proxy47.click(Unknown Source)
	at Pages.subscriptionofnewsletter_page.Click_Logout(subscriptionofnewsletter_page.java:116)
	at Steps.subscriptionofnewsletter_stepdef.i_logout(subscriptionofnewsletter_stepdef.java:187)
	at ✽.I logout(file:///C:/Users/Sai/eclipse-workspace/RLL/Demo_Web_Shop/src/test/java/Features/subscriptionofnewsletter.feature:14)
... Removed 5 stack frames
</div> <!-- stack-trace -->
                  <em>
(Runs Cucumber Scenarios)                  </em>
                </div> <!-- method-content -->
              </div> <!-- method -->
              <div class="method">
                <div class="method-content">
                  <a name="runScenario(&quot;Testing of News Letter Subscription Page&quot;, &quot;To Test DemoWebshop NewsLetter Subscription Functionali...)">
                  </a> <!-- runScenario("Testing of News Letter Subscription Page", "To Test DemoWebshop NewsLetter Subscription Functionali...) -->
                  <span class="method-name">runScenario</span>
                  <span class="parameters">("Testing of News Letter Subscription Page","To Test DemoWebshop NewsLetter Subscription Functionality")</span>
                  <div class="stack-trace">org.openqa.selenium.NoSuchElementException: no such element: Unable to locate element: {&quot;method&quot;:&quot;xpath&quot;,&quot;selector&quot;:&quot;//a[@class=&apos;ico-logout&apos;]&quot;}
  (Session info: chrome=120.0.6099.225)
For documentation on this error, please visit: https://www.selenium.dev/documentation/webdriver/troubleshooting/errors#no-such-element-exception
Build info: version: &apos;4.11.0&apos;, revision: &apos;040bc5406b&apos;
System info: os.name: &apos;Windows 10&apos;, os.arch: &apos;amd64&apos;, os.version: &apos;10.0&apos;, java.version: &apos;17.0.9&apos;
Driver info: org.openqa.selenium.chrome.ChromeDriver
Command: [da1a623a740eb747fff8987c413e7305, findElement {using=xpath, value=//a[@class=&apos;ico-logout&apos;]}]
Capabilities {acceptInsecureCerts: false, browserName: chrome, browserVersion: 120.0.6099.225, chrome: {chromedriverVersion: 120.0.6099.109 (3419140ab66..., userDataDir: C:\Users\Sai\AppData\Local\...}, fedcm:accounts: true, goog:chromeOptions: {debuggerAddress: localhost:32220}, networkConnectionEnabled: false, pageLoadStrategy: normal, platformName: windows, proxy: Proxy(), se:cdp: ws://localhost:32220/devtoo..., se:cdpVersion: 120.0.6099.225, setWindowRect: true, strictFileInteractability: false, timeouts: {implicit: 0, pageLoad: 300000, script: 30000}, unhandledPromptBehavior: dismiss and notify, webauthn:extension:credBlob: true, webauthn:extension:largeBlob: true, webauthn:extension:minPinLength: true, webauthn:extension:prf: true, webauthn:virtualAuthenticators: true}
Session ID: da1a623a740eb747fff8987c413e7305
	at org.openqa.selenium.remote.codec.w3c.W3CHttpResponseCodec.createException(W3CHttpResponseCodec.java:200)
	at org.openqa.selenium.remote.codec.w3c.W3CHttpResponseCodec.decode(W3CHttpResponseCodec.java:133)
	at org.openqa.selenium.remote.codec.w3c.W3CHttpResponseCodec.decode(W3CHttpResponseCodec.java:52)
	at org.openqa.selenium.remote.HttpCommandExecutor.execute(HttpCommandExecutor.java:191)
	at org.openqa.selenium.remote.service.DriverCommandExecutor.invokeExecute(DriverCommandExecutor.java:196)
	at org.openqa.selenium.remote.service.DriverCommandExecutor.execute(DriverCommandExecutor.java:171)
	at org.openqa.selenium.remote.RemoteWebDriver.execute(RemoteWebDriver.java:518)
	at org.openqa.selenium.remote.ElementLocation$ElementFinder$2.findElement(ElementLocation.java:165)
	at org.openqa.selenium.remote.ElementLocation.findElement(ElementLocation.java:59)
	at org.openqa.selenium.remote.RemoteWebDriver.findElement(RemoteWebDriver.java:355)
	at org.openqa.selenium.remote.RemoteWebDriver.findElement(RemoteWebDriver.java:349)
	at org.openqa.selenium.support.pagefactory.DefaultElementLocator.findElement(DefaultElementLocator.java:68)
	at org.openqa.selenium.support.pagefactory.internal.LocatingElementHandler.invoke(LocatingElementHandler.java:38)
	at jdk.proxy2/jdk.proxy2.$Proxy47.click(Unknown Source)
	at Pages.subscriptionofnewsletter_page.Click_Logout(subscriptionofnewsletter_page.java:116)
	at Steps.subscriptionofnewsletter_stepdef.i_logout(subscriptionofnewsletter_stepdef.java:187)
	at ✽.I logout(file:///C:/Users/Sai/eclipse-workspace/RLL/Demo_Web_Shop/src/test/java/Features/subscriptionofnewsletter.feature:14)
... Removed 5 stack frames
</div> <!-- stack-trace -->
                  <em>
(Runs Cucumber Scenarios)                  </em>
                </div> <!-- method-content -->
              </div> <!-- method -->
              <div class="method">
                <div class="method-content">
                  <a name="runScenario(&quot;Testing of News Letter Subscription Page&quot;, &quot;To Test DemoWebshop NewsLetter Subscription Functionali...)">
                  </a> <!-- runScenario("Testing of News Letter Subscription Page", "To Test DemoWebshop NewsLetter Subscription Functionali...) -->
                  <span class="method-name">runScenario</span>
                  <span class="parameters">("Testing of News Letter Subscription Page","To Test DemoWebshop NewsLetter Subscription Functionality")</span>
                  <div class="stack-trace">org.openqa.selenium.NoSuchElementException: no such element: Unable to locate element: {&quot;method&quot;:&quot;xpath&quot;,&quot;selector&quot;:&quot;//a[@class=&apos;ico-logout&apos;]&quot;}
  (Session info: chrome=120.0.6099.225)
For documentation on this error, please visit: https://www.selenium.dev/documentation/webdriver/troubleshooting/errors#no-such-element-exception
Build info: version: &apos;4.11.0&apos;, revision: &apos;040bc5406b&apos;
System info: os.name: &apos;Windows 10&apos;, os.arch: &apos;amd64&apos;, os.version: &apos;10.0&apos;, java.version: &apos;17.0.9&apos;
Driver info: org.openqa.selenium.chrome.ChromeDriver
Command: [da1a623a740eb747fff8987c413e7305, findElement {using=xpath, value=//a[@class=&apos;ico-logout&apos;]}]
Capabilities {acceptInsecureCerts: false, browserName: chrome, browserVersion: 120.0.6099.225, chrome: {chromedriverVersion: 120.0.6099.109 (3419140ab66..., userDataDir: C:\Users\Sai\AppData\Local\...}, fedcm:accounts: true, goog:chromeOptions: {debuggerAddress: localhost:32220}, networkConnectionEnabled: false, pageLoadStrategy: normal, platformName: windows, proxy: Proxy(), se:cdp: ws://localhost:32220/devtoo..., se:cdpVersion: 120.0.6099.225, setWindowRect: true, strictFileInteractability: false, timeouts: {implicit: 0, pageLoad: 300000, script: 30000}, unhandledPromptBehavior: dismiss and notify, webauthn:extension:credBlob: true, webauthn:extension:largeBlob: true, webauthn:extension:minPinLength: true, webauthn:extension:prf: true, webauthn:virtualAuthenticators: true}
Session ID: da1a623a740eb747fff8987c413e7305
	at org.openqa.selenium.remote.codec.w3c.W3CHttpResponseCodec.createException(W3CHttpResponseCodec.java:200)
	at org.openqa.selenium.remote.codec.w3c.W3CHttpResponseCodec.decode(W3CHttpResponseCodec.java:133)
	at org.openqa.selenium.remote.codec.w3c.W3CHttpResponseCodec.decode(W3CHttpResponseCodec.java:52)
	at org.openqa.selenium.remote.HttpCommandExecutor.execute(HttpCommandExecutor.java:191)
	at org.openqa.selenium.remote.service.DriverCommandExecutor.invokeExecute(DriverCommandExecutor.java:196)
	at org.openqa.selenium.remote.service.DriverCommandExecutor.execute(DriverCommandExecutor.java:171)
	at org.openqa.selenium.remote.RemoteWebDriver.execute(RemoteWebDriver.java:518)
	at org.openqa.selenium.remote.ElementLocation$ElementFinder$2.findElement(ElementLocation.java:165)
	at org.openqa.selenium.remote.ElementLocation.findElement(ElementLocation.java:59)
	at org.openqa.selenium.remote.RemoteWebDriver.findElement(RemoteWebDriver.java:355)
	at org.openqa.selenium.remote.RemoteWebDriver.findElement(RemoteWebDriver.java:349)
	at org.openqa.selenium.support.pagefactory.DefaultElementLocator.findElement(DefaultElementLocator.java:68)
	at org.openqa.selenium.support.pagefactory.internal.LocatingElementHandler.invoke(LocatingElementHandler.java:38)
	at jdk.proxy2/jdk.proxy2.$Proxy47.click(Unknown Source)
	at Pages.subscriptionofnewsletter_page.Click_Logout(subscriptionofnewsletter_page.java:116)
	at Steps.subscriptionofnewsletter_stepdef.i_logout(subscriptionofnewsletter_stepdef.java:187)
	at ✽.I logout(file:///C:/Users/Sai/eclipse-workspace/RLL/Demo_Web_Shop/src/test/java/Features/subscriptionofnewsletter.feature:14)
... Removed 5 stack frames
</div> <!-- stack-trace -->
                  <em>
(Runs Cucumber Scenarios)                  </em>
                </div> <!-- method-content -->
              </div> <!-- method -->
              <div class="method">
                <div class="method-content">
                  <a name="runScenario(&quot;Testing of News Letter Subscription Page&quot;, &quot;To Test DemoWebshop NewsLetter Subscription Functionali...)">
                  </a> <!-- runScenario("Testing of News Letter Subscription Page", "To Test DemoWebshop NewsLetter Subscription Functionali...) -->
                  <span class="method-name">runScenario</span>
                  <span class="parameters">("Testing of News Letter Subscription Page","To Test DemoWebshop NewsLetter Subscription Functionality")</span>
                  <div class="stack-trace">org.openqa.selenium.NoSuchElementException: no such element: Unable to locate element: {&quot;method&quot;:&quot;xpath&quot;,&quot;selector&quot;:&quot;//a[@class=&apos;ico-logout&apos;]&quot;}
  (Session info: chrome=120.0.6099.225)
For documentation on this error, please visit: https://www.selenium.dev/documentation/webdriver/troubleshooting/errors#no-such-element-exception
Build info: version: &apos;4.11.0&apos;, revision: &apos;040bc5406b&apos;
System info: os.name: &apos;Windows 10&apos;, os.arch: &apos;amd64&apos;, os.version: &apos;10.0&apos;, java.version: &apos;17.0.9&apos;
Driver info: org.openqa.selenium.chrome.ChromeDriver
Command: [da1a623a740eb747fff8987c413e7305, findElement {using=xpath, value=//a[@class=&apos;ico-logout&apos;]}]
Capabilities {acceptInsecureCerts: false, browserName: chrome, browserVersion: 120.0.6099.225, chrome: {chromedriverVersion: 120.0.6099.109 (3419140ab66..., userDataDir: C:\Users\Sai\AppData\Local\...}, fedcm:accounts: true, goog:chromeOptions: {debuggerAddress: localhost:32220}, networkConnectionEnabled: false, pageLoadStrategy: normal, platformName: windows, proxy: Proxy(), se:cdp: ws://localhost:32220/devtoo..., se:cdpVersion: 120.0.6099.225, setWindowRect: true, strictFileInteractability: false, timeouts: {implicit: 0, pageLoad: 300000, script: 30000}, unhandledPromptBehavior: dismiss and notify, webauthn:extension:credBlob: true, webauthn:extension:largeBlob: true, webauthn:extension:minPinLength: true, webauthn:extension:prf: true, webauthn:virtualAuthenticators: true}
Session ID: da1a623a740eb747fff8987c413e7305
	at org.openqa.selenium.remote.codec.w3c.W3CHttpResponseCodec.createException(W3CHttpResponseCodec.java:200)
	at org.openqa.selenium.remote.codec.w3c.W3CHttpResponseCodec.decode(W3CHttpResponseCodec.java:133)
	at org.openqa.selenium.remote.codec.w3c.W3CHttpResponseCodec.decode(W3CHttpResponseCodec.java:52)
	at org.openqa.selenium.remote.HttpCommandExecutor.execute(HttpCommandExecutor.java:191)
	at org.openqa.selenium.remote.service.DriverCommandExecutor.invokeExecute(DriverCommandExecutor.java:196)
	at org.openqa.selenium.remote.service.DriverCommandExecutor.execute(DriverCommandExecutor.java:171)
	at org.openqa.selenium.remote.RemoteWebDriver.execute(RemoteWebDriver.java:518)
	at org.openqa.selenium.remote.ElementLocation$ElementFinder$2.findElement(ElementLocation.java:165)
	at org.openqa.selenium.remote.ElementLocation.findElement(ElementLocation.java:59)
	at org.openqa.selenium.remote.RemoteWebDriver.findElement(RemoteWebDriver.java:355)
	at org.openqa.selenium.remote.RemoteWebDriver.findElement(RemoteWebDriver.java:349)
	at org.openqa.selenium.support.pagefactory.DefaultElementLocator.findElement(DefaultElementLocator.java:68)
	at org.openqa.selenium.support.pagefactory.internal.LocatingElementHandler.invoke(LocatingElementHandler.java:38)
	at jdk.proxy2/jdk.proxy2.$Proxy47.click(Unknown Source)
	at Pages.subscriptionofnewsletter_page.Click_Logout(subscriptionofnewsletter_page.java:116)
	at Steps.subscriptionofnewsletter_stepdef.i_logout(subscriptionofnewsletter_stepdef.java:187)
	at ✽.I logout(file:///C:/Users/Sai/eclipse-workspace/RLL/Demo_Web_Shop/src/test/java/Features/subscriptionofnewsletter.feature:14)
... Removed 5 stack frames
</div> <!-- stack-trace -->
                  <em>
(Runs Cucumber Scenarios)                  </em>
                </div> <!-- method-content -->
              </div> <!-- method -->
              <div class="method">
                <div class="method-content">
                  <a name="runScenario(&quot;Testing of News Letter Subscription Page&quot;, &quot;To Test DemoWebshop NewsLetter Subscription Functionali...)">
                  </a> <!-- runScenario("Testing of News Letter Subscription Page", "To Test DemoWebshop NewsLetter Subscription Functionali...) -->
                  <span class="method-name">runScenario</span>
                  <span class="parameters">("Testing of News Letter Subscription Page","To Test DemoWebshop NewsLetter Subscription Functionality")</span>
                  <div class="stack-trace">org.openqa.selenium.NoSuchElementException: no such element: Unable to locate element: {&quot;method&quot;:&quot;xpath&quot;,&quot;selector&quot;:&quot;//a[@class=&apos;ico-logout&apos;]&quot;}
  (Session info: chrome=120.0.6099.225)
For documentation on this error, please visit: https://www.selenium.dev/documentation/webdriver/troubleshooting/errors#no-such-element-exception
Build info: version: &apos;4.11.0&apos;, revision: &apos;040bc5406b&apos;
System info: os.name: &apos;Windows 10&apos;, os.arch: &apos;amd64&apos;, os.version: &apos;10.0&apos;, java.version: &apos;17.0.9&apos;
Driver info: org.openqa.selenium.chrome.ChromeDriver
Command: [da1a623a740eb747fff8987c413e7305, findElement {using=xpath, value=//a[@class=&apos;ico-logout&apos;]}]
Capabilities {acceptInsecureCerts: false, browserName: chrome, browserVersion: 120.0.6099.225, chrome: {chromedriverVersion: 120.0.6099.109 (3419140ab66..., userDataDir: C:\Users\Sai\AppData\Local\...}, fedcm:accounts: true, goog:chromeOptions: {debuggerAddress: localhost:32220}, networkConnectionEnabled: false, pageLoadStrategy: normal, platformName: windows, proxy: Proxy(), se:cdp: ws://localhost:32220/devtoo..., se:cdpVersion: 120.0.6099.225, setWindowRect: true, strictFileInteractability: false, timeouts: {implicit: 0, pageLoad: 300000, script: 30000}, unhandledPromptBehavior: dismiss and notify, webauthn:extension:credBlob: true, webauthn:extension:largeBlob: true, webauthn:extension:minPinLength: true, webauthn:extension:prf: true, webauthn:virtualAuthenticators: true}
Session ID: da1a623a740eb747fff8987c413e7305
	at org.openqa.selenium.remote.codec.w3c.W3CHttpResponseCodec.createException(W3CHttpResponseCodec.java:200)
	at org.openqa.selenium.remote.codec.w3c.W3CHttpResponseCodec.decode(W3CHttpResponseCodec.java:133)
	at org.openqa.selenium.remote.codec.w3c.W3CHttpResponseCodec.decode(W3CHttpResponseCodec.java:52)
	at org.openqa.selenium.remote.HttpCommandExecutor.execute(HttpCommandExecutor.java:191)
	at org.openqa.selenium.remote.service.DriverCommandExecutor.invokeExecute(DriverCommandExecutor.java:196)
	at org.openqa.selenium.remote.service.DriverCommandExecutor.execute(DriverCommandExecutor.java:171)
	at org.openqa.selenium.remote.RemoteWebDriver.execute(RemoteWebDriver.java:518)
	at org.openqa.selenium.remote.ElementLocation$ElementFinder$2.findElement(ElementLocation.java:165)
	at org.openqa.selenium.remote.ElementLocation.findElement(ElementLocation.java:59)
	at org.openqa.selenium.remote.RemoteWebDriver.findElement(RemoteWebDriver.java:355)
	at org.openqa.selenium.remote.RemoteWebDriver.findElement(RemoteWebDriver.java:349)
	at org.openqa.selenium.support.pagefactory.DefaultElementLocator.findElement(DefaultElementLocator.java:68)
	at org.openqa.selenium.support.pagefactory.internal.LocatingElementHandler.invoke(LocatingElementHandler.java:38)
	at jdk.proxy2/jdk.proxy2.$Proxy47.click(Unknown Source)
	at Pages.subscriptionofnewsletter_page.Click_Logout(subscriptionofnewsletter_page.java:116)
	at Steps.subscriptionofnewsletter_stepdef.i_logout(subscriptionofnewsletter_stepdef.java:187)
	at ✽.I logout(file:///C:/Users/Sai/eclipse-workspace/RLL/Demo_Web_Shop/src/test/java/Features/subscriptionofnewsletter.feature:14)
... Removed 5 stack frames
</div> <!-- stack-trace -->
                  <em>
(Runs Cucumber Scenarios)                  </em>
                </div> <!-- method-content -->
              </div> <!-- method -->
              <div class="method">
                <div class="method-content">
                  <a name="runScenario(&quot;Testing of News Letter Subscription Page&quot;, &quot;To Test DemoWebshop NewsLetter Subscription Functionali...)">
                  </a> <!-- runScenario("Testing of News Letter Subscription Page", "To Test DemoWebshop NewsLetter Subscription Functionali...) -->
                  <span class="method-name">runScenario</span>
                  <span class="parameters">("Testing of News Letter Subscription Page","To Test DemoWebshop NewsLetter Subscription Functionality")</span>
                  <div class="stack-trace">org.openqa.selenium.WebDriverException: no such execution context
  (Session info: chrome=120.0.6099.225)
Build info: version: &apos;4.11.0&apos;, revision: &apos;040bc5406b&apos;
System info: os.name: &apos;Windows 10&apos;, os.arch: &apos;amd64&apos;, os.version: &apos;10.0&apos;, java.version: &apos;17.0.9&apos;
Driver info: org.openqa.selenium.chrome.ChromeDriver
Command: [b07930ba33ee9397f3a371b2f1a5b4b1, maximizeCurrentWindow {}]
Capabilities {acceptInsecureCerts: false, browserName: chrome, browserVersion: 120.0.6099.225, chrome: {chromedriverVersion: 120.0.6099.109 (3419140ab66..., userDataDir: C:\Users\Sai\AppData\Local\...}, fedcm:accounts: true, goog:chromeOptions: {debuggerAddress: localhost:33014}, networkConnectionEnabled: false, pageLoadStrategy: normal, platformName: windows, proxy: Proxy(), se:cdp: ws://localhost:33014/devtoo..., se:cdpVersion: 120.0.6099.225, setWindowRect: true, strictFileInteractability: false, timeouts: {implicit: 0, pageLoad: 300000, script: 30000}, unhandledPromptBehavior: dismiss and notify, webauthn:extension:credBlob: true, webauthn:extension:largeBlob: true, webauthn:extension:minPinLength: true, webauthn:extension:prf: true, webauthn:virtualAuthenticators: true}
Session ID: b07930ba33ee9397f3a371b2f1a5b4b1
	at org.openqa.selenium.remote.codec.w3c.W3CHttpResponseCodec.createException(W3CHttpResponseCodec.java:200)
	at org.openqa.selenium.remote.codec.w3c.W3CHttpResponseCodec.decode(W3CHttpResponseCodec.java:133)
	at org.openqa.selenium.remote.codec.w3c.W3CHttpResponseCodec.decode(W3CHttpResponseCodec.java:52)
	at org.openqa.selenium.remote.HttpCommandExecutor.execute(HttpCommandExecutor.java:191)
	at org.openqa.selenium.remote.service.DriverCommandExecutor.invokeExecute(DriverCommandExecutor.java:196)
	at org.openqa.selenium.remote.service.DriverCommandExecutor.execute(DriverCommandExecutor.java:171)
	at org.openqa.selenium.remote.RemoteWebDriver.execute(RemoteWebDriver.java:518)
	at org.openqa.selenium.remote.RemoteWebDriver.execute(RemoteWebDriver.java:591)
	at org.openqa.selenium.remote.RemoteWebDriver.execute(RemoteWebDriver.java:595)
	at org.openqa.selenium.remote.RemoteWebDriver$RemoteWebDriverOptions$RemoteWindow.maximize(RemoteWebDriver.java:978)
	at Steps.RegistrationStepDef.setup(RegistrationStepDef.java:42)
... Removed 5 stack frames
</div> <!-- stack-trace -->
                  <em>
(Runs Cucumber Scenarios)                  </em>
                </div> <!-- method-content -->
              </div> <!-- method -->
              <div class="method">
                <div class="method-content">
                  <a name="runScenario(&quot;Testing of News Letter Subscription Page&quot;, &quot;To Test DemoWebshop NewsLetter Subscription Functionali...)">
                  </a> <!-- runScenario("Testing of News Letter Subscription Page", "To Test DemoWebshop NewsLetter Subscription Functionali...) -->
                  <span class="method-name">runScenario</span>
                  <span class="parameters">("Testing of News Letter Subscription Page","To Test DemoWebshop NewsLetter Subscription Functionality")</span>
                  <div class="stack-trace">org.openqa.selenium.NoSuchElementException: no such element: Unable to locate element: {&quot;method&quot;:&quot;xpath&quot;,&quot;selector&quot;:&quot;//a[@class=&apos;ico-logout&apos;]&quot;}
  (Session info: chrome=120.0.6099.225)
For documentation on this error, please visit: https://www.selenium.dev/documentation/webdriver/troubleshooting/errors#no-such-element-exception
Build info: version: &apos;4.11.0&apos;, revision: &apos;040bc5406b&apos;
System info: os.name: &apos;Windows 10&apos;, os.arch: &apos;amd64&apos;, os.version: &apos;10.0&apos;, java.version: &apos;17.0.9&apos;
Driver info: org.openqa.selenium.chrome.ChromeDriver
Command: [da1a623a740eb747fff8987c413e7305, findElement {using=xpath, value=//a[@class=&apos;ico-logout&apos;]}]
Capabilities {acceptInsecureCerts: false, browserName: chrome, browserVersion: 120.0.6099.225, chrome: {chromedriverVersion: 120.0.6099.109 (3419140ab66..., userDataDir: C:\Users\Sai\AppData\Local\...}, fedcm:accounts: true, goog:chromeOptions: {debuggerAddress: localhost:32220}, networkConnectionEnabled: false, pageLoadStrategy: normal, platformName: windows, proxy: Proxy(), se:cdp: ws://localhost:32220/devtoo..., se:cdpVersion: 120.0.6099.225, setWindowRect: true, strictFileInteractability: false, timeouts: {implicit: 0, pageLoad: 300000, script: 30000}, unhandledPromptBehavior: dismiss and notify, webauthn:extension:credBlob: true, webauthn:extension:largeBlob: true, webauthn:extension:minPinLength: true, webauthn:extension:prf: true, webauthn:virtualAuthenticators: true}
Session ID: da1a623a740eb747fff8987c413e7305
	at org.openqa.selenium.remote.codec.w3c.W3CHttpResponseCodec.createException(W3CHttpResponseCodec.java:200)
	at org.openqa.selenium.remote.codec.w3c.W3CHttpResponseCodec.decode(W3CHttpResponseCodec.java:133)
	at org.openqa.selenium.remote.codec.w3c.W3CHttpResponseCodec.decode(W3CHttpResponseCodec.java:52)
	at org.openqa.selenium.remote.HttpCommandExecutor.execute(HttpCommandExecutor.java:191)
	at org.openqa.selenium.remote.service.DriverCommandExecutor.invokeExecute(DriverCommandExecutor.java:196)
	at org.openqa.selenium.remote.service.DriverCommandExecutor.execute(DriverCommandExecutor.java:171)
	at org.openqa.selenium.remote.RemoteWebDriver.execute(RemoteWebDriver.java:518)
	at org.openqa.selenium.remote.ElementLocation$ElementFinder$2.findElement(ElementLocation.java:165)
	at org.openqa.selenium.remote.ElementLocation.findElement(ElementLocation.java:59)
	at org.openqa.selenium.remote.RemoteWebDriver.findElement(RemoteWebDriver.java:355)
	at org.openqa.selenium.remote.RemoteWebDriver.findElement(RemoteWebDriver.java:349)
	at org.openqa.selenium.support.pagefactory.DefaultElementLocator.findElement(DefaultElementLocator.java:68)
	at org.openqa.selenium.support.pagefactory.internal.LocatingElementHandler.invoke(LocatingElementHandler.java:38)
	at jdk.proxy2/jdk.proxy2.$Proxy47.click(Unknown Source)
	at Pages.subscriptionofnewsletter_page.Click_Logout(subscriptionofnewsletter_page.java:116)
	at Steps.subscriptionofnewsletter_stepdef.i_logout(subscriptionofnewsletter_stepdef.java:187)
	at ✽.I logout(file:///C:/Users/Sai/eclipse-workspace/RLL/Demo_Web_Shop/src/test/java/Features/subscriptionofnewsletter.feature:14)
... Removed 5 stack frames
</div> <!-- stack-trace -->
                  <em>
(Runs Cucumber Scenarios)                  </em>
                </div> <!-- method-content -->
              </div> <!-- method -->
            </div> <!-- main-panel-content rounded-window-bottom -->
          </div> <!-- suite-DemoWebShop_Suite-class-skipped -->
          <div class="suite-DemoWebShop_Suite-class-skipped">
            <div class="main-panel-header rounded-window-top">
              <img src="skipped.png"/>
              <span class="class-name">Runner.addorremovefromcart_TestNgRunner</span>
            </div> <!-- main-panel-header rounded-window-top -->
            <div class="main-panel-content rounded-window-bottom">
              <div class="method">
                <div class="method-content">
                  <a name="runScenario(&quot;User confirms all books with &quot;AddToCart&quot; button&quot;, &quot;To Test DemowebShop Add/Remove from cart functio...)">
                  </a> <!-- runScenario("User confirms all books with "AddToCart" button", "To Test DemowebShop Add/Remove from cart functio...) -->
                  <span class="method-name">runScenario</span>
                  <span class="parameters">("User confirms all books with "AddToCart" button","To Test DemowebShop Add/Remove from cart functionality")</span>
                  <div class="stack-trace">java.lang.AssertionError: Scenario failed - Some products do not have the &apos;Add to Cart&apos; button.
	at Steps.AddtocartStepdef.validateCartButtonForAllBooks(AddtocartStepdef.java:96)
	at ✽.User validates whether all books have addtocart button(file:///C:/Users/Sai/eclipse-workspace/RLL/Demo_Web_Shop/src/test/java/Features/addtocart.feature:10)
... Removed 1 stack frames
</div> <!-- stack-trace -->
                  <em>
(Runs Cucumber Scenarios)                  </em>
                </div> <!-- method-content -->
              </div> <!-- method -->
              <div class="method">
                <div class="method-content">
                  <a name="runScenario(&quot;User confirms all books with &quot;AddToCart&quot; button&quot;, &quot;To Test DemowebShop Add/Remove from cart functio...)">
                  </a> <!-- runScenario("User confirms all books with "AddToCart" button", "To Test DemowebShop Add/Remove from cart functio...) -->
                  <span class="method-name">runScenario</span>
                  <span class="parameters">("User confirms all books with "AddToCart" button","To Test DemowebShop Add/Remove from cart functionality")</span>
                  <div class="stack-trace">java.lang.AssertionError: Scenario failed - Some products do not have the &apos;Add to Cart&apos; button.
	at Steps.AddtocartStepdef.validateCartButtonForAllBooks(AddtocartStepdef.java:96)
	at ✽.User validates whether all books have addtocart button(file:///C:/Users/Sai/eclipse-workspace/RLL/Demo_Web_Shop/src/test/java/Features/addtocart.feature:10)
... Removed 1 stack frames
</div> <!-- stack-trace -->
                  <em>
(Runs Cucumber Scenarios)                  </em>
                </div> <!-- method-content -->
              </div> <!-- method -->
            </div> <!-- main-panel-content rounded-window-bottom -->
          </div> <!-- suite-DemoWebShop_Suite-class-skipped -->
          <div class="suite-DemoWebShop_Suite-class-skipped">
            <div class="main-panel-header rounded-window-top">
              <img src="skipped.png"/>
              <span class="class-name">Runner.checkout_testng_runner</span>
            </div> <!-- main-panel-header rounded-window-top -->
            <div class="main-panel-content rounded-window-bottom">
              <div class="method">
                <div class="method-content">
                  <a name="runScenario(&quot;User completes the successful checkout using CARD&quot;, &quot;To Test DemoWebshop Checkout Functionality&quot;)">
                  </a> <!-- runScenario("User completes the successful checkout using CARD", "To Test DemoWebshop Checkout Functionality") -->
                  <span class="method-name">runScenario</span>
                  <span class="parameters">("User completes the successful checkout using CARD","To Test DemoWebshop Checkout Functionality")</span>
                  <div class="stack-trace">org.openqa.selenium.NoSuchSessionException: invalid session id
Build info: version: &apos;4.11.0&apos;, revision: &apos;040bc5406b&apos;
System info: os.name: &apos;Windows 10&apos;, os.arch: &apos;amd64&apos;, os.version: &apos;10.0&apos;, java.version: &apos;17.0.9&apos;
Driver info: org.openqa.selenium.chrome.ChromeDriver
Command: [c1009662edcb06f8ef503ee200a8f2cc, findElement {using=xpath, value=//input[@onclick=&apos;ConfirmOrder.save()&apos;]}]
Capabilities {acceptInsecureCerts: false, browserName: chrome, browserVersion: 120.0.6099.225, chrome: {chromedriverVersion: 120.0.6099.109 (3419140ab66..., userDataDir: C:\Users\Sai\AppData\Local\...}, fedcm:accounts: true, goog:chromeOptions: {debuggerAddress: localhost:31298}, networkConnectionEnabled: false, pageLoadStrategy: normal, platformName: windows, proxy: Proxy(), se:cdp: ws://localhost:31298/devtoo..., se:cdpVersion: 120.0.6099.225, setWindowRect: true, strictFileInteractability: false, timeouts: {implicit: 0, pageLoad: 300000, script: 30000}, unhandledPromptBehavior: dismiss and notify, webauthn:extension:credBlob: true, webauthn:extension:largeBlob: true, webauthn:extension:minPinLength: true, webauthn:extension:prf: true, webauthn:virtualAuthenticators: true}
Session ID: c1009662edcb06f8ef503ee200a8f2cc
	at org.openqa.selenium.remote.codec.w3c.W3CHttpResponseCodec.createException(W3CHttpResponseCodec.java:200)
	at org.openqa.selenium.remote.codec.w3c.W3CHttpResponseCodec.decode(W3CHttpResponseCodec.java:133)
	at org.openqa.selenium.remote.codec.w3c.W3CHttpResponseCodec.decode(W3CHttpResponseCodec.java:52)
	at org.openqa.selenium.remote.HttpCommandExecutor.execute(HttpCommandExecutor.java:191)
	at org.openqa.selenium.remote.service.DriverCommandExecutor.invokeExecute(DriverCommandExecutor.java:196)
	at org.openqa.selenium.remote.service.DriverCommandExecutor.execute(DriverCommandExecutor.java:171)
	at org.openqa.selenium.remote.RemoteWebDriver.execute(RemoteWebDriver.java:518)
	at org.openqa.selenium.remote.ElementLocation$ElementFinder$2.findElement(ElementLocation.java:165)
	at org.openqa.selenium.remote.ElementLocation.findElement(ElementLocation.java:59)
	at org.openqa.selenium.remote.RemoteWebDriver.findElement(RemoteWebDriver.java:355)
	at org.openqa.selenium.remote.RemoteWebDriver.findElement(RemoteWebDriver.java:349)
	at org.openqa.selenium.support.pagefactory.DefaultElementLocator.findElement(DefaultElementLocator.java:68)
	at org.openqa.selenium.support.pagefactory.internal.LocatingElementHandler.invoke(LocatingElementHandler.java:38)
	at jdk.proxy2/jdk.proxy2.$Proxy47.click(Unknown Source)
	at Pages.pagecheckout.conform(pagecheckout.java:223)
	at Steps.checkoutstepdef.the_user_should_see_a_confirmation_message(checkoutstepdef.java:214)
	at ✽.the user should see a confirmation message(file:///C:/Users/Sai/eclipse-workspace/RLL/Demo_Web_Shop/src/test/java/Features/checkoutdemo.feature:40)
... Removed 5 stack frames
</div> <!-- stack-trace -->
                  <em>
(Runs Cucumber Scenarios)                  </em>
                </div> <!-- method-content -->
              </div> <!-- method -->
              <div class="method">
                <div class="method-content">
                  <a name="runScenario(&quot;User completes the successful checkout using CARD&quot;, &quot;To Test DemoWebshop Checkout Functionality&quot;)">
                  </a> <!-- runScenario("User completes the successful checkout using CARD", "To Test DemoWebshop Checkout Functionality") -->
                  <span class="method-name">runScenario</span>
                  <span class="parameters">("User completes the successful checkout using CARD","To Test DemoWebshop Checkout Functionality")</span>
                  <div class="stack-trace">org.openqa.selenium.NoSuchSessionException: invalid session id
Build info: version: &apos;4.11.0&apos;, revision: &apos;040bc5406b&apos;
System info: os.name: &apos;Windows 10&apos;, os.arch: &apos;amd64&apos;, os.version: &apos;10.0&apos;, java.version: &apos;17.0.9&apos;
Driver info: org.openqa.selenium.chrome.ChromeDriver
Command: [b88ec36d147b4dc0d215368a79c6c1e8, findElement {using=xpath, value=//input[@onclick=&apos;ConfirmOrder.save()&apos;]}]
Capabilities {acceptInsecureCerts: false, browserName: chrome, browserVersion: 120.0.6099.225, chrome: {chromedriverVersion: 120.0.6099.109 (3419140ab66..., userDataDir: C:\Users\Sai\AppData\Local\...}, fedcm:accounts: true, goog:chromeOptions: {debuggerAddress: localhost:31402}, networkConnectionEnabled: false, pageLoadStrategy: normal, platformName: windows, proxy: Proxy(), se:cdp: ws://localhost:31402/devtoo..., se:cdpVersion: 120.0.6099.225, setWindowRect: true, strictFileInteractability: false, timeouts: {implicit: 0, pageLoad: 300000, script: 30000}, unhandledPromptBehavior: dismiss and notify, webauthn:extension:credBlob: true, webauthn:extension:largeBlob: true, webauthn:extension:minPinLength: true, webauthn:extension:prf: true, webauthn:virtualAuthenticators: true}
Session ID: b88ec36d147b4dc0d215368a79c6c1e8
	at org.openqa.selenium.remote.codec.w3c.W3CHttpResponseCodec.createException(W3CHttpResponseCodec.java:200)
	at org.openqa.selenium.remote.codec.w3c.W3CHttpResponseCodec.decode(W3CHttpResponseCodec.java:133)
	at org.openqa.selenium.remote.codec.w3c.W3CHttpResponseCodec.decode(W3CHttpResponseCodec.java:52)
	at org.openqa.selenium.remote.HttpCommandExecutor.execute(HttpCommandExecutor.java:191)
	at org.openqa.selenium.remote.service.DriverCommandExecutor.invokeExecute(DriverCommandExecutor.java:196)
	at org.openqa.selenium.remote.service.DriverCommandExecutor.execute(DriverCommandExecutor.java:171)
	at org.openqa.selenium.remote.RemoteWebDriver.execute(RemoteWebDriver.java:518)
	at org.openqa.selenium.remote.ElementLocation$ElementFinder$2.findElement(ElementLocation.java:165)
	at org.openqa.selenium.remote.ElementLocation.findElement(ElementLocation.java:59)
	at org.openqa.selenium.remote.RemoteWebDriver.findElement(RemoteWebDriver.java:355)
	at org.openqa.selenium.remote.RemoteWebDriver.findElement(RemoteWebDriver.java:349)
	at org.openqa.selenium.support.pagefactory.DefaultElementLocator.findElement(DefaultElementLocator.java:68)
	at org.openqa.selenium.support.pagefactory.internal.LocatingElementHandler.invoke(LocatingElementHandler.java:38)
	at jdk.proxy2/jdk.proxy2.$Proxy47.click(Unknown Source)
	at Pages.pagecheckout.conform(pagecheckout.java:223)
	at Steps.checkoutstepdef.the_user_should_see_a_confirmation_message(checkoutstepdef.java:214)
	at ✽.the user should see a confirmation message(file:///C:/Users/Sai/eclipse-workspace/RLL/Demo_Web_Shop/src/test/java/Features/checkoutdemo.feature:40)
... Removed 5 stack frames
</div> <!-- stack-trace -->
                  <em>
(Runs Cucumber Scenarios)                  </em>
                </div> <!-- method-content -->
              </div> <!-- method -->
            </div> <!-- main-panel-content rounded-window-bottom -->
          </div> <!-- suite-DemoWebShop_Suite-class-skipped -->
          <div class="suite-DemoWebShop_Suite-class-skipped">
            <div class="main-panel-header rounded-window-top">
              <img src="skipped.png"/>
              <span class="class-name">Runner.registration_testng_runner</span>
            </div> <!-- main-panel-header rounded-window-top -->
            <div class="main-panel-content rounded-window-bottom">
              <div class="method">
                <div class="method-content">
                  <a name="runScenario(&quot;Register user with different data&quot;, &quot;To Test the DemoWebShop Register functionality&quot;)">
                  </a> <!-- runScenario("Register user with different data", "To Test the DemoWebShop Register functionality") -->
                  <span class="method-name">runScenario</span>
                  <span class="parameters">("Register user with different data","To Test the DemoWebShop Register functionality")</span>
                  <div class="stack-trace">java.lang.AssertionError: Failure got to catch block
	at Steps.RegistrationStepDef.the_user_clicks_on_register(RegistrationStepDef.java:122)
	at ✽.the user clicks on register(file:///C:/Users/Sai/eclipse-workspace/RLL/Demo_Web_Shop/src/test/java/Features/Registration.feature:11)
... Removed 1 stack frames
</div> <!-- stack-trace -->
                  <em>
(Runs Cucumber Scenarios)                  </em>
                </div> <!-- method-content -->
              </div> <!-- method -->
              <div class="method">
                <div class="method-content">
                  <a name="runScenario(&quot;Register user with different data&quot;, &quot;To Test the DemoWebShop Register functionality&quot;)">
                  </a> <!-- runScenario("Register user with different data", "To Test the DemoWebShop Register functionality") -->
                  <span class="method-name">runScenario</span>
                  <span class="parameters">("Register user with different data","To Test the DemoWebShop Register functionality")</span>
                  <div class="stack-trace">java.lang.AssertionError: Failure got to catch block
	at Steps.RegistrationStepDef.the_user_clicks_on_register(RegistrationStepDef.java:122)
	at ✽.the user clicks on register(file:///C:/Users/Sai/eclipse-workspace/RLL/Demo_Web_Shop/src/test/java/Features/Registration.feature:11)
... Removed 1 stack frames
</div> <!-- stack-trace -->
                  <em>
(Runs Cucumber Scenarios)                  </em>
                </div> <!-- method-content -->
              </div> <!-- method -->
              <div class="method">
                <div class="method-content">
                  <a name="runScenario(&quot;Register user with different data&quot;, &quot;To Test the DemoWebShop Register functionality&quot;)">
                  </a> <!-- runScenario("Register user with different data", "To Test the DemoWebShop Register functionality") -->
                  <span class="method-name">runScenario</span>
                  <span class="parameters">("Register user with different data","To Test the DemoWebShop Register functionality")</span>
                  <div class="stack-trace">java.lang.AssertionError: Failure got to catch block
	at Steps.RegistrationStepDef.the_user_clicks_on_register(RegistrationStepDef.java:122)
	at ✽.the user clicks on register(file:///C:/Users/Sai/eclipse-workspace/RLL/Demo_Web_Shop/src/test/java/Features/Registration.feature:11)
... Removed 1 stack frames
</div> <!-- stack-trace -->
                  <em>
(Runs Cucumber Scenarios)                  </em>
                </div> <!-- method-content -->
              </div> <!-- method -->
              <div class="method">
                <div class="method-content">
                  <a name="runScenario(&quot;Register user with different data&quot;, &quot;To Test the DemoWebShop Register functionality&quot;)">
                  </a> <!-- runScenario("Register user with different data", "To Test the DemoWebShop Register functionality") -->
                  <span class="method-name">runScenario</span>
                  <span class="parameters">("Register user with different data","To Test the DemoWebShop Register functionality")</span>
                  <div class="stack-trace">java.lang.AssertionError: Failure got to catch block
	at Steps.RegistrationStepDef.the_user_clicks_on_register(RegistrationStepDef.java:122)
	at ✽.the user clicks on register(file:///C:/Users/Sai/eclipse-workspace/RLL/Demo_Web_Shop/src/test/java/Features/Registration.feature:11)
... Removed 1 stack frames
</div> <!-- stack-trace -->
                  <em>
(Runs Cucumber Scenarios)                  </em>
                </div> <!-- method-content -->
              </div> <!-- method -->
              <div class="method">
                <div class="method-content">
                  <a name="runScenario(&quot;Register user with different data&quot;, &quot;To Test the DemoWebShop Register functionality&quot;)">
                  </a> <!-- runScenario("Register user with different data", "To Test the DemoWebShop Register functionality") -->
                  <span class="method-name">runScenario</span>
                  <span class="parameters">("Register user with different data","To Test the DemoWebShop Register functionality")</span>
                  <div class="stack-trace">java.lang.AssertionError: Failure got to catch block
	at Steps.RegistrationStepDef.the_user_clicks_on_register(RegistrationStepDef.java:122)
	at ✽.the user clicks on register(file:///C:/Users/Sai/eclipse-workspace/RLL/Demo_Web_Shop/src/test/java/Features/Registration.feature:11)
... Removed 1 stack frames
</div> <!-- stack-trace -->
                  <em>
(Runs Cucumber Scenarios)                  </em>
                </div> <!-- method-content -->
              </div> <!-- method -->
              <div class="method">
                <div class="method-content">
                  <a name="runScenario(&quot;Register user with different data&quot;, &quot;To Test the DemoWebShop Register functionality&quot;)">
                  </a> <!-- runScenario("Register user with different data", "To Test the DemoWebShop Register functionality") -->
                  <span class="method-name">runScenario</span>
                  <span class="parameters">("Register user with different data","To Test the DemoWebShop Register functionality")</span>
                  <div class="stack-trace">java.lang.AssertionError: Failure got to catch block
	at Steps.RegistrationStepDef.the_user_clicks_on_register(RegistrationStepDef.java:122)
	at ✽.the user clicks on register(file:///C:/Users/Sai/eclipse-workspace/RLL/Demo_Web_Shop/src/test/java/Features/Registration.feature:11)
... Removed 1 stack frames
</div> <!-- stack-trace -->
                  <em>
(Runs Cucumber Scenarios)                  </em>
                </div> <!-- method-content -->
              </div> <!-- method -->
              <div class="method">
                <div class="method-content">
                  <a name="runScenario(&quot;Register user with different data&quot;, &quot;To Test the DemoWebShop Register functionality&quot;)">
                  </a> <!-- runScenario("Register user with different data", "To Test the DemoWebShop Register functionality") -->
                  <span class="method-name">runScenario</span>
                  <span class="parameters">("Register user with different data","To Test the DemoWebShop Register functionality")</span>
                  <div class="stack-trace">java.lang.AssertionError: Failure got to catch block
	at Steps.RegistrationStepDef.the_user_clicks_on_register(RegistrationStepDef.java:122)
	at ✽.the user clicks on register(file:///C:/Users/Sai/eclipse-workspace/RLL/Demo_Web_Shop/src/test/java/Features/Registration.feature:11)
... Removed 1 stack frames
</div> <!-- stack-trace -->
                  <em>
(Runs Cucumber Scenarios)                  </em>
                </div> <!-- method-content -->
              </div> <!-- method -->
              <div class="method">
                <div class="method-content">
                  <a name="runScenario(&quot;Register user with different data&quot;, &quot;To Test the DemoWebShop Register functionality&quot;)">
                  </a> <!-- runScenario("Register user with different data", "To Test the DemoWebShop Register functionality") -->
                  <span class="method-name">runScenario</span>
                  <span class="parameters">("Register user with different data","To Test the DemoWebShop Register functionality")</span>
                  <div class="stack-trace">java.lang.AssertionError: Failure got to catch block
	at Steps.RegistrationStepDef.the_user_clicks_on_register(RegistrationStepDef.java:122)
	at ✽.the user clicks on register(file:///C:/Users/Sai/eclipse-workspace/RLL/Demo_Web_Shop/src/test/java/Features/Registration.feature:11)
... Removed 1 stack frames
</div> <!-- stack-trace -->
                  <em>
(Runs Cucumber Scenarios)                  </em>
                </div> <!-- method-content -->
              </div> <!-- method -->
            </div> <!-- main-panel-content rounded-window-bottom -->
          </div> <!-- suite-DemoWebShop_Suite-class-skipped -->
          <div class="suite-DemoWebShop_Suite-class-skipped">
            <div class="main-panel-header rounded-window-top">
              <img src="skipped.png"/>
              <span class="class-name">Runner.login_testng_runner</span>
            </div> <!-- main-panel-header rounded-window-top -->
            <div class="main-panel-content rounded-window-bottom">
              <div class="method">
                <div class="method-content">
                  <a name="runScenario(&quot;User login with different credentials&quot;, &quot;To Test DemoWebShop Login functionality&quot;)">
                  </a> <!-- runScenario("User login with different credentials", "To Test DemoWebShop Login functionality") -->
                  <span class="method-name">runScenario</span>
                  <span class="parameters">("User login with different credentials","To Test DemoWebShop Login functionality")</span>
                  <div class="stack-trace">org.openqa.selenium.InvalidElementStateException: invalid element state
  (Session info: chrome=120.0.6099.225)
Build info: version: &apos;4.11.0&apos;, revision: &apos;040bc5406b&apos;
System info: os.name: &apos;Windows 10&apos;, os.arch: &apos;amd64&apos;, os.version: &apos;10.0&apos;, java.version: &apos;17.0.9&apos;
Driver info: org.openqa.selenium.chrome.ChromeDriver
Command: [55635ccfcdb451a1070a52edf5cb77dd, clearElement {id=1CB0D4CC3DBA6E715B53CDD8BD2BEC09_element_66}]
Capabilities {acceptInsecureCerts: false, browserName: chrome, browserVersion: 120.0.6099.225, chrome: {chromedriverVersion: 120.0.6099.109 (3419140ab66..., userDataDir: C:\Users\Sai\AppData\Local\...}, fedcm:accounts: true, goog:chromeOptions: {debuggerAddress: localhost:30237}, networkConnectionEnabled: false, pageLoadStrategy: normal, platformName: windows, proxy: Proxy(), se:cdp: ws://localhost:30237/devtoo..., se:cdpVersion: 120.0.6099.225, setWindowRect: true, strictFileInteractability: false, timeouts: {implicit: 0, pageLoad: 300000, script: 30000}, unhandledPromptBehavior: dismiss and notify, webauthn:extension:credBlob: true, webauthn:extension:largeBlob: true, webauthn:extension:minPinLength: true, webauthn:extension:prf: true, webauthn:virtualAuthenticators: true}
Element: [[ChromeDriver: chrome on windows (55635ccfcdb451a1070a52edf5cb77dd)] -&gt; xpath: //a[@href=&apos;/login&apos;]]
Session ID: 55635ccfcdb451a1070a52edf5cb77dd
	at org.openqa.selenium.remote.codec.w3c.W3CHttpResponseCodec.createException(W3CHttpResponseCodec.java:200)
	at org.openqa.selenium.remote.codec.w3c.W3CHttpResponseCodec.decode(W3CHttpResponseCodec.java:133)
	at org.openqa.selenium.remote.codec.w3c.W3CHttpResponseCodec.decode(W3CHttpResponseCodec.java:52)
	at org.openqa.selenium.remote.HttpCommandExecutor.execute(HttpCommandExecutor.java:191)
	at org.openqa.selenium.remote.service.DriverCommandExecutor.invokeExecute(DriverCommandExecutor.java:196)
	at org.openqa.selenium.remote.service.DriverCommandExecutor.execute(DriverCommandExecutor.java:171)
	at org.openqa.selenium.remote.RemoteWebDriver.execute(RemoteWebDriver.java:518)
	at org.openqa.selenium.remote.RemoteWebElement.execute(RemoteWebElement.java:224)
	at org.openqa.selenium.remote.RemoteWebElement.clear(RemoteWebElement.java:130)
	at Steps.Logindemostepdef.messageShouldBeDisplayed(Logindemostepdef.java:107)
	at ✽.Message Should Be Displayed &apos;incorrect email or Password&apos;(file:///C:/Users/Sai/eclipse-workspace/RLL/Demo_Web_Shop/src/test/java/Features/Login.feature:7)
... Removed 5 stack frames
</div> <!-- stack-trace -->
                  <em>
(Runs Cucumber Scenarios)                  </em>
                </div> <!-- method-content -->
              </div> <!-- method -->
              <div class="method">
                <div class="method-content">
                  <a name="runScenario(&quot;User login with different credentials&quot;, &quot;To Test DemoWebShop Login functionality&quot;)">
                  </a> <!-- runScenario("User login with different credentials", "To Test DemoWebShop Login functionality") -->
                  <span class="method-name">runScenario</span>
                  <span class="parameters">("User login with different credentials","To Test DemoWebShop Login functionality")</span>
                  <div class="stack-trace">org.openqa.selenium.InvalidElementStateException: invalid element state
  (Session info: chrome=120.0.6099.225)
Build info: version: &apos;4.11.0&apos;, revision: &apos;040bc5406b&apos;
System info: os.name: &apos;Windows 10&apos;, os.arch: &apos;amd64&apos;, os.version: &apos;10.0&apos;, java.version: &apos;17.0.9&apos;
Driver info: org.openqa.selenium.chrome.ChromeDriver
Command: [eb31dca5ee1e5ff9a0a7ed056c8468a7, clearElement {id=694D07CBB21C80A952F16810AA00001A_element_66}]
Capabilities {acceptInsecureCerts: false, browserName: chrome, browserVersion: 120.0.6099.225, chrome: {chromedriverVersion: 120.0.6099.109 (3419140ab66..., userDataDir: C:\Users\Sai\AppData\Local\...}, fedcm:accounts: true, goog:chromeOptions: {debuggerAddress: localhost:29992}, networkConnectionEnabled: false, pageLoadStrategy: normal, platformName: windows, proxy: Proxy(), se:cdp: ws://localhost:29992/devtoo..., se:cdpVersion: 120.0.6099.225, setWindowRect: true, strictFileInteractability: false, timeouts: {implicit: 0, pageLoad: 300000, script: 30000}, unhandledPromptBehavior: dismiss and notify, webauthn:extension:credBlob: true, webauthn:extension:largeBlob: true, webauthn:extension:minPinLength: true, webauthn:extension:prf: true, webauthn:virtualAuthenticators: true}
Element: [[ChromeDriver: chrome on windows (eb31dca5ee1e5ff9a0a7ed056c8468a7)] -&gt; xpath: //a[@href=&apos;/login&apos;]]
Session ID: eb31dca5ee1e5ff9a0a7ed056c8468a7
	at org.openqa.selenium.remote.codec.w3c.W3CHttpResponseCodec.createException(W3CHttpResponseCodec.java:200)
	at org.openqa.selenium.remote.codec.w3c.W3CHttpResponseCodec.decode(W3CHttpResponseCodec.java:133)
	at org.openqa.selenium.remote.codec.w3c.W3CHttpResponseCodec.decode(W3CHttpResponseCodec.java:52)
	at org.openqa.selenium.remote.HttpCommandExecutor.execute(HttpCommandExecutor.java:191)
	at org.openqa.selenium.remote.service.DriverCommandExecutor.invokeExecute(DriverCommandExecutor.java:196)
	at org.openqa.selenium.remote.service.DriverCommandExecutor.execute(DriverCommandExecutor.java:171)
	at org.openqa.selenium.remote.RemoteWebDriver.execute(RemoteWebDriver.java:518)
	at org.openqa.selenium.remote.RemoteWebElement.execute(RemoteWebElement.java:224)
	at org.openqa.selenium.remote.RemoteWebElement.clear(RemoteWebElement.java:130)
	at Steps.Logindemostepdef.messageShouldBeDisplayed(Logindemostepdef.java:107)
	at ✽.Message Should Be Displayed &apos;incorrect email or Password&apos;(file:///C:/Users/Sai/eclipse-workspace/RLL/Demo_Web_Shop/src/test/java/Features/Login.feature:7)
... Removed 5 stack frames
</div> <!-- stack-trace -->
                  <em>
(Runs Cucumber Scenarios)                  </em>
                </div> <!-- method-content -->
              </div> <!-- method -->
              <div class="method">
                <div class="method-content">
                  <a name="runScenario(&quot;User login with different credentials&quot;, &quot;To Test DemoWebShop Login functionality&quot;)">
                  </a> <!-- runScenario("User login with different credentials", "To Test DemoWebShop Login functionality") -->
                  <span class="method-name">runScenario</span>
                  <span class="parameters">("User login with different credentials","To Test DemoWebShop Login functionality")</span>
                  <div class="stack-trace">org.openqa.selenium.InvalidElementStateException: invalid element state
  (Session info: chrome=120.0.6099.225)
Build info: version: &apos;4.11.0&apos;, revision: &apos;040bc5406b&apos;
System info: os.name: &apos;Windows 10&apos;, os.arch: &apos;amd64&apos;, os.version: &apos;10.0&apos;, java.version: &apos;17.0.9&apos;
Driver info: org.openqa.selenium.chrome.ChromeDriver
Command: [106a377ac04f0e56a4c8b6cad8e55e4a, clearElement {id=FB698FFE98FC0202E86A72AB9558EA80_element_64}]
Capabilities {acceptInsecureCerts: false, browserName: chrome, browserVersion: 120.0.6099.225, chrome: {chromedriverVersion: 120.0.6099.109 (3419140ab66..., userDataDir: C:\Users\Sai\AppData\Local\...}, fedcm:accounts: true, goog:chromeOptions: {debuggerAddress: localhost:30075}, networkConnectionEnabled: false, pageLoadStrategy: normal, platformName: windows, proxy: Proxy(), se:cdp: ws://localhost:30075/devtoo..., se:cdpVersion: 120.0.6099.225, setWindowRect: true, strictFileInteractability: false, timeouts: {implicit: 0, pageLoad: 300000, script: 30000}, unhandledPromptBehavior: dismiss and notify, webauthn:extension:credBlob: true, webauthn:extension:largeBlob: true, webauthn:extension:minPinLength: true, webauthn:extension:prf: true, webauthn:virtualAuthenticators: true}
Element: [[ChromeDriver: chrome on windows (106a377ac04f0e56a4c8b6cad8e55e4a)] -&gt; xpath: //a[@href=&apos;/login&apos;]]
Session ID: 106a377ac04f0e56a4c8b6cad8e55e4a
	at org.openqa.selenium.remote.codec.w3c.W3CHttpResponseCodec.createException(W3CHttpResponseCodec.java:200)
	at org.openqa.selenium.remote.codec.w3c.W3CHttpResponseCodec.decode(W3CHttpResponseCodec.java:133)
	at org.openqa.selenium.remote.codec.w3c.W3CHttpResponseCodec.decode(W3CHttpResponseCodec.java:52)
	at org.openqa.selenium.remote.HttpCommandExecutor.execute(HttpCommandExecutor.java:191)
	at org.openqa.selenium.remote.service.DriverCommandExecutor.invokeExecute(DriverCommandExecutor.java:196)
	at org.openqa.selenium.remote.service.DriverCommandExecutor.execute(DriverCommandExecutor.java:171)
	at org.openqa.selenium.remote.RemoteWebDriver.execute(RemoteWebDriver.java:518)
	at org.openqa.selenium.remote.RemoteWebElement.execute(RemoteWebElement.java:224)
	at org.openqa.selenium.remote.RemoteWebElement.clear(RemoteWebElement.java:130)
	at Steps.Logindemostepdef.messageShouldBeDisplayed(Logindemostepdef.java:107)
	at ✽.Message Should Be Displayed &apos;incorrect email or Password&apos;(file:///C:/Users/Sai/eclipse-workspace/RLL/Demo_Web_Shop/src/test/java/Features/Login.feature:7)
... Removed 5 stack frames
</div> <!-- stack-trace -->
                  <em>
(Runs Cucumber Scenarios)                  </em>
                </div> <!-- method-content -->
              </div> <!-- method -->
              <div class="method">
                <div class="method-content">
                  <a name="runScenario(&quot;User login with different credentials&quot;, &quot;To Test DemoWebShop Login functionality&quot;)">
                  </a> <!-- runScenario("User login with different credentials", "To Test DemoWebShop Login functionality") -->
                  <span class="method-name">runScenario</span>
                  <span class="parameters">("User login with different credentials","To Test DemoWebShop Login functionality")</span>
                  <div class="stack-trace">org.openqa.selenium.InvalidElementStateException: invalid element state
  (Session info: chrome=120.0.6099.225)
Build info: version: &apos;4.11.0&apos;, revision: &apos;040bc5406b&apos;
System info: os.name: &apos;Windows 10&apos;, os.arch: &apos;amd64&apos;, os.version: &apos;10.0&apos;, java.version: &apos;17.0.9&apos;
Driver info: org.openqa.selenium.chrome.ChromeDriver
Command: [c1e06ead3cf95519706e19e61388bc0f, clearElement {id=111A6BDA847EBD9F3FB40C72B4C36506_element_66}]
Capabilities {acceptInsecureCerts: false, browserName: chrome, browserVersion: 120.0.6099.225, chrome: {chromedriverVersion: 120.0.6099.109 (3419140ab66..., userDataDir: C:\Users\Sai\AppData\Local\...}, fedcm:accounts: true, goog:chromeOptions: {debuggerAddress: localhost:30557}, networkConnectionEnabled: false, pageLoadStrategy: normal, platformName: windows, proxy: Proxy(), se:cdp: ws://localhost:30557/devtoo..., se:cdpVersion: 120.0.6099.225, setWindowRect: true, strictFileInteractability: false, timeouts: {implicit: 0, pageLoad: 300000, script: 30000}, unhandledPromptBehavior: dismiss and notify, webauthn:extension:credBlob: true, webauthn:extension:largeBlob: true, webauthn:extension:minPinLength: true, webauthn:extension:prf: true, webauthn:virtualAuthenticators: true}
Element: [[ChromeDriver: chrome on windows (c1e06ead3cf95519706e19e61388bc0f)] -&gt; xpath: //a[@href=&apos;/login&apos;]]
Session ID: c1e06ead3cf95519706e19e61388bc0f
	at org.openqa.selenium.remote.codec.w3c.W3CHttpResponseCodec.createException(W3CHttpResponseCodec.java:200)
	at org.openqa.selenium.remote.codec.w3c.W3CHttpResponseCodec.decode(W3CHttpResponseCodec.java:133)
	at org.openqa.selenium.remote.codec.w3c.W3CHttpResponseCodec.decode(W3CHttpResponseCodec.java:52)
	at org.openqa.selenium.remote.HttpCommandExecutor.execute(HttpCommandExecutor.java:191)
	at org.openqa.selenium.remote.service.DriverCommandExecutor.invokeExecute(DriverCommandExecutor.java:196)
	at org.openqa.selenium.remote.service.DriverCommandExecutor.execute(DriverCommandExecutor.java:171)
	at org.openqa.selenium.remote.RemoteWebDriver.execute(RemoteWebDriver.java:518)
	at org.openqa.selenium.remote.RemoteWebElement.execute(RemoteWebElement.java:224)
	at org.openqa.selenium.remote.RemoteWebElement.clear(RemoteWebElement.java:130)
	at Steps.Logindemostepdef.messageShouldBeDisplayed(Logindemostepdef.java:107)
	at ✽.Message Should Be Displayed &apos;incorrect email or Password&apos;(file:///C:/Users/Sai/eclipse-workspace/RLL/Demo_Web_Shop/src/test/java/Features/Login.feature:7)
... Removed 5 stack frames
</div> <!-- stack-trace -->
                  <em>
(Runs Cucumber Scenarios)                  </em>
                </div> <!-- method-content -->
              </div> <!-- method -->
              <div class="method">
                <div class="method-content">
                  <a name="runScenario(&quot;User login with different credentials&quot;, &quot;To Test DemoWebShop Login functionality&quot;)">
                  </a> <!-- runScenario("User login with different credentials", "To Test DemoWebShop Login functionality") -->
                  <span class="method-name">runScenario</span>
                  <span class="parameters">("User login with different credentials","To Test DemoWebShop Login functionality")</span>
                  <div class="stack-trace">org.openqa.selenium.InvalidElementStateException: invalid element state
  (Session info: chrome=120.0.6099.225)
Build info: version: &apos;4.11.0&apos;, revision: &apos;040bc5406b&apos;
System info: os.name: &apos;Windows 10&apos;, os.arch: &apos;amd64&apos;, os.version: &apos;10.0&apos;, java.version: &apos;17.0.9&apos;
Driver info: org.openqa.selenium.chrome.ChromeDriver
Command: [24235f80e0644b9abfa2d4725b504f94, clearElement {id=EF419452962256F94DDD65E81C23FDE0_element_66}]
Capabilities {acceptInsecureCerts: false, browserName: chrome, browserVersion: 120.0.6099.225, chrome: {chromedriverVersion: 120.0.6099.109 (3419140ab66..., userDataDir: C:\Users\Sai\AppData\Local\...}, fedcm:accounts: true, goog:chromeOptions: {debuggerAddress: localhost:30320}, networkConnectionEnabled: false, pageLoadStrategy: normal, platformName: windows, proxy: Proxy(), se:cdp: ws://localhost:30320/devtoo..., se:cdpVersion: 120.0.6099.225, setWindowRect: true, strictFileInteractability: false, timeouts: {implicit: 0, pageLoad: 300000, script: 30000}, unhandledPromptBehavior: dismiss and notify, webauthn:extension:credBlob: true, webauthn:extension:largeBlob: true, webauthn:extension:minPinLength: true, webauthn:extension:prf: true, webauthn:virtualAuthenticators: true}
Element: [[ChromeDriver: chrome on windows (24235f80e0644b9abfa2d4725b504f94)] -&gt; xpath: //a[@href=&apos;/login&apos;]]
Session ID: 24235f80e0644b9abfa2d4725b504f94
	at org.openqa.selenium.remote.codec.w3c.W3CHttpResponseCodec.createException(W3CHttpResponseCodec.java:200)
	at org.openqa.selenium.remote.codec.w3c.W3CHttpResponseCodec.decode(W3CHttpResponseCodec.java:133)
	at org.openqa.selenium.remote.codec.w3c.W3CHttpResponseCodec.decode(W3CHttpResponseCodec.java:52)
	at org.openqa.selenium.remote.HttpCommandExecutor.execute(HttpCommandExecutor.java:191)
	at org.openqa.selenium.remote.service.DriverCommandExecutor.invokeExecute(DriverCommandExecutor.java:196)
	at org.openqa.selenium.remote.service.DriverCommandExecutor.execute(DriverCommandExecutor.java:171)
	at org.openqa.selenium.remote.RemoteWebDriver.execute(RemoteWebDriver.java:518)
	at org.openqa.selenium.remote.RemoteWebElement.execute(RemoteWebElement.java:224)
	at org.openqa.selenium.remote.RemoteWebElement.clear(RemoteWebElement.java:130)
	at Steps.Logindemostepdef.messageShouldBeDisplayed(Logindemostepdef.java:107)
	at ✽.Message Should Be Displayed &apos;incorrect email or Password&apos;(file:///C:/Users/Sai/eclipse-workspace/RLL/Demo_Web_Shop/src/test/java/Features/Login.feature:7)
... Removed 5 stack frames
</div> <!-- stack-trace -->
                  <em>
(Runs Cucumber Scenarios)                  </em>
                </div> <!-- method-content -->
              </div> <!-- method -->
              <div class="method">
                <div class="method-content">
                  <a name="runScenario(&quot;User login with different credentials&quot;, &quot;To Test DemoWebShop Login functionality&quot;)">
                  </a> <!-- runScenario("User login with different credentials", "To Test DemoWebShop Login functionality") -->
                  <span class="method-name">runScenario</span>
                  <span class="parameters">("User login with different credentials","To Test DemoWebShop Login functionality")</span>
                  <div class="stack-trace">org.openqa.selenium.InvalidElementStateException: invalid element state
  (Session info: chrome=120.0.6099.225)
Build info: version: &apos;4.11.0&apos;, revision: &apos;040bc5406b&apos;
System info: os.name: &apos;Windows 10&apos;, os.arch: &apos;amd64&apos;, os.version: &apos;10.0&apos;, java.version: &apos;17.0.9&apos;
Driver info: org.openqa.selenium.chrome.ChromeDriver
Command: [de9c479555eac00e8f4f7d801b1aba30, clearElement {id=7FBD524D9B31078298EC248FC9CE12CE_element_67}]
Capabilities {acceptInsecureCerts: false, browserName: chrome, browserVersion: 120.0.6099.225, chrome: {chromedriverVersion: 120.0.6099.109 (3419140ab66..., userDataDir: C:\Users\Sai\AppData\Local\...}, fedcm:accounts: true, goog:chromeOptions: {debuggerAddress: localhost:29748}, networkConnectionEnabled: false, pageLoadStrategy: normal, platformName: windows, proxy: Proxy(), se:cdp: ws://localhost:29748/devtoo..., se:cdpVersion: 120.0.6099.225, setWindowRect: true, strictFileInteractability: false, timeouts: {implicit: 0, pageLoad: 300000, script: 30000}, unhandledPromptBehavior: dismiss and notify, webauthn:extension:credBlob: true, webauthn:extension:largeBlob: true, webauthn:extension:minPinLength: true, webauthn:extension:prf: true, webauthn:virtualAuthenticators: true}
Element: [[ChromeDriver: chrome on windows (de9c479555eac00e8f4f7d801b1aba30)] -&gt; xpath: //a[@href=&apos;/login&apos;]]
Session ID: de9c479555eac00e8f4f7d801b1aba30
	at org.openqa.selenium.remote.codec.w3c.W3CHttpResponseCodec.createException(W3CHttpResponseCodec.java:200)
	at org.openqa.selenium.remote.codec.w3c.W3CHttpResponseCodec.decode(W3CHttpResponseCodec.java:133)
	at org.openqa.selenium.remote.codec.w3c.W3CHttpResponseCodec.decode(W3CHttpResponseCodec.java:52)
	at org.openqa.selenium.remote.HttpCommandExecutor.execute(HttpCommandExecutor.java:191)
	at org.openqa.selenium.remote.service.DriverCommandExecutor.invokeExecute(DriverCommandExecutor.java:196)
	at org.openqa.selenium.remote.service.DriverCommandExecutor.execute(DriverCommandExecutor.java:171)
	at org.openqa.selenium.remote.RemoteWebDriver.execute(RemoteWebDriver.java:518)
	at org.openqa.selenium.remote.RemoteWebElement.execute(RemoteWebElement.java:224)
	at org.openqa.selenium.remote.RemoteWebElement.clear(RemoteWebElement.java:130)
	at Steps.Logindemostepdef.messageShouldBeDisplayed(Logindemostepdef.java:107)
	at ✽.Message Should Be Displayed &apos;incorrect email or Password&apos;(file:///C:/Users/Sai/eclipse-workspace/RLL/Demo_Web_Shop/src/test/java/Features/Login.feature:7)
... Removed 5 stack frames
</div> <!-- stack-trace -->
                  <em>
(Runs Cucumber Scenarios)                  </em>
                </div> <!-- method-content -->
              </div> <!-- method -->
              <div class="method">
                <div class="method-content">
                  <a name="runScenario(&quot;User login with different credentials&quot;, &quot;To Test DemoWebShop Login functionality&quot;)">
                  </a> <!-- runScenario("User login with different credentials", "To Test DemoWebShop Login functionality") -->
                  <span class="method-name">runScenario</span>
                  <span class="parameters">("User login with different credentials","To Test DemoWebShop Login functionality")</span>
                  <div class="stack-trace">org.openqa.selenium.InvalidElementStateException: invalid element state
  (Session info: chrome=120.0.6099.225)
Build info: version: &apos;4.11.0&apos;, revision: &apos;040bc5406b&apos;
System info: os.name: &apos;Windows 10&apos;, os.arch: &apos;amd64&apos;, os.version: &apos;10.0&apos;, java.version: &apos;17.0.9&apos;
Driver info: org.openqa.selenium.chrome.ChromeDriver
Command: [450a8dba61388973272ace969d39a1ee, clearElement {id=8EE3B08F385E18A048511E63EA065349_element_63}]
Capabilities {acceptInsecureCerts: false, browserName: chrome, browserVersion: 120.0.6099.225, chrome: {chromedriverVersion: 120.0.6099.109 (3419140ab66..., userDataDir: C:\Users\Sai\AppData\Local\...}, fedcm:accounts: true, goog:chromeOptions: {debuggerAddress: localhost:30478}, networkConnectionEnabled: false, pageLoadStrategy: normal, platformName: windows, proxy: Proxy(), se:cdp: ws://localhost:30478/devtoo..., se:cdpVersion: 120.0.6099.225, setWindowRect: true, strictFileInteractability: false, timeouts: {implicit: 0, pageLoad: 300000, script: 30000}, unhandledPromptBehavior: dismiss and notify, webauthn:extension:credBlob: true, webauthn:extension:largeBlob: true, webauthn:extension:minPinLength: true, webauthn:extension:prf: true, webauthn:virtualAuthenticators: true}
Element: [[ChromeDriver: chrome on windows (450a8dba61388973272ace969d39a1ee)] -&gt; xpath: //a[@href=&apos;/login&apos;]]
Session ID: 450a8dba61388973272ace969d39a1ee
	at org.openqa.selenium.remote.codec.w3c.W3CHttpResponseCodec.createException(W3CHttpResponseCodec.java:200)
	at org.openqa.selenium.remote.codec.w3c.W3CHttpResponseCodec.decode(W3CHttpResponseCodec.java:133)
	at org.openqa.selenium.remote.codec.w3c.W3CHttpResponseCodec.decode(W3CHttpResponseCodec.java:52)
	at org.openqa.selenium.remote.HttpCommandExecutor.execute(HttpCommandExecutor.java:191)
	at org.openqa.selenium.remote.service.DriverCommandExecutor.invokeExecute(DriverCommandExecutor.java:196)
	at org.openqa.selenium.remote.service.DriverCommandExecutor.execute(DriverCommandExecutor.java:171)
	at org.openqa.selenium.remote.RemoteWebDriver.execute(RemoteWebDriver.java:518)
	at org.openqa.selenium.remote.RemoteWebElement.execute(RemoteWebElement.java:224)
	at org.openqa.selenium.remote.RemoteWebElement.clear(RemoteWebElement.java:130)
	at Steps.Logindemostepdef.messageShouldBeDisplayed(Logindemostepdef.java:107)
	at ✽.Message Should Be Displayed &apos;incorrect email or Password&apos;(file:///C:/Users/Sai/eclipse-workspace/RLL/Demo_Web_Shop/src/test/java/Features/Login.feature:7)
... Removed 5 stack frames
</div> <!-- stack-trace -->
                  <em>
(Runs Cucumber Scenarios)                  </em>
                </div> <!-- method-content -->
              </div> <!-- method -->
              <div class="method">
                <div class="method-content">
                  <a name="runScenario(&quot;User login with different credentials&quot;, &quot;To Test DemoWebShop Login functionality&quot;)">
                  </a> <!-- runScenario("User login with different credentials", "To Test DemoWebShop Login functionality") -->
                  <span class="method-name">runScenario</span>
                  <span class="parameters">("User login with different credentials","To Test DemoWebShop Login functionality")</span>
                  <div class="stack-trace">org.openqa.selenium.InvalidElementStateException: invalid element state
  (Session info: chrome=120.0.6099.225)
Build info: version: &apos;4.11.0&apos;, revision: &apos;040bc5406b&apos;
System info: os.name: &apos;Windows 10&apos;, os.arch: &apos;amd64&apos;, os.version: &apos;10.0&apos;, java.version: &apos;17.0.9&apos;
Driver info: org.openqa.selenium.chrome.ChromeDriver
Command: [c2bbdc38f54abfd3bdd03a2b61080c47, clearElement {id=D521CE59181E22C730EB1E7B42BB38F9_element_63}]
Capabilities {acceptInsecureCerts: false, browserName: chrome, browserVersion: 120.0.6099.225, chrome: {chromedriverVersion: 120.0.6099.109 (3419140ab66..., userDataDir: C:\Users\Sai\AppData\Local\...}, fedcm:accounts: true, goog:chromeOptions: {debuggerAddress: localhost:29829}, networkConnectionEnabled: false, pageLoadStrategy: normal, platformName: windows, proxy: Proxy(), se:cdp: ws://localhost:29829/devtoo..., se:cdpVersion: 120.0.6099.225, setWindowRect: true, strictFileInteractability: false, timeouts: {implicit: 0, pageLoad: 300000, script: 30000}, unhandledPromptBehavior: dismiss and notify, webauthn:extension:credBlob: true, webauthn:extension:largeBlob: true, webauthn:extension:minPinLength: true, webauthn:extension:prf: true, webauthn:virtualAuthenticators: true}
Element: [[ChromeDriver: chrome on windows (c2bbdc38f54abfd3bdd03a2b61080c47)] -&gt; xpath: //a[@href=&apos;/login&apos;]]
Session ID: c2bbdc38f54abfd3bdd03a2b61080c47
	at org.openqa.selenium.remote.codec.w3c.W3CHttpResponseCodec.createException(W3CHttpResponseCodec.java:200)
	at org.openqa.selenium.remote.codec.w3c.W3CHttpResponseCodec.decode(W3CHttpResponseCodec.java:133)
	at org.openqa.selenium.remote.codec.w3c.W3CHttpResponseCodec.decode(W3CHttpResponseCodec.java:52)
	at org.openqa.selenium.remote.HttpCommandExecutor.execute(HttpCommandExecutor.java:191)
	at org.openqa.selenium.remote.service.DriverCommandExecutor.invokeExecute(DriverCommandExecutor.java:196)
	at org.openqa.selenium.remote.service.DriverCommandExecutor.execute(DriverCommandExecutor.java:171)
	at org.openqa.selenium.remote.RemoteWebDriver.execute(RemoteWebDriver.java:518)
	at org.openqa.selenium.remote.RemoteWebElement.execute(RemoteWebElement.java:224)
	at org.openqa.selenium.remote.RemoteWebElement.clear(RemoteWebElement.java:130)
	at Steps.Logindemostepdef.messageShouldBeDisplayed(Logindemostepdef.java:107)
	at ✽.Message Should Be Displayed &apos;incorrect email or Password&apos;(file:///C:/Users/Sai/eclipse-workspace/RLL/Demo_Web_Shop/src/test/java/Features/Login.feature:7)
... Removed 5 stack frames
</div> <!-- stack-trace -->
                  <em>
(Runs Cucumber Scenarios)                  </em>
                </div> <!-- method-content -->
              </div> <!-- method -->
            </div> <!-- main-panel-content rounded-window-bottom -->
          </div> <!-- suite-DemoWebShop_Suite-class-skipped -->
          <div class="suite-DemoWebShop_Suite-class-skipped">
            <div class="main-panel-header rounded-window-top">
              <img src="skipped.png"/>
              <span class="class-name">Runner.com_poll_testng_runner</span>
            </div> <!-- main-panel-header rounded-window-top -->
            <div class="main-panel-content rounded-window-bottom">
              <div class="method">
                <div class="method-content">
                  <a name="runScenario(&quot;User to poll with login&quot;, &quot;To Test DemoWebshop Community Poll Functionality&quot;)">
                  </a> <!-- runScenario("User to poll with login", "To Test DemoWebshop Community Poll Functionality") -->
                  <span class="method-name">runScenario</span>
                  <span class="parameters">("User to poll with login","To Test DemoWebshop Community Poll Functionality")</span>
                  <div class="stack-trace">junit.framework.AssertionFailedError: 7321 vote(s)...
	at junit.framework.Assert.fail(Assert.java:57)
	at junit.framework.Assert.assertTrue(Assert.java:22)
	at junit.framework.Assert.assertFalse(Assert.java:39)
	at Steps.CommunitypollStepdef.user_select_one_option_from_poll_and_vote(CommunitypollStepdef.java:79)
	at ✽.User select one option from poll and vote(file:///C:/Users/Sai/eclipse-workspace/RLL/Demo_Web_Shop/src/test/java/Features/com_poll.feature:8)

</div> <!-- stack-trace -->
                  <em>
(Runs Cucumber Scenarios)                  </em>
                </div> <!-- method-content -->
              </div> <!-- method -->
              <div class="method">
                <div class="method-content">
                  <a name="runScenario(&quot;User to poll without Login&quot;, &quot;To Test DemoWebshop Community Poll Functionality&quot;)">
                  </a> <!-- runScenario("User to poll without Login", "To Test DemoWebshop Community Poll Functionality") -->
                  <span class="method-name">runScenario</span>
                  <span class="parameters">("User to poll without Login","To Test DemoWebshop Community Poll Functionality")</span>
                  <div class="stack-trace">junit.framework.AssertionFailedError: Only registered users can vote.
	at junit.framework.Assert.fail(Assert.java:57)
	at junit.framework.Assert.assertTrue(Assert.java:22)
	at junit.framework.Assert.assertFalse(Assert.java:39)
	at Steps.CommunitypollStepdef.click_on_vote_button(CommunitypollStepdef.java:99)
	at ✽.Click on vote button(file:///C:/Users/Sai/eclipse-workspace/RLL/Demo_Web_Shop/src/test/java/Features/com_poll.feature:13)

</div> <!-- stack-trace -->
                  <em>
(Runs Cucumber Scenarios)                  </em>
                </div> <!-- method-content -->
              </div> <!-- method -->
              <div class="method">
                <div class="method-content">
                  <a name="runScenario(&quot;User to poll without Login&quot;, &quot;To Test DemoWebshop Community Poll Functionality&quot;)">
                  </a> <!-- runScenario("User to poll without Login", "To Test DemoWebshop Community Poll Functionality") -->
                  <span class="method-name">runScenario</span>
                  <span class="parameters">("User to poll without Login","To Test DemoWebshop Community Poll Functionality")</span>
                  <div class="stack-trace">junit.framework.AssertionFailedError: Only registered users can vote.
	at junit.framework.Assert.fail(Assert.java:57)
	at junit.framework.Assert.assertTrue(Assert.java:22)
	at junit.framework.Assert.assertFalse(Assert.java:39)
	at Steps.CommunitypollStepdef.click_on_vote_button(CommunitypollStepdef.java:99)
	at ✽.Click on vote button(file:///C:/Users/Sai/eclipse-workspace/RLL/Demo_Web_Shop/src/test/java/Features/com_poll.feature:13)

</div> <!-- stack-trace -->
                  <em>
(Runs Cucumber Scenarios)                  </em>
                </div> <!-- method-content -->
              </div> <!-- method -->
              <div class="method">
                <div class="method-content">
                  <a name="runScenario(&quot;User to poll with login&quot;, &quot;To Test DemoWebshop Community Poll Functionality&quot;)">
                  </a> <!-- runScenario("User to poll with login", "To Test DemoWebshop Community Poll Functionality") -->
                  <span class="method-name">runScenario</span>
                  <span class="parameters">("User to poll with login","To Test DemoWebshop Community Poll Functionality")</span>
                  <div class="stack-trace">junit.framework.AssertionFailedError: 7321 vote(s)...
	at junit.framework.Assert.fail(Assert.java:57)
	at junit.framework.Assert.assertTrue(Assert.java:22)
	at junit.framework.Assert.assertFalse(Assert.java:39)
	at Steps.CommunitypollStepdef.user_select_one_option_from_poll_and_vote(CommunitypollStepdef.java:79)
	at ✽.User select one option from poll and vote(file:///C:/Users/Sai/eclipse-workspace/RLL/Demo_Web_Shop/src/test/java/Features/com_poll.feature:8)

</div> <!-- stack-trace -->
                  <em>
(Runs Cucumber Scenarios)                  </em>
                </div> <!-- method-content -->
              </div> <!-- method -->
            </div> <!-- main-panel-content rounded-window-bottom -->
          </div> <!-- suite-DemoWebShop_Suite-class-skipped -->
          <div class="suite-DemoWebShop_Suite-class-passed">
            <div class="main-panel-header rounded-window-top">
              <img src="passed.png"/>
              <span class="class-name">Runner.nls_testng_runner</span>
            </div> <!-- main-panel-header rounded-window-top -->
            <div class="main-panel-content rounded-window-bottom">
              <div class="method">
                <div class="method-content">
                  <a name="runScenario(&quot;Testing of News Letter Subscription Page&quot;, &quot;To Test DemoWebshop NewsLetter Subscription Functionali...)">
                  </a> <!-- runScenario("Testing of News Letter Subscription Page", "To Test DemoWebshop NewsLetter Subscription Functionali...) -->
                  <span class="method-name">runScenario</span>
                  <span class="parameters">("Testing of News Letter Subscription Page","To Test DemoWebshop NewsLetter Subscription Functionality")</span>
                  <em>
(Runs Cucumber Scenarios)                  </em>
                </div> <!-- method-content -->
              </div> <!-- method -->
              <div class="method">
                <div class="method-content">
                  <a name="runScenario(&quot;Testing of News Letter Subscription Page&quot;, &quot;To Test DemoWebshop NewsLetter Subscription Functionali...)">
                  </a> <!-- runScenario("Testing of News Letter Subscription Page", "To Test DemoWebshop NewsLetter Subscription Functionali...) -->
                  <span class="method-name">runScenario</span>
                  <span class="parameters">("Testing of News Letter Subscription Page","To Test DemoWebshop NewsLetter Subscription Functionality")</span>
                  <em>
(Runs Cucumber Scenarios)                  </em>
                </div> <!-- method-content -->
              </div> <!-- method -->
              <div class="method">
                <div class="method-content">
                  <a name="runScenario(&quot;Testing of News Letter Subscription Page&quot;, &quot;To Test DemoWebshop NewsLetter Subscription Functionali...)">
                  </a> <!-- runScenario("Testing of News Letter Subscription Page", "To Test DemoWebshop NewsLetter Subscription Functionali...) -->
                  <span class="method-name">runScenario</span>
                  <span class="parameters">("Testing of News Letter Subscription Page","To Test DemoWebshop NewsLetter Subscription Functionality")</span>
                  <em>
(Runs Cucumber Scenarios)                  </em>
                </div> <!-- method-content -->
              </div> <!-- method -->
            </div> <!-- main-panel-content rounded-window-bottom -->
          </div> <!-- suite-DemoWebShop_Suite-class-passed -->
          <div class="suite-DemoWebShop_Suite-class-passed">
            <div class="main-panel-header rounded-window-top">
              <img src="passed.png"/>
              <span class="class-name">Runner.addorremovefromcart_TestNgRunner</span>
            </div> <!-- main-panel-header rounded-window-top -->
            <div class="main-panel-content rounded-window-bottom">
              <div class="method">
                <div class="method-content">
                  <a name="runScenario(&quot;User adds the third book to the cart&quot;, &quot;To Test DemowebShop Add/Remove from cart functionality&quot;)">
                  </a> <!-- runScenario("User adds the third book to the cart", "To Test DemowebShop Add/Remove from cart functionality") -->
                  <span class="method-name">runScenario</span>
                  <span class="parameters">("User adds the third book to the cart","To Test DemowebShop Add/Remove from cart functionality")</span>
                  <em>
(Runs Cucumber Scenarios)                  </em>
                </div> <!-- method-content -->
              </div> <!-- method -->
              <div class="method">
                <div class="method-content">
                  <a name="runScenario(&quot;User adds and deletes products from the cart&quot;, &quot;To Test DemowebShop Add/Remove from cart functional...)">
                  </a> <!-- runScenario("User adds and deletes products from the cart", "To Test DemowebShop Add/Remove from cart functional...) -->
                  <span class="method-name">runScenario</span>
                  <span class="parameters">("User adds and deletes products from the cart","To Test DemowebShop Add/Remove from cart functionality")</span>
                  <em>
(Runs Cucumber Scenarios)                  </em>
                </div> <!-- method-content -->
              </div> <!-- method -->
            </div> <!-- main-panel-content rounded-window-bottom -->
          </div> <!-- suite-DemoWebShop_Suite-class-passed -->
          <div class="suite-DemoWebShop_Suite-class-passed">
            <div class="main-panel-header rounded-window-top">
              <img src="passed.png"/>
              <span class="class-name">Runner.addtowishlist_testng_runner</span>
            </div> <!-- main-panel-header rounded-window-top -->
            <div class="main-panel-content rounded-window-bottom">
              <div class="method">
                <div class="method-content">
                  <a name="runScenario(&quot;User can add and remove products from the wishlist&quot;, &quot;To Test DemoWebShop Wishlist Functionality&quot;)">
                  </a> <!-- runScenario("User can add and remove products from the wishlist", "To Test DemoWebShop Wishlist Functionality") -->
                  <span class="method-name">runScenario</span>
                  <span class="parameters">("User can add and remove products from the wishlist","To Test DemoWebShop Wishlist Functionality")</span>
                  <em>
(Runs Cucumber Scenarios)                  </em>
                </div> <!-- method-content -->
              </div> <!-- method -->
            </div> <!-- main-panel-content rounded-window-bottom -->
          </div> <!-- suite-DemoWebShop_Suite-class-passed -->
          <div class="suite-DemoWebShop_Suite-class-passed">
            <div class="main-panel-header rounded-window-top">
              <img src="passed.png"/>
              <span class="class-name">Runner.checkout_testng_runner</span>
            </div> <!-- main-panel-header rounded-window-top -->
            <div class="main-panel-content rounded-window-bottom">
              <div class="method">
                <div class="method-content">
                  <a name="runScenario(&quot;User completes the successful checkout using COD&quot;, &quot;To Test DemoWebshop Checkout Functionality&quot;)">
                  </a> <!-- runScenario("User completes the successful checkout using COD", "To Test DemoWebshop Checkout Functionality") -->
                  <span class="method-name">runScenario</span>
                  <span class="parameters">("User completes the successful checkout using COD","To Test DemoWebshop Checkout Functionality")</span>
                  <em>
(Runs Cucumber Scenarios)                  </em>
                </div> <!-- method-content -->
              </div> <!-- method -->
            </div> <!-- main-panel-content rounded-window-bottom -->
          </div> <!-- suite-DemoWebShop_Suite-class-passed -->
          <div class="suite-DemoWebShop_Suite-class-passed">
            <div class="main-panel-header rounded-window-top">
              <img src="passed.png"/>
              <span class="class-name">Runner.registration_testng_runner</span>
            </div> <!-- main-panel-header rounded-window-top -->
            <div class="main-panel-content rounded-window-bottom">
              <div class="method">
                <div class="method-content">
                  <a name="runScenario(&quot;Register user with different data&quot;, &quot;To Test the DemoWebShop Register functionality&quot;)">
                  </a> <!-- runScenario("Register user with different data", "To Test the DemoWebShop Register functionality") -->
                  <span class="method-name">runScenario</span>
                  <span class="parameters">("Register user with different data","To Test the DemoWebShop Register functionality")</span>
                  <em>
(Runs Cucumber Scenarios)                  </em>
                </div> <!-- method-content -->
              </div> <!-- method -->
            </div> <!-- main-panel-content rounded-window-bottom -->
          </div> <!-- suite-DemoWebShop_Suite-class-passed -->
          <div class="suite-DemoWebShop_Suite-class-passed">
            <div class="main-panel-header rounded-window-top">
              <img src="passed.png"/>
              <span class="class-name">Runner.login_testng_runner</span>
            </div> <!-- main-panel-header rounded-window-top -->
            <div class="main-panel-content rounded-window-bottom">
              <div class="method">
                <div class="method-content">
                  <a name="runScenario(&quot;User login with different credentials&quot;, &quot;To Test DemoWebShop Login functionality&quot;)">
                  </a> <!-- runScenario("User login with different credentials", "To Test DemoWebShop Login functionality") -->
                  <span class="method-name">runScenario</span>
                  <span class="parameters">("User login with different credentials","To Test DemoWebShop Login functionality")</span>
                  <em>
(Runs Cucumber Scenarios)                  </em>
                </div> <!-- method-content -->
              </div> <!-- method -->
            </div> <!-- main-panel-content rounded-window-bottom -->
          </div> <!-- suite-DemoWebShop_Suite-class-passed -->
          <div class="suite-DemoWebShop_Suite-class-passed">
            <div class="main-panel-header rounded-window-top">
              <img src="passed.png"/>
              <span class="class-name">Runner.search_testng_runner</span>
            </div> <!-- main-panel-header rounded-window-top -->
            <div class="main-panel-content rounded-window-bottom">
              <div class="method">
                <div class="method-content">
                  <a name="runScenario(&quot;Perform Search&quot;, &quot;To Test DemoWebshop Search Functionality&quot;)">
                  </a> <!-- runScenario("Perform Search", "To Test DemoWebshop Search Functionality") -->
                  <span class="method-name">runScenario</span>
                  <span class="parameters">("Perform Search","To Test DemoWebshop Search Functionality")</span>
                  <em>
(Runs Cucumber Scenarios)                  </em>
                </div> <!-- method-content -->
              </div> <!-- method -->
              <div class="method">
                <div class="method-content">
                  <a name="runScenario(&quot;Handle Pop-up&quot;, &quot;To Test DemoWebshop Search Functionality&quot;)">
                  </a> <!-- runScenario("Handle Pop-up", "To Test DemoWebshop Search Functionality") -->
                  <span class="method-name">runScenario</span>
                  <span class="parameters">("Handle Pop-up","To Test DemoWebshop Search Functionality")</span>
                  <em>
(Runs Cucumber Scenarios)                  </em>
                </div> <!-- method-content -->
              </div> <!-- method -->
            </div> <!-- main-panel-content rounded-window-bottom -->
          </div> <!-- suite-DemoWebShop_Suite-class-passed -->
          <div class="suite-DemoWebShop_Suite-class-passed">
            <div class="main-panel-header rounded-window-top">
              <img src="passed.png"/>
              <span class="class-name">Runner.com_poll_testng_runner</span>
            </div> <!-- main-panel-header rounded-window-top -->
            <div class="main-panel-content rounded-window-bottom">
              <div class="method">
                <div class="method-content">
                  <a name="runScenario(&quot;User to poll without selecting anything&quot;, &quot;To Test DemoWebshop Community Poll Functionality&quot;)">
                  </a> <!-- runScenario("User to poll without selecting anything", "To Test DemoWebshop Community Poll Functionality") -->
                  <span class="method-name">runScenario</span>
                  <span class="parameters">("User to poll without selecting anything","To Test DemoWebshop Community Poll Functionality")</span>
                  <em>
(Runs Cucumber Scenarios)                  </em>
                </div> <!-- method-content -->
              </div> <!-- method -->
            </div> <!-- main-panel-content rounded-window-bottom -->
          </div> <!-- suite-DemoWebShop_Suite-class-passed -->
        </div> <!-- panel DemoWebShop_Suite -->
        <div panel-name="test-xml-DemoWebShop_Suite" class="panel">
          <div class="main-panel-header rounded-window-top">
            <span class="header-content">C:\Users\Sai\eclipse-workspace\RLL\Demo_Web_Shop\src\test\resources\TestNgRunner.xml</span>
          </div> <!-- main-panel-header rounded-window-top -->
          <div class="main-panel-content rounded-window-bottom">
            <pre>
&lt;?xml version=&quot;1.0&quot; encoding=&quot;UTF-8&quot;?&gt;
&lt;!DOCTYPE suite SYSTEM &quot;https://testng.org/testng-1.0.dtd&quot;&gt;
&lt;suite name=&quot;DemoWebShop Suite&quot;&gt;
  &lt;listeners&gt;
    &lt;listener class-name=&quot;TestNGListeners.CucumberExtentReportListener&quot;/&gt;
    &lt;listener class-name=&quot;TestNGListeners.Transformer&quot;/&gt;
  &lt;/listeners&gt;
  &lt;test thread-count=&quot;5&quot; name=&quot;CucumberTest&quot;&gt;
    &lt;classes&gt;
      &lt;class name=&quot;Runner.registration_testng_runner&quot;/&gt;
      &lt;class name=&quot;Runner.login_testng_runner&quot;/&gt;
      &lt;class name=&quot;Runner.addorremovefromcart_TestNgRunner&quot;/&gt;
      &lt;class name=&quot;Runner.addtowishlist_testng_runner&quot;/&gt;
      &lt;class name=&quot;Runner.checkout_testng_runner&quot;/&gt;
      &lt;class name=&quot;Runner.search_testng_runner&quot;/&gt;
      &lt;class name=&quot;Runner.com_poll_testng_runner&quot;/&gt;
      &lt;class name=&quot;Runner.nls_testng_runner&quot;/&gt;
    &lt;/classes&gt;
  &lt;/test&gt; &lt;!-- CucumberTest --&gt;
&lt;/suite&gt; &lt;!-- DemoWebShop Suite --&gt;
            </pre>
          </div> <!-- main-panel-content rounded-window-bottom -->
        </div> <!-- panel -->
        <div panel-name="testlist-DemoWebShop_Suite" class="panel">
          <div class="main-panel-header rounded-window-top">
            <span class="header-content">Tests for DemoWebShop Suite</span>
          </div> <!-- main-panel-header rounded-window-top -->
          <div class="main-panel-content rounded-window-bottom">
            <ul>
              <li>
                <span class="test-name">CucumberTest (8 classes)</span>
              </li>
            </ul>
          </div> <!-- main-panel-content rounded-window-bottom -->
        </div> <!-- panel -->
        <div panel-name="group-DemoWebShop_Suite" class="panel">
          <div class="main-panel-header rounded-window-top">
            <span class="header-content">Groups for DemoWebShop Suite</span>
          </div> <!-- main-panel-header rounded-window-top -->
          <div class="main-panel-content rounded-window-bottom">
            <div class="test-group">
              <span class="test-group-name">cucumber</span>
              <br/>
              <div class="method-in-group">
                <span class="method-in-group-name">runScenario</span>
                <br/>
              </div> <!-- method-in-group -->
            </div> <!-- test-group -->
          </div> <!-- main-panel-content rounded-window-bottom -->
        </div> <!-- panel -->
        <div panel-name="times-DemoWebShop_Suite" class="panel">
          <div class="main-panel-header rounded-window-top">
            <span class="header-content">Times for DemoWebShop Suite</span>
          </div> <!-- main-panel-header rounded-window-top -->
          <div class="main-panel-content rounded-window-bottom">
            <div class="times-div">
              <script type="text/javascript">
suiteTableInitFunctions.push('tableData_DemoWebShop_Suite');
function tableData_DemoWebShop_Suite() {
var data = new google.visualization.DataTable();
data.addColumn('number', 'Number');
data.addColumn('string', 'Method');
data.addColumn('string', 'Class');
data.addColumn('number', 'Time (ms)');
data.addRows(58);
data.setCell(0, 0, 0)
data.setCell(0, 1, 'runScenario')
data.setCell(0, 2, 'Runner.checkout_testng_runner')
data.setCell(0, 3, 71321);
data.setCell(1, 0, 1)
data.setCell(1, 1, 'runScenario')
data.setCell(1, 2, 'Runner.checkout_testng_runner')
data.setCell(1, 3, 70684);
data.setCell(2, 0, 2)
data.setCell(2, 1, 'runScenario')
data.setCell(2, 2, 'Runner.checkout_testng_runner')
data.setCell(2, 3, 69611);
data.setCell(3, 0, 3)
data.setCell(3, 1, 'runScenario')
data.setCell(3, 2, 'Runner.checkout_testng_runner')
data.setCell(3, 3, 67818);
data.setCell(4, 0, 4)
data.setCell(4, 1, 'runScenario')
data.setCell(4, 2, 'Runner.nls_testng_runner')
data.setCell(4, 3, 49529);
data.setCell(5, 0, 5)
data.setCell(5, 1, 'runScenario')
data.setCell(5, 2, 'Runner.nls_testng_runner')
data.setCell(5, 3, 47696);
data.setCell(6, 0, 6)
data.setCell(6, 1, 'runScenario')
data.setCell(6, 2, 'Runner.nls_testng_runner')
data.setCell(6, 3, 45684);
data.setCell(7, 0, 7)
data.setCell(7, 1, 'runScenario')
data.setCell(7, 2, 'Runner.nls_testng_runner')
data.setCell(7, 3, 43737);
data.setCell(8, 0, 8)
data.setCell(8, 1, 'runScenario')
data.setCell(8, 2, 'Runner.nls_testng_runner')
data.setCell(8, 3, 43698);
data.setCell(9, 0, 9)
data.setCell(9, 1, 'runScenario')
data.setCell(9, 2, 'Runner.nls_testng_runner')
data.setCell(9, 3, 43585);
data.setCell(10, 0, 10)
data.setCell(10, 1, 'runScenario')
data.setCell(10, 2, 'Runner.nls_testng_runner')
data.setCell(10, 3, 43494);
data.setCell(11, 0, 11)
data.setCell(11, 1, 'runScenario')
data.setCell(11, 2, 'Runner.nls_testng_runner')
data.setCell(11, 3, 42780);
data.setCell(12, 0, 12)
data.setCell(12, 1, 'runScenario')
data.setCell(12, 2, 'Runner.nls_testng_runner')
data.setCell(12, 3, 42447);
data.setCell(13, 0, 13)
data.setCell(13, 1, 'runScenario')
data.setCell(13, 2, 'Runner.nls_testng_runner')
data.setCell(13, 3, 42094);
data.setCell(14, 0, 14)
data.setCell(14, 1, 'runScenario')
data.setCell(14, 2, 'Runner.search_testng_runner')
data.setCell(14, 3, 41328);
data.setCell(15, 0, 15)
data.setCell(15, 1, 'runScenario')
data.setCell(15, 2, 'Runner.nls_testng_runner')
data.setCell(15, 3, 40876);
data.setCell(16, 0, 16)
data.setCell(16, 1, 'runScenario')
data.setCell(16, 2, 'Runner.addorremovefromcart_TestNgRunner')
data.setCell(16, 3, 39417);
data.setCell(17, 0, 17)
data.setCell(17, 1, 'runScenario')
data.setCell(17, 2, 'Runner.addorremovefromcart_TestNgRunner')
data.setCell(17, 3, 33954);
data.setCell(18, 0, 18)
data.setCell(18, 1, 'runScenario')
data.setCell(18, 2, 'Runner.addorremovefromcart_TestNgRunner')
data.setCell(18, 3, 33553);
data.setCell(19, 0, 19)
data.setCell(19, 1, 'runScenario')
data.setCell(19, 2, 'Runner.addtowishlist_testng_runner')
data.setCell(19, 3, 31986);
data.setCell(20, 0, 20)
data.setCell(20, 1, 'runScenario')
data.setCell(20, 2, 'Runner.login_testng_runner')
data.setCell(20, 3, 29254);
data.setCell(21, 0, 21)
data.setCell(21, 1, 'runScenario')
data.setCell(21, 2, 'Runner.addorremovefromcart_TestNgRunner')
data.setCell(21, 3, 28809);
data.setCell(22, 0, 22)
data.setCell(22, 1, 'runScenario')
data.setCell(22, 2, 'Runner.login_testng_runner')
data.setCell(22, 3, 28121);
data.setCell(23, 0, 23)
data.setCell(23, 1, 'runScenario')
data.setCell(23, 2, 'Runner.login_testng_runner')
data.setCell(23, 3, 28038);
data.setCell(24, 0, 24)
data.setCell(24, 1, 'runScenario')
data.setCell(24, 2, 'Runner.login_testng_runner')
data.setCell(24, 3, 27625);
data.setCell(25, 0, 25)
data.setCell(25, 1, 'runScenario')
data.setCell(25, 2, 'Runner.login_testng_runner')
data.setCell(25, 3, 27409);
data.setCell(26, 0, 26)
data.setCell(26, 1, 'runScenario')
data.setCell(26, 2, 'Runner.login_testng_runner')
data.setCell(26, 3, 27403);
data.setCell(27, 0, 27)
data.setCell(27, 1, 'runScenario')
data.setCell(27, 2, 'Runner.login_testng_runner')
data.setCell(27, 3, 27234);
data.setCell(28, 0, 28)
data.setCell(28, 1, 'runScenario')
data.setCell(28, 2, 'Runner.login_testng_runner')
data.setCell(28, 3, 27213);
data.setCell(29, 0, 29)
data.setCell(29, 1, 'runScenario')
data.setCell(29, 2, 'Runner.registration_testng_runner')
data.setCell(29, 3, 27126);
data.setCell(30, 0, 30)
data.setCell(30, 1, 'runScenario')
data.setCell(30, 2, 'Runner.login_testng_runner')
data.setCell(30, 3, 26314);
data.setCell(31, 0, 31)
data.setCell(31, 1, 'runScenario')
data.setCell(31, 2, 'Runner.login_testng_runner')
data.setCell(31, 3, 25333);
data.setCell(32, 0, 32)
data.setCell(32, 1, 'runScenario')
data.setCell(32, 2, 'Runner.login_testng_runner')
data.setCell(32, 3, 25218);
data.setCell(33, 0, 33)
data.setCell(33, 1, 'runScenario')
data.setCell(33, 2, 'Runner.login_testng_runner')
data.setCell(33, 3, 25015);
data.setCell(34, 0, 34)
data.setCell(34, 1, 'runScenario')
data.setCell(34, 2, 'Runner.login_testng_runner')
data.setCell(34, 3, 24827);
data.setCell(35, 0, 35)
data.setCell(35, 1, 'runScenario')
data.setCell(35, 2, 'Runner.addorremovefromcart_TestNgRunner')
data.setCell(35, 3, 22395);
data.setCell(36, 0, 36)
data.setCell(36, 1, 'runScenario')
data.setCell(36, 2, 'Runner.search_testng_runner')
data.setCell(36, 3, 22019);
data.setCell(37, 0, 37)
data.setCell(37, 1, 'runScenario')
data.setCell(37, 2, 'Runner.registration_testng_runner')
data.setCell(37, 3, 19696);
data.setCell(38, 0, 38)
data.setCell(38, 1, 'runScenario')
data.setCell(38, 2, 'Runner.com_poll_testng_runner')
data.setCell(38, 3, 19659);
data.setCell(39, 0, 39)
data.setCell(39, 1, 'runScenario')
data.setCell(39, 2, 'Runner.registration_testng_runner')
data.setCell(39, 3, 19582);
data.setCell(40, 0, 40)
data.setCell(40, 1, 'runScenario')
data.setCell(40, 2, 'Runner.registration_testng_runner')
data.setCell(40, 3, 19518);
data.setCell(41, 0, 41)
data.setCell(41, 1, 'runScenario')
data.setCell(41, 2, 'Runner.registration_testng_runner')
data.setCell(41, 3, 19124);
data.setCell(42, 0, 42)
data.setCell(42, 1, 'runScenario')
data.setCell(42, 2, 'Runner.com_poll_testng_runner')
data.setCell(42, 3, 19034);
data.setCell(43, 0, 43)
data.setCell(43, 1, 'runScenario')
data.setCell(43, 2, 'Runner.registration_testng_runner')
data.setCell(43, 3, 18993);
data.setCell(44, 0, 44)
data.setCell(44, 1, 'runScenario')
data.setCell(44, 2, 'Runner.com_poll_testng_runner')
data.setCell(44, 3, 18882);
data.setCell(45, 0, 45)
data.setCell(45, 1, 'runScenario')
data.setCell(45, 2, 'Runner.registration_testng_runner')
data.setCell(45, 3, 18791);
data.setCell(46, 0, 46)
data.setCell(46, 1, 'runScenario')
data.setCell(46, 2, 'Runner.com_poll_testng_runner')
data.setCell(46, 3, 18706);
data.setCell(47, 0, 47)
data.setCell(47, 1, 'runScenario')
data.setCell(47, 2, 'Runner.registration_testng_runner')
data.setCell(47, 3, 18691);
data.setCell(48, 0, 48)
data.setCell(48, 1, 'runScenario')
data.setCell(48, 2, 'Runner.com_poll_testng_runner')
data.setCell(48, 3, 18638);
data.setCell(49, 0, 49)
data.setCell(49, 1, 'runScenario')
data.setCell(49, 2, 'Runner.registration_testng_runner')
data.setCell(49, 3, 18605);
data.setCell(50, 0, 50)
data.setCell(50, 1, 'runScenario')
data.setCell(50, 2, 'Runner.com_poll_testng_runner')
data.setCell(50, 3, 18575);
data.setCell(51, 0, 51)
data.setCell(51, 1, 'runScenario')
data.setCell(51, 2, 'Runner.registration_testng_runner')
data.setCell(51, 3, 18370);
data.setCell(52, 0, 52)
data.setCell(52, 1, 'runScenario')
data.setCell(52, 2, 'Runner.registration_testng_runner')
data.setCell(52, 3, 18296);
data.setCell(53, 0, 53)
data.setCell(53, 1, 'runScenario')
data.setCell(53, 2, 'Runner.registration_testng_runner')
data.setCell(53, 3, 18018);
data.setCell(54, 0, 54)
data.setCell(54, 1, 'runScenario')
data.setCell(54, 2, 'Runner.registration_testng_runner')
data.setCell(54, 3, 17946);
data.setCell(55, 0, 55)
data.setCell(55, 1, 'runScenario')
data.setCell(55, 2, 'Runner.nls_testng_runner')
data.setCell(55, 3, 17624);
data.setCell(56, 0, 56)
data.setCell(56, 1, 'runScenario')
data.setCell(56, 2, 'Runner.com_poll_testng_runner')
data.setCell(56, 3, 16414);
data.setCell(57, 0, 57)
data.setCell(57, 1, 'runScenario')
data.setCell(57, 2, 'Runner.nls_testng_runner')
data.setCell(57, 3, 14558);
window.suiteTableData['DemoWebShop_Suite']= { tableData: data, tableDiv: 'times-div-DemoWebShop_Suite'}
return data;
}
              </script>
              <span class="suite-total-time">Total running time: 29 minutes</span>
              <div id="times-div-DemoWebShop_Suite">
              </div> <!-- times-div-DemoWebShop_Suite -->
            </div> <!-- times-div -->
          </div> <!-- main-panel-content rounded-window-bottom -->
        </div> <!-- panel -->
        <div panel-name="reporter-DemoWebShop_Suite" class="panel">
          <div class="main-panel-header rounded-window-top">
            <span class="header-content">Reporter output for DemoWebShop Suite</span>
          </div> <!-- main-panel-header rounded-window-top -->
          <div class="main-panel-content rounded-window-bottom">
          </div> <!-- main-panel-content rounded-window-bottom -->
        </div> <!-- panel -->
        <div panel-name="ignored-methods-DemoWebShop_Suite" class="panel">
          <div class="main-panel-header rounded-window-top">
            <span class="header-content">0 ignored methods</span>
          </div> <!-- main-panel-header rounded-window-top -->
          <div class="main-panel-content rounded-window-bottom">
          </div> <!-- main-panel-content rounded-window-bottom -->
        </div> <!-- panel -->
        <div panel-name="chronological-DemoWebShop_Suite" class="panel">
          <div class="main-panel-header rounded-window-top">
            <span class="header-content">Methods in chronological order</span>
          </div> <!-- main-panel-header rounded-window-top -->
          <div class="main-panel-content rounded-window-bottom">
            <div class="chronological-class">
              <div class="chronological-class-name">Runner.registration_testng_runner</div> <!-- chronological-class-name -->
              <div class="configuration-class before">
                <span class="method-name">setUpClass(org.testng.TestRunner@7bbc120e)</span>
                <span class="method-start">0 ms</span>
              </div> <!-- configuration-class before -->
              <div class="test-method">
                <span class="method-name">runScenario("Register user with different data", "To Test the DemoWebShop Register functionality")</span>
                <span class="method-start">3588 ms</span>
              </div> <!-- test-method -->
              <div class="test-method">
                <span class="method-name">runScenario("Register user with different data", "To Test the DemoWebShop Register functionality")</span>
                <span class="method-start">30727 ms</span>
              </div> <!-- test-method -->
              <div class="test-method">
                <img src="failed.png">
                </img>
                <span class="method-name">runScenario("Register user with different data", "To Test the DemoWebShop Register functionality")</span>
                <span class="method-start">50427 ms</span>
              </div> <!-- test-method -->
              <div class="test-method">
                <span class="method-name">runScenario("Register user with different data", "To Test the DemoWebShop Register functionality")</span>
                <span class="method-start">68729 ms</span>
              </div> <!-- test-method -->
              <div class="test-method">
                <span class="method-name">runScenario("Register user with different data", "To Test the DemoWebShop Register functionality")</span>
                <span class="method-start">87525 ms</span>
              </div> <!-- test-method -->
              <div class="test-method">
                <img src="failed.png">
                </img>
                <span class="method-name">runScenario("Register user with different data", "To Test the DemoWebShop Register functionality")</span>
                <span class="method-start">106528 ms</span>
              </div> <!-- test-method -->
              <div class="test-method">
                <span class="method-name">runScenario("Register user with different data", "To Test the DemoWebShop Register functionality")</span>
                <span class="method-start">126050 ms</span>
              </div> <!-- test-method -->
              <div class="test-method">
                <span class="method-name">runScenario("Register user with different data", "To Test the DemoWebShop Register functionality")</span>
                <span class="method-start">144004 ms</span>
              </div> <!-- test-method -->
              <div class="test-method">
                <img src="failed.png">
                </img>
                <span class="method-name">runScenario("Register user with different data", "To Test the DemoWebShop Register functionality")</span>
                <span class="method-start">162027 ms</span>
              </div> <!-- test-method -->
              <div class="test-method">
                <span class="method-name">runScenario("Register user with different data", "To Test the DemoWebShop Register functionality")</span>
                <span class="method-start">180637 ms</span>
              </div> <!-- test-method -->
              <div class="test-method">
                <span class="method-name">runScenario("Register user with different data", "To Test the DemoWebShop Register functionality")</span>
                <span class="method-start">199009 ms</span>
              </div> <!-- test-method -->
              <div class="test-method">
                <span class="method-name">runScenario("Register user with different data", "To Test the DemoWebShop Register functionality")</span>
                <span class="method-start">218599 ms</span>
              </div> <!-- test-method -->
              <div class="test-method">
                <img src="failed.png">
                </img>
                <span class="method-name">runScenario("Register user with different data", "To Test the DemoWebShop Register functionality")</span>
                <span class="method-start">237727 ms</span>
              </div> <!-- test-method -->
              <div class="configuration-class after">
                <span class="method-name">tearDownClass</span>
                <span class="method-start">256422 ms</span>
              </div> <!-- configuration-class after -->
            </div> <!-- chronological-class -->
            <div class="chronological-class">
              <div class="chronological-class-name">Runner.login_testng_runner</div> <!-- chronological-class-name -->
              <div class="configuration-class before">
                <span class="method-name">setUpClass(org.testng.TestRunner@7bbc120e)</span>
                <span class="method-start">259469 ms</span>
              </div> <!-- configuration-class before -->
              <div class="test-method">
                <span class="method-name">runScenario("User login with different credentials", "To Test DemoWebShop Login functionality")</span>
                <span class="method-start">259538 ms</span>
              </div> <!-- test-method -->
              <div class="test-method">
                <span class="method-name">runScenario("User login with different credentials", "To Test DemoWebShop Login functionality")</span>
                <span class="method-start">286778 ms</span>
              </div> <!-- test-method -->
              <div class="test-method">
                <span class="method-name">runScenario("User login with different credentials", "To Test DemoWebShop Login functionality")</span>
                <span class="method-start">314826 ms</span>
              </div> <!-- test-method -->
              <div class="test-method">
                <img src="failed.png">
                </img>
                <span class="method-name">runScenario("User login with different credentials", "To Test DemoWebShop Login functionality")</span>
                <span class="method-start">342043 ms</span>
              </div> <!-- test-method -->
              <div class="test-method">
                <span class="method-name">runScenario("User login with different credentials", "To Test DemoWebShop Login functionality")</span>
                <span class="method-start">370167 ms</span>
              </div> <!-- test-method -->
              <div class="test-method">
                <span class="method-name">runScenario("User login with different credentials", "To Test DemoWebShop Login functionality")</span>
                <span class="method-start">397579 ms</span>
              </div> <!-- test-method -->
              <div class="test-method">
                <img src="failed.png">
                </img>
                <span class="method-name">runScenario("User login with different credentials", "To Test DemoWebShop Login functionality")</span>
                <span class="method-start">422922 ms</span>
              </div> <!-- test-method -->
              <div class="test-method">
                <span class="method-name">runScenario("User login with different credentials", "To Test DemoWebShop Login functionality")</span>
                <span class="method-start">449238 ms</span>
              </div> <!-- test-method -->
              <div class="test-method">
                <span class="method-name">runScenario("User login with different credentials", "To Test DemoWebShop Login functionality")</span>
                <span class="method-start">474459 ms</span>
              </div> <!-- test-method -->
              <div class="test-method">
                <img src="failed.png">
                </img>
                <span class="method-name">runScenario("User login with different credentials", "To Test DemoWebShop Login functionality")</span>
                <span class="method-start">502089 ms</span>
              </div> <!-- test-method -->
              <div class="test-method">
                <span class="method-name">runScenario("User login with different credentials", "To Test DemoWebShop Login functionality")</span>
                <span class="method-start">527107 ms</span>
              </div> <!-- test-method -->
              <div class="test-method">
                <span class="method-name">runScenario("User login with different credentials", "To Test DemoWebShop Login functionality")</span>
                <span class="method-start">554515 ms</span>
              </div> <!-- test-method -->
              <div class="test-method">
                <img src="failed.png">
                </img>
                <span class="method-name">runScenario("User login with different credentials", "To Test DemoWebShop Login functionality")</span>
                <span class="method-start">579346 ms</span>
              </div> <!-- test-method -->
              <div class="configuration-class after">
                <span class="method-name">tearDownClass</span>
                <span class="method-start">608603 ms</span>
              </div> <!-- configuration-class after -->
            </div> <!-- chronological-class -->
            <div class="chronological-class">
              <div class="chronological-class-name">Runner.addorremovefromcart_TestNgRunner</div> <!-- chronological-class-name -->
              <div class="configuration-class before">
                <span class="method-name">setUpClass(org.testng.TestRunner@7bbc120e)</span>
                <span class="method-start">608939 ms</span>
              </div> <!-- configuration-class before -->
              <div class="test-method">
                <span class="method-name">runScenario("User confirms all books with "AddToCart" button", "To Test DemowebShop Add/Remove from cart functio...)</span>
                <span class="method-start">609065 ms</span>
              </div> <!-- test-method -->
              <div class="test-method">
                <span class="method-name">runScenario("User confirms all books with "AddToCart" button", "To Test DemowebShop Add/Remove from cart functio...)</span>
                <span class="method-start">648485 ms</span>
              </div> <!-- test-method -->
              <div class="test-method">
                <img src="failed.png">
                </img>
                <span class="method-name">runScenario("User confirms all books with "AddToCart" button", "To Test DemowebShop Add/Remove from cart functio...)</span>
                <span class="method-start">682444 ms</span>
              </div> <!-- test-method -->
              <div class="test-method">
                <span class="method-name">runScenario("User adds the third book to the cart", "To Test DemowebShop Add/Remove from cart functionality")</span>
                <span class="method-start">704841 ms</span>
              </div> <!-- test-method -->
              <div class="test-method">
                <span class="method-name">runScenario("User adds and deletes products from the cart", "To Test DemowebShop Add/Remove from cart functional...)</span>
                <span class="method-start">733653 ms</span>
              </div> <!-- test-method -->
              <div class="configuration-class after">
                <span class="method-name">tearDownClass</span>
                <span class="method-start">767209 ms</span>
              </div> <!-- configuration-class after -->
            </div> <!-- chronological-class -->
            <div class="chronological-class">
              <div class="chronological-class-name">Runner.addtowishlist_testng_runner</div> <!-- chronological-class-name -->
              <div class="configuration-class before">
                <span class="method-name">setUpClass(org.testng.TestRunner@7bbc120e)</span>
                <span class="method-start">767471 ms</span>
              </div> <!-- configuration-class before -->
              <div class="test-method">
                <span class="method-name">runScenario("User can add and remove products from the wishlist", "To Test DemoWebShop Wishlist Functionality")</span>
                <span class="method-start">767524 ms</span>
              </div> <!-- test-method -->
              <div class="configuration-class after">
                <span class="method-name">tearDownClass</span>
                <span class="method-start">799518 ms</span>
              </div> <!-- configuration-class after -->
            </div> <!-- chronological-class -->
            <div class="chronological-class">
              <div class="chronological-class-name">Runner.checkout_testng_runner</div> <!-- chronological-class-name -->
              <div class="configuration-class before">
                <span class="method-name">setUpClass(org.testng.TestRunner@7bbc120e)</span>
                <span class="method-start">799738 ms</span>
              </div> <!-- configuration-class before -->
              <div class="test-method">
                <span class="method-name">runScenario("User completes the successful checkout using COD", "To Test DemoWebshop Checkout Functionality")</span>
                <span class="method-start">799792 ms</span>
              </div> <!-- test-method -->
              <div class="test-method">
                <span class="method-name">runScenario("User completes the successful checkout using CARD", "To Test DemoWebshop Checkout Functionality")</span>
                <span class="method-start">867614 ms</span>
              </div> <!-- test-method -->
              <div class="test-method">
                <span class="method-name">runScenario("User completes the successful checkout using CARD", "To Test DemoWebshop Checkout Functionality")</span>
                <span class="method-start">938937 ms</span>
              </div> <!-- test-method -->
              <div class="test-method">
                <img src="failed.png">
                </img>
                <span class="method-name">runScenario("User completes the successful checkout using CARD", "To Test DemoWebshop Checkout Functionality")</span>
                <span class="method-start">1009626 ms</span>
              </div> <!-- test-method -->
              <div class="configuration-class after">
                <span class="method-name">tearDownClass</span>
                <span class="method-start">1079239 ms</span>
              </div> <!-- configuration-class after -->
            </div> <!-- chronological-class -->
            <div class="chronological-class">
              <div class="chronological-class-name">Runner.search_testng_runner</div> <!-- chronological-class-name -->
              <div class="configuration-class before">
                <span class="method-name">setUpClass(org.testng.TestRunner@7bbc120e)</span>
                <span class="method-start">1079465 ms</span>
              </div> <!-- configuration-class before -->
              <div class="test-method">
                <span class="method-name">runScenario("Handle Pop-up", "To Test DemoWebshop Search Functionality")</span>
                <span class="method-start">1079515 ms</span>
              </div> <!-- test-method -->
              <div class="test-method">
                <span class="method-name">runScenario("Perform Search", "To Test DemoWebshop Search Functionality")</span>
                <span class="method-start">1101537 ms</span>
              </div> <!-- test-method -->
              <div class="configuration-class after">
                <span class="method-name">tearDownClass</span>
                <span class="method-start">1142866 ms</span>
              </div> <!-- configuration-class after -->
            </div> <!-- chronological-class -->
            <div class="chronological-class">
              <div class="chronological-class-name">Runner.com_poll_testng_runner</div> <!-- chronological-class-name -->
              <div class="configuration-class before">
                <span class="method-name">setUpClass(org.testng.TestRunner@7bbc120e)</span>
                <span class="method-start">1142927 ms</span>
              </div> <!-- configuration-class before -->
              <div class="test-method">
                <span class="method-name">runScenario("User to poll with login", "To Test DemoWebshop Community Poll Functionality")</span>
                <span class="method-start">1142994 ms</span>
              </div> <!-- test-method -->
              <div class="test-method">
                <span class="method-name">runScenario("User to poll with login", "To Test DemoWebshop Community Poll Functionality")</span>
                <span class="method-start">1162658 ms</span>
              </div> <!-- test-method -->
              <div class="test-method">
                <img src="failed.png">
                </img>
                <span class="method-name">runScenario("User to poll with login", "To Test DemoWebshop Community Poll Functionality")</span>
                <span class="method-start">1181543 ms</span>
              </div> <!-- test-method -->
              <div class="test-method">
                <span class="method-name">runScenario("User to poll without Login", "To Test DemoWebshop Community Poll Functionality")</span>
                <span class="method-start">1200122 ms</span>
              </div> <!-- test-method -->
              <div class="test-method">
                <span class="method-name">runScenario("User to poll without Login", "To Test DemoWebshop Community Poll Functionality")</span>
                <span class="method-start">1219160 ms</span>
              </div> <!-- test-method -->
              <div class="test-method">
                <img src="failed.png">
                </img>
                <span class="method-name">runScenario("User to poll without Login", "To Test DemoWebshop Community Poll Functionality")</span>
                <span class="method-start">1237869 ms</span>
              </div> <!-- test-method -->
              <div class="test-method">
                <span class="method-name">runScenario("User to poll without selecting anything", "To Test DemoWebshop Community Poll Functionality")</span>
                <span class="method-start">1256510 ms</span>
              </div> <!-- test-method -->
              <div class="configuration-class after">
                <span class="method-name">tearDownClass</span>
                <span class="method-start">1272931 ms</span>
              </div> <!-- configuration-class after -->
            </div> <!-- chronological-class -->
            <div class="chronological-class">
              <div class="chronological-class-name">Runner.nls_testng_runner</div> <!-- chronological-class-name -->
              <div class="configuration-class before">
                <span class="method-name">setUpClass(org.testng.TestRunner@7bbc120e)</span>
                <span class="method-start">1273142 ms</span>
              </div> <!-- configuration-class before -->
              <div class="test-method">
                <span class="method-name">runScenario("Testing of News Letter Subscription Page", "To Test DemoWebshop NewsLetter Subscription Functionali...)</span>
                <span class="method-start">1273262 ms</span>
              </div> <!-- test-method -->
              <div class="test-method">
                <span class="method-name">runScenario("Testing of News Letter Subscription Page", "To Test DemoWebshop NewsLetter Subscription Functionali...)</span>
                <span class="method-start">1320960 ms</span>
              </div> <!-- test-method -->
              <div class="test-method">
                <span class="method-name">runScenario("Testing of News Letter Subscription Page", "To Test DemoWebshop NewsLetter Subscription Functionali...)</span>
                <span class="method-start">1364701 ms</span>
              </div> <!-- test-method -->
              <div class="test-method">
                <img src="failed.png">
                </img>
                <span class="method-name">runScenario("Testing of News Letter Subscription Page", "To Test DemoWebshop NewsLetter Subscription Functionali...)</span>
                <span class="method-start">1414264 ms</span>
              </div> <!-- test-method -->
              <div class="test-method">
                <span class="method-name">runScenario("Testing of News Letter Subscription Page", "To Test DemoWebshop NewsLetter Subscription Functionali...)</span>
                <span class="method-start">1431890 ms</span>
              </div> <!-- test-method -->
              <div class="test-method">
                <span class="method-name">runScenario("Testing of News Letter Subscription Page", "To Test DemoWebshop NewsLetter Subscription Functionali...)</span>
                <span class="method-start">1477577 ms</span>
              </div> <!-- test-method -->
              <div class="test-method">
                <img src="failed.png">
                </img>
                <span class="method-name">runScenario("Testing of News Letter Subscription Page", "To Test DemoWebshop NewsLetter Subscription Functionali...)</span>
                <span class="method-start">1521074 ms</span>
              </div> <!-- test-method -->
              <div class="test-method">
                <span class="method-name">runScenario("Testing of News Letter Subscription Page", "To Test DemoWebshop NewsLetter Subscription Functionali...)</span>
                <span class="method-start">1563524 ms</span>
              </div> <!-- test-method -->
              <div class="test-method">
                <span class="method-name">runScenario("Testing of News Letter Subscription Page", "To Test DemoWebshop NewsLetter Subscription Functionali...)</span>
                <span class="method-start">1604401 ms</span>
              </div> <!-- test-method -->
              <div class="test-method">
                <span class="method-name">runScenario("Testing of News Letter Subscription Page", "To Test DemoWebshop NewsLetter Subscription Functionali...)</span>
                <span class="method-start">1647186 ms</span>
              </div> <!-- test-method -->
              <div class="test-method">
                <span class="method-name">runScenario("Testing of News Letter Subscription Page", "To Test DemoWebshop NewsLetter Subscription Functionali...)</span>
                <span class="method-start">1690886 ms</span>
              </div> <!-- test-method -->
              <div class="test-method">
                <span class="method-name">runScenario("Testing of News Letter Subscription Page", "To Test DemoWebshop NewsLetter Subscription Functionali...)</span>
                <span class="method-start">1734474 ms</span>
              </div> <!-- test-method -->
              <div class="test-method">
                <img src="failed.png">
                </img>
                <span class="method-name">runScenario("Testing of News Letter Subscription Page", "To Test DemoWebshop NewsLetter Subscription Functionali...)</span>
                <span class="method-start">1749034 ms</span>
              </div> <!-- test-method -->
              <div class="configuration-class after">
                <span class="method-name">tearDownClass</span>
                <span class="method-start">1791130 ms</span>
              </div> <!-- configuration-class after -->
          </div> <!-- main-panel-content rounded-window-bottom -->
        </div> <!-- panel -->
      </div> <!-- main-panel-root -->
    </div> <!-- wrapper -->
  </body>
<script type="text/javascript" src="testng-reports2.js"></script>
</html>
