<?xml version="1.0" encoding="UTF-8"?>
<!-- Generated by org.testng.reporters.JUnitReportReporter -->
<testsuite hostname="DESKTOP-3KOP925" failures="2" tests="7" name="Runner.com_poll_testng_runner" time="129.908" errors="0" timestamp="2024-01-23T10:35:32 IST" skipped="4">
  <testcase classname="Runner.com_poll_testng_runner" name="runScenario" time="19.034">
    <skipped/>
  </testcase> <!-- runScenario -->
  <system-out/>
  <testcase classname="Runner.com_poll_testng_runner" name="runScenario" time="19.659">
    <skipped/>
  </testcase> <!-- runScenario -->
  <system-out/>
  <testcase classname="Runner.com_poll_testng_runner" name="runScenario" time="18.638">
    <failure message="Only registered users can vote." type="junit.framework.AssertionFailedError">
      <![CDATA[junit.framework.AssertionFailedError: Only registered users can vote.
at junit.framework.Assert.fail(Assert.java:57)
at junit.framework.Assert.assertTrue(Assert.java:22)
at junit.framework.Assert.assertFalse(Assert.java:39)
at Steps.CommunitypollStepdef.click_on_vote_button(CommunitypollStepdef.java:99)
at ✽.Click on vote button(file:///C:/Users/Sai/eclipse-workspace/RLL/Demo_Web_Shop/src/test/java/Features/com_poll.feature:13)
]]>
    </failure>
  </testcase> <!-- runScenario -->
  <system-out/>
  <testcase classname="Runner.com_poll_testng_runner" name="runScenario" time="18.575">
    <failure message="7321 vote(s)..." type="junit.framework.AssertionFailedError">
      <![CDATA[junit.framework.AssertionFailedError: 7321 vote(s)...
at junit.framework.Assert.fail(Assert.java:57)
at junit.framework.Assert.assertTrue(Assert.java:22)
at junit.framework.Assert.assertFalse(Assert.java:39)
at Steps.CommunitypollStepdef.user_select_one_option_from_poll_and_vote(CommunitypollStepdef.java:79)
at ✽.User select one option from poll and vote(file:///C:/Users/Sai/eclipse-workspace/RLL/Demo_Web_Shop/src/test/java/Features/com_poll.feature:8)
]]>
    </failure>
  </testcase> <!-- runScenario -->
  <system-out/>
  <testcase classname="Runner.com_poll_testng_runner" name="runScenario" time="18.706">
    <skipped/>
  </testcase> <!-- runScenario -->
  <system-out/>
  <testcase classname="Runner.com_poll_testng_runner" name="runScenario" time="16.414"/>
  <system-out/>
  <testcase classname="Runner.com_poll_testng_runner" name="runScenario" time="18.882">
    <skipped/>
  </testcase> <!-- runScenario -->
  <system-out/>
</testsuite> <!-- Runner.com_poll_testng_runner -->
